<?xml version="1.0" encoding="UTF-8" ?>
<testsuites>
 <testsuite name="node_modules\wk-ots-domain-ca\entities\alert\crud.spec.js" timestamp="2016-12-09T16:10:58" hostname="localhost" time="4.791" errors="0" tests="0" skipped="0" disabled="0" failures="0">
 </testsuite>
 <testsuite name="node_modules\wk-ots-domain-ca\entities\alert\crud.spec.js.osa.ca.service.alerts" timestamp="2016-12-09T16:10:58" hostname="localhost" time="4.79" errors="0" tests="0" skipped="0" disabled="0" failures="0">
 </testsuite>
 <testsuite name="node_modules\wk-ots-domain-ca\entities\alert\crud.spec.js.osa.ca.service.alerts.crud" timestamp="2016-12-09T16:10:58" hostname="localhost" time="4.79" errors="0" tests="4" skipped="0" disabled="0" failures="0">
  <testcase classname="node_modules\wk-ots-domain-ca\entities\alert\crud.spec.js.osa.ca.service.alerts.crud" name=".add()" time="1.414" />
  <testcase classname="node_modules\wk-ots-domain-ca\entities\alert\crud.spec.js.osa.ca.service.alerts.crud" name=".many()" time="1.077" />
  <testcase classname="node_modules\wk-ots-domain-ca\entities\alert\crud.spec.js.osa.ca.service.alerts.crud" name=".one()" time="1.098" />
  <testcase classname="node_modules\wk-ots-domain-ca\entities\alert\crud.spec.js.osa.ca.service.alerts.crud" name=".remove()" time="1.198" />
 </testsuite>
 <testsuite name="node_modules\wk-ots-domain-ca\entities\alertDeliveryConfiguration\crud.spec.js" timestamp="2016-12-09T16:11:02" hostname="localhost" time="4.363" errors="0" tests="0" skipped="0" disabled="0" failures="0">
 </testsuite>
 <testsuite name="node_modules\wk-ots-domain-ca\entities\alertDeliveryConfiguration\crud.spec.js.osa.ca.service.alertDeliveryConfigurations" timestamp="2016-12-09T16:11:02" hostname="localhost" time="4.363" errors="0" tests="0" skipped="0" disabled="0" failures="0">
 </testsuite>
 <testsuite name="node_modules\wk-ots-domain-ca\entities\alertDeliveryConfiguration\crud.spec.js.osa.ca.service.alertDeliveryConfigurations.crud" timestamp="2016-12-09T16:11:02" hostname="localhost" time="4.363" errors="0" tests="4" skipped="0" disabled="0" failures="0">
  <testcase classname="node_modules\wk-ots-domain-ca\entities\alertDeliveryConfiguration\crud.spec.js.osa.ca.service.alertDeliveryConfigurations.crud" name=".add()" time="1.201" />
  <testcase classname="node_modules\wk-ots-domain-ca\entities\alertDeliveryConfiguration\crud.spec.js.osa.ca.service.alertDeliveryConfigurations.crud" name=".many()" time="1.136" />
  <testcase classname="node_modules\wk-ots-domain-ca\entities\alertDeliveryConfiguration\crud.spec.js.osa.ca.service.alertDeliveryConfigurations.crud" name=".one()" time="1.014" />
  <testcase classname="node_modules\wk-ots-domain-ca\entities\alertDeliveryConfiguration\crud.spec.js.osa.ca.service.alertDeliveryConfigurations.crud" name=".remove()" time="1.012" />
 </testsuite>
 <testsuite name="node_modules\wk-ots-domain-ca\entities\newsItem\crud.spec.js" timestamp="2016-12-09T16:11:07" hostname="localhost" time="4.058" errors="0" tests="0" skipped="0" disabled="0" failures="0">
 </testsuite>
 <testsuite name="node_modules\wk-ots-domain-ca\entities\newsItem\crud.spec.js.osa.ca.service.newsItems" timestamp="2016-12-09T16:11:07" hostname="localhost" time="4.058" errors="0" tests="0" skipped="0" disabled="0" failures="0">
 </testsuite>
 <testsuite name="node_modules\wk-ots-domain-ca\entities\newsItem\crud.spec.js.osa.ca.service.newsItems.crud" timestamp="2016-12-09T16:11:07" hostname="localhost" time="4.056" errors="0" tests="4" skipped="0" disabled="0" failures="0">
  <testcase classname="node_modules\wk-ots-domain-ca\entities\newsItem\crud.spec.js.osa.ca.service.newsItems.crud" name=".add()" time="1.016" />
  <testcase classname="node_modules\wk-ots-domain-ca\entities\newsItem\crud.spec.js.osa.ca.service.newsItems.crud" name=".many()" time="1.011" />
  <testcase classname="node_modules\wk-ots-domain-ca\entities\newsItem\crud.spec.js.osa.ca.service.newsItems.crud" name=".one()" time="1.013" />
  <testcase classname="node_modules\wk-ots-domain-ca\entities\newsItem\crud.spec.js.osa.ca.service.newsItems.crud" name=".remove()" time="1.012" />
 </testsuite>
 <testsuite name="node_modules\wk-ots-domain-ca\entities\tag\crud.spec.js" timestamp="2016-12-09T16:11:11" hostname="localhost" time="4.049" errors="0" tests="0" skipped="0" disabled="0" failures="0">
 </testsuite>
 <testsuite name="node_modules\wk-ots-domain-ca\entities\tag\crud.spec.js.osa.ca.service.tags" timestamp="2016-12-09T16:11:11" hostname="localhost" time="4.049" errors="0" tests="0" skipped="0" disabled="0" failures="0">
 </testsuite>
 <testsuite name="node_modules\wk-ots-domain-ca\entities\tag\crud.spec.js.osa.ca.service.tags.crud" timestamp="2016-12-09T16:11:11" hostname="localhost" time="4.049" errors="0" tests="4" skipped="0" disabled="0" failures="0">
  <testcase classname="node_modules\wk-ots-domain-ca\entities\tag\crud.spec.js.osa.ca.service.tags.crud" name=".add()" time="1.013" />
  <testcase classname="node_modules\wk-ots-domain-ca\entities\tag\crud.spec.js.osa.ca.service.tags.crud" name=".many()" time="1.011" />
  <testcase classname="node_modules\wk-ots-domain-ca\entities\tag\crud.spec.js.osa.ca.service.tags.crud" name=".one()" time="1.011" />
  <testcase classname="node_modules\wk-ots-domain-ca\entities\tag\crud.spec.js.osa.ca.service.tags.crud" name=".remove()" time="1.013" />
 </testsuite>
 <testsuite name="node_modules\wk-ots-domain-ca\entities\tracker\crud.spec.js" timestamp="2016-12-09T16:11:15" hostname="localhost" time="4.067" errors="0" tests="0" skipped="0" disabled="0" failures="0">
 </testsuite>
 <testsuite name="node_modules\wk-ots-domain-ca\entities\tracker\crud.spec.js.osa.ca.service.trackers" timestamp="2016-12-09T16:11:15" hostname="localhost" time="4.067" errors="0" tests="0" skipped="0" disabled="0" failures="0">
 </testsuite>
 <testsuite name="node_modules\wk-ots-domain-ca\entities\tracker\crud.spec.js.osa.ca.service.trackers.crud" timestamp="2016-12-09T16:11:15" hostname="localhost" time="4.066" errors="0" tests="4" skipped="0" disabled="0" failures="0">
  <testcase classname="node_modules\wk-ots-domain-ca\entities\tracker\crud.spec.js.osa.ca.service.trackers.crud" name=".add()" time="1.016" />
  <testcase classname="node_modules\wk-ots-domain-ca\entities\tracker\crud.spec.js.osa.ca.service.trackers.crud" name=".many()" time="1.012" />
  <testcase classname="node_modules\wk-ots-domain-ca\entities\tracker\crud.spec.js.osa.ca.service.trackers.crud" name=".one()" time="1.027" />
  <testcase classname="node_modules\wk-ots-domain-ca\entities\tracker\crud.spec.js.osa.ca.service.trackers.crud" name=".remove()" time="1.011" />
 </testsuite>
 <testsuite name="node_modules\wk-ots-domain-ca\entities\trackerTopic\crud.spec.js" timestamp="2016-12-09T16:11:19" hostname="localhost" time="4.069" errors="0" tests="0" skipped="0" disabled="0" failures="0">
 </testsuite>
 <testsuite name="node_modules\wk-ots-domain-ca\entities\trackerTopic\crud.spec.js.osa.ca.service.trackerTopics" timestamp="2016-12-09T16:11:19" hostname="localhost" time="4.069" errors="0" tests="0" skipped="0" disabled="0" failures="0">
 </testsuite>
 <testsuite name="node_modules\wk-ots-domain-ca\entities\trackerTopic\crud.spec.js.osa.ca.service.trackerTopics.crud" timestamp="2016-12-09T16:11:19" hostname="localhost" time="4.069" errors="0" tests="4" skipped="0" disabled="0" failures="0">
  <testcase classname="node_modules\wk-ots-domain-ca\entities\trackerTopic\crud.spec.js.osa.ca.service.trackerTopics.crud" name=".add()" time="1.014" />
  <testcase classname="node_modules\wk-ots-domain-ca\entities\trackerTopic\crud.spec.js.osa.ca.service.trackerTopics.crud" name=".many()" time="1.014" />
  <testcase classname="node_modules\wk-ots-domain-ca\entities\trackerTopic\crud.spec.js.osa.ca.service.trackerTopics.crud" name=".one()" time="1.025" />
  <testcase classname="node_modules\wk-ots-domain-ca\entities\trackerTopic\crud.spec.js.osa.ca.service.trackerTopics.crud" name=".remove()" time="1.01" />
 </testsuite>
 <testsuite name="node_modules\wk-ots-domain-ca\entities\userTracker\crud.spec.js" timestamp="2016-12-09T16:11:23" hostname="localhost" time="4.11" errors="0" tests="0" skipped="0" disabled="0" failures="0">
 </testsuite>
 <testsuite name="node_modules\wk-ots-domain-ca\entities\userTracker\crud.spec.js.osa.ca.service.userTrackers" timestamp="2016-12-09T16:11:23" hostname="localhost" time="4.11" errors="0" tests="0" skipped="0" disabled="0" failures="0">
 </testsuite>
 <testsuite name="node_modules\wk-ots-domain-ca\entities\userTracker\crud.spec.js.osa.ca.service.userTrackers.crud" timestamp="2016-12-09T16:11:23" hostname="localhost" time="4.109" errors="0" tests="4" skipped="0" disabled="0" failures="0">
  <testcase classname="node_modules\wk-ots-domain-ca\entities\userTracker\crud.spec.js.osa.ca.service.userTrackers.crud" name=".add()" time="1.011" />
  <testcase classname="node_modules\wk-ots-domain-ca\entities\userTracker\crud.spec.js.osa.ca.service.userTrackers.crud" name=".many()" time="1.015" />
  <testcase classname="node_modules\wk-ots-domain-ca\entities\userTracker\crud.spec.js.osa.ca.service.userTrackers.crud" name=".one()" time="1.015" />
  <testcase classname="node_modules\wk-ots-domain-ca\entities\userTracker\crud.spec.js.osa.ca.service.userTrackers.crud" name=".remove()" time="1.067" />
 </testsuite>
 <testsuite name="node_modules\wk-ots-domain-ca\entities\userTrackerOptions\crud.spec.js" timestamp="2016-12-09T16:11:27" hostname="localhost" time="4.046" errors="0" tests="0" skipped="0" disabled="0" failures="0">
 </testsuite>
 <testsuite name="node_modules\wk-ots-domain-ca\entities\userTrackerOptions\crud.spec.js.osa.ca.service.userTrackerOptionses" timestamp="2016-12-09T16:11:27" hostname="localhost" time="4.046" errors="0" tests="0" skipped="0" disabled="0" failures="0">
 </testsuite>
 <testsuite name="node_modules\wk-ots-domain-ca\entities\userTrackerOptions\crud.spec.js.osa.ca.service.userTrackerOptionses.crud" timestamp="2016-12-09T16:11:27" hostname="localhost" time="4.046" errors="0" tests="4" skipped="0" disabled="0" failures="0">
  <testcase classname="node_modules\wk-ots-domain-ca\entities\userTrackerOptions\crud.spec.js.osa.ca.service.userTrackerOptionses.crud" name=".add()" time="1.014" />
  <testcase classname="node_modules\wk-ots-domain-ca\entities\userTrackerOptions\crud.spec.js.osa.ca.service.userTrackerOptionses.crud" name=".many()" time="1.009" />
  <testcase classname="node_modules\wk-ots-domain-ca\entities\userTrackerOptions\crud.spec.js.osa.ca.service.userTrackerOptionses.crud" name=".one()" time="1.009" />
  <testcase classname="node_modules\wk-ots-domain-ca\entities\userTrackerOptions\crud.spec.js.osa.ca.service.userTrackerOptionses.crud" name=".remove()" time="1.013" />
 </testsuite>
 <testsuite name="node_modules\wk-ots-domain-ca\entities\userTrackerTopicSelection\crud.spec.js" timestamp="2016-12-09T16:11:31" hostname="localhost" time="4.108" errors="0" tests="0" skipped="0" disabled="0" failures="0">
 </testsuite>
 <testsuite name="node_modules\wk-ots-domain-ca\entities\userTrackerTopicSelection\crud.spec.js.osa.ca.service.userTrackerTopicSelections" timestamp="2016-12-09T16:11:31" hostname="localhost" time="4.108" errors="0" tests="0" skipped="0" disabled="0" failures="0">
 </testsuite>
 <testsuite name="node_modules\wk-ots-domain-ca\entities\userTrackerTopicSelection\crud.spec.js.osa.ca.service.userTrackerTopicSelections.crud" timestamp="2016-12-09T16:11:31" hostname="localhost" time="4.108" errors="0" tests="4" skipped="0" disabled="0" failures="0">
  <testcase classname="node_modules\wk-ots-domain-ca\entities\userTrackerTopicSelection\crud.spec.js.osa.ca.service.userTrackerTopicSelections.crud" name=".add()" time="1.063" />
  <testcase classname="node_modules\wk-ots-domain-ca\entities\userTrackerTopicSelection\crud.spec.js.osa.ca.service.userTrackerTopicSelections.crud" name=".many()" time="1.012" />
  <testcase classname="node_modules\wk-ots-domain-ca\entities\userTrackerTopicSelection\crud.spec.js.osa.ca.service.userTrackerTopicSelections.crud" name=".one()" time="1.014" />
  <testcase classname="node_modules\wk-ots-domain-ca\entities\userTrackerTopicSelection\crud.spec.js.osa.ca.service.userTrackerTopicSelections.crud" name=".remove()" time="1.017" />
 </testsuite>
 <testsuite name="node_modules\wk-ots-domain-identity\entities\product\crud.spec.js" timestamp="2016-12-09T16:11:35" hostname="localhost" time="4.077" errors="0" tests="0" skipped="0" disabled="0" failures="0">
 </testsuite>
 <testsuite name="node_modules\wk-ots-domain-identity\entities\product\crud.spec.js.osa.identity.service.products" timestamp="2016-12-09T16:11:35" hostname="localhost" time="4.077" errors="0" tests="0" skipped="0" disabled="0" failures="0">
 </testsuite>
 <testsuite name="node_modules\wk-ots-domain-identity\entities\product\crud.spec.js.osa.identity.service.products.crud" timestamp="2016-12-09T16:11:35" hostname="localhost" time="4.076" errors="0" tests="4" skipped="0" disabled="0" failures="0">
  <testcase classname="node_modules\wk-ots-domain-identity\entities\product\crud.spec.js.osa.identity.service.products.crud" name=".add()" time="1.014" />
  <testcase classname="node_modules\wk-ots-domain-identity\entities\product\crud.spec.js.osa.identity.service.products.crud" name=".many()" time="1.036" />
  <testcase classname="node_modules\wk-ots-domain-identity\entities\product\crud.spec.js.osa.identity.service.products.crud" name=".one()" time="1.014" />
  <testcase classname="node_modules\wk-ots-domain-identity\entities\product\crud.spec.js.osa.identity.service.products.crud" name=".remove()" time="1.011" />
 </testsuite>
 <testsuite name="node_modules\wk-ots-domain-identity\entities\profile\crud.spec.js" timestamp="2016-12-09T16:11:39" hostname="localhost" time="4.099" errors="0" tests="0" skipped="0" disabled="0" failures="0">
 </testsuite>
 <testsuite name="node_modules\wk-ots-domain-identity\entities\profile\crud.spec.js.osa.identity.service.profiles" timestamp="2016-12-09T16:11:39" hostname="localhost" time="4.099" errors="0" tests="0" skipped="0" disabled="0" failures="0">
 </testsuite>
 <testsuite name="node_modules\wk-ots-domain-identity\entities\profile\crud.spec.js.osa.identity.service.profiles.crud" timestamp="2016-12-09T16:11:39" hostname="localhost" time="4.099" errors="0" tests="4" skipped="0" disabled="0" failures="0">
  <testcase classname="node_modules\wk-ots-domain-identity\entities\profile\crud.spec.js.osa.identity.service.profiles.crud" name=".add()" time="1.013" />
  <testcase classname="node_modules\wk-ots-domain-identity\entities\profile\crud.spec.js.osa.identity.service.profiles.crud" name=".many()" time="1.012" />
  <testcase classname="node_modules\wk-ots-domain-identity\entities\profile\crud.spec.js.osa.identity.service.profiles.crud" name=".one()" time="1.059" />
  <testcase classname="node_modules\wk-ots-domain-identity\entities\profile\crud.spec.js.osa.identity.service.profiles.crud" name=".remove()" time="1.014" />
 </testsuite>
 <testsuite name="node_modules\wk-ots-domain-identity\entities\seat\crud.spec.js" timestamp="2016-12-09T16:11:43" hostname="localhost" time="4.051" errors="0" tests="0" skipped="0" disabled="0" failures="0">
 </testsuite>
 <testsuite name="node_modules\wk-ots-domain-identity\entities\seat\crud.spec.js.osa.identity.service.seats" timestamp="2016-12-09T16:11:43" hostname="localhost" time="4.051" errors="0" tests="0" skipped="0" disabled="0" failures="0">
 </testsuite>
 <testsuite name="node_modules\wk-ots-domain-identity\entities\seat\crud.spec.js.osa.identity.service.seats.crud" timestamp="2016-12-09T16:11:43" hostname="localhost" time="4.051" errors="0" tests="4" skipped="0" disabled="0" failures="0">
  <testcase classname="node_modules\wk-ots-domain-identity\entities\seat\crud.spec.js.osa.identity.service.seats.crud" name=".add()" time="1.011" />
  <testcase classname="node_modules\wk-ots-domain-identity\entities\seat\crud.spec.js.osa.identity.service.seats.crud" name=".many()" time="1.008" />
  <testcase classname="node_modules\wk-ots-domain-identity\entities\seat\crud.spec.js.osa.identity.service.seats.crud" name=".one()" time="1.02" />
  <testcase classname="node_modules\wk-ots-domain-identity\entities\seat\crud.spec.js.osa.identity.service.seats.crud" name=".remove()" time="1.012" />
 </testsuite>
 <testsuite name="node_modules\wk-ots-domain-identity\entities\seatHolder\crud.spec.js" timestamp="2016-12-09T16:11:48" hostname="localhost" time="4.053" errors="0" tests="0" skipped="0" disabled="0" failures="0">
 </testsuite>
 <testsuite name="node_modules\wk-ots-domain-identity\entities\seatHolder\crud.spec.js.osa.identity.service.seatHolders" timestamp="2016-12-09T16:11:48" hostname="localhost" time="4.053" errors="0" tests="0" skipped="0" disabled="0" failures="0">
 </testsuite>
 <testsuite name="node_modules\wk-ots-domain-identity\entities\seatHolder\crud.spec.js.osa.identity.service.seatHolders.crud" timestamp="2016-12-09T16:11:48" hostname="localhost" time="4.051" errors="0" tests="4" skipped="0" disabled="0" failures="0">
  <testcase classname="node_modules\wk-ots-domain-identity\entities\seatHolder\crud.spec.js.osa.identity.service.seatHolders.crud" name=".add()" time="1.011" />
  <testcase classname="node_modules\wk-ots-domain-identity\entities\seatHolder\crud.spec.js.osa.identity.service.seatHolders.crud" name=".many()" time="1.017" />
  <testcase classname="node_modules\wk-ots-domain-identity\entities\seatHolder\crud.spec.js.osa.identity.service.seatHolders.crud" name=".one()" time="1.012" />
  <testcase classname="node_modules\wk-ots-domain-identity\entities\seatHolder\crud.spec.js.osa.identity.service.seatHolders.crud" name=".remove()" time="1.009" />
 </testsuite>
 <testsuite name="node_modules\wk-ots-domain-identity\entities\session\crud.spec.js" timestamp="2016-12-09T16:11:52" hostname="localhost" time="4.047" errors="0" tests="0" skipped="0" disabled="0" failures="0">
 </testsuite>
 <testsuite name="node_modules\wk-ots-domain-identity\entities\session\crud.spec.js.osa.identity.service.sessions" timestamp="2016-12-09T16:11:52" hostname="localhost" time="4.047" errors="0" tests="0" skipped="0" disabled="0" failures="0">
 </testsuite>
 <testsuite name="node_modules\wk-ots-domain-identity\entities\session\crud.spec.js.osa.identity.service.sessions.crud" timestamp="2016-12-09T16:11:52" hostname="localhost" time="4.047" errors="0" tests="4" skipped="0" disabled="0" failures="0">
  <testcase classname="node_modules\wk-ots-domain-identity\entities\session\crud.spec.js.osa.identity.service.sessions.crud" name=".add()" time="1.011" />
  <testcase classname="node_modules\wk-ots-domain-identity\entities\session\crud.spec.js.osa.identity.service.sessions.crud" name=".many()" time="1.009" />
  <testcase classname="node_modules\wk-ots-domain-identity\entities\session\crud.spec.js.osa.identity.service.sessions.crud" name=".one()" time="1.016" />
  <testcase classname="node_modules\wk-ots-domain-identity\entities\session\crud.spec.js.osa.identity.service.sessions.crud" name=".remove()" time="1.009" />
 </testsuite>
 <testsuite name="node_modules\wk-ots-domain-identity\entities\subscription\crud.spec.js" timestamp="2016-12-09T16:11:56" hostname="localhost" time="4.067" errors="0" tests="0" skipped="0" disabled="0" failures="0">
 </testsuite>
 <testsuite name="node_modules\wk-ots-domain-identity\entities\subscription\crud.spec.js.osa.identity.service.subscriptions" timestamp="2016-12-09T16:11:56" hostname="localhost" time="4.067" errors="0" tests="0" skipped="0" disabled="0" failures="0">
 </testsuite>
 <testsuite name="node_modules\wk-ots-domain-identity\entities\subscription\crud.spec.js.osa.identity.service.subscriptions.crud" timestamp="2016-12-09T16:11:56" hostname="localhost" time="4.067" errors="0" tests="4" skipped="0" disabled="0" failures="0">
  <testcase classname="node_modules\wk-ots-domain-identity\entities\subscription\crud.spec.js.osa.identity.service.subscriptions.crud" name=".add()" time="1.011" />
  <testcase classname="node_modules\wk-ots-domain-identity\entities\subscription\crud.spec.js.osa.identity.service.subscriptions.crud" name=".many()" time="1.011" />
  <testcase classname="node_modules\wk-ots-domain-identity\entities\subscription\crud.spec.js.osa.identity.service.subscriptions.crud" name=".one()" time="1.019" />
  <testcase classname="node_modules\wk-ots-domain-identity\entities\subscription\crud.spec.js.osa.identity.service.subscriptions.crud" name=".remove()" time="1.025" />
 </testsuite>
 <testsuite name="node_modules\wk-ots-domain-personalitem\entities\annotatedResource\crud.spec.js" timestamp="2016-12-09T16:12:00" hostname="localhost" time="4.041" errors="0" tests="0" skipped="0" disabled="0" failures="0">
 </testsuite>
 <testsuite name="node_modules\wk-ots-domain-personalitem\entities\annotatedResource\crud.spec.js.osa.personalitem.service.annotatedResources" timestamp="2016-12-09T16:12:00" hostname="localhost" time="4.041" errors="0" tests="0" skipped="0" disabled="0" failures="0">
 </testsuite>
 <testsuite name="node_modules\wk-ots-domain-personalitem\entities\annotatedResource\crud.spec.js.osa.personalitem.service.annotatedResources.crud" timestamp="2016-12-09T16:12:00" hostname="localhost" time="4.041" errors="0" tests="4" skipped="0" disabled="0" failures="0">
  <testcase classname="node_modules\wk-ots-domain-personalitem\entities\annotatedResource\crud.spec.js.osa.personalitem.service.annotatedResources.crud" name=".add()" time="1.009" />
  <testcase classname="node_modules\wk-ots-domain-personalitem\entities\annotatedResource\crud.spec.js.osa.personalitem.service.annotatedResources.crud" name=".many()" time="1.01" />
  <testcase classname="node_modules\wk-ots-domain-personalitem\entities\annotatedResource\crud.spec.js.osa.personalitem.service.annotatedResources.crud" name=".one()" time="1.013" />
  <testcase classname="node_modules\wk-ots-domain-personalitem\entities\annotatedResource\crud.spec.js.osa.personalitem.service.annotatedResources.crud" name=".remove()" time="1.008" />
 </testsuite>
 <testsuite name="node_modules\wk-ots-domain-personalitem\entities\annotation\crud.spec.js" timestamp="2016-12-09T16:12:04" hostname="localhost" time="4.052" errors="0" tests="0" skipped="0" disabled="0" failures="0">
 </testsuite>
 <testsuite name="node_modules\wk-ots-domain-personalitem\entities\annotation\crud.spec.js.osa.personalitem.service.annotations" timestamp="2016-12-09T16:12:04" hostname="localhost" time="4.052" errors="0" tests="0" skipped="0" disabled="0" failures="0">
 </testsuite>
 <testsuite name="node_modules\wk-ots-domain-personalitem\entities\annotation\crud.spec.js.osa.personalitem.service.annotations.crud" timestamp="2016-12-09T16:12:04" hostname="localhost" time="4.052" errors="0" tests="4" skipped="0" disabled="0" failures="0">
  <testcase classname="node_modules\wk-ots-domain-personalitem\entities\annotation\crud.spec.js.osa.personalitem.service.annotations.crud" name=".add()" time="1.013" />
  <testcase classname="node_modules\wk-ots-domain-personalitem\entities\annotation\crud.spec.js.osa.personalitem.service.annotations.crud" name=".many()" time="1.019" />
  <testcase classname="node_modules\wk-ots-domain-personalitem\entities\annotation\crud.spec.js.osa.personalitem.service.annotations.crud" name=".one()" time="1.01" />
  <testcase classname="node_modules\wk-ots-domain-personalitem\entities\annotation\crud.spec.js.osa.personalitem.service.annotations.crud" name=".remove()" time="1.01" />
 </testsuite>
 <testsuite name="node_modules\wk-ots-domain-personalitem\entities\annotationItem\crud.spec.js" timestamp="2016-12-09T16:12:08" hostname="localhost" time="4.047" errors="0" tests="0" skipped="0" disabled="0" failures="0">
 </testsuite>
 <testsuite name="node_modules\wk-ots-domain-personalitem\entities\annotationItem\crud.spec.js.osa.personalitem.service.annotationItems" timestamp="2016-12-09T16:12:08" hostname="localhost" time="4.047" errors="0" tests="0" skipped="0" disabled="0" failures="0">
 </testsuite>
 <testsuite name="node_modules\wk-ots-domain-personalitem\entities\annotationItem\crud.spec.js.osa.personalitem.service.annotationItems.crud" timestamp="2016-12-09T16:12:08" hostname="localhost" time="4.047" errors="0" tests="4" skipped="0" disabled="0" failures="0">
  <testcase classname="node_modules\wk-ots-domain-personalitem\entities\annotationItem\crud.spec.js.osa.personalitem.service.annotationItems.crud" name=".add()" time="1.017" />
  <testcase classname="node_modules\wk-ots-domain-personalitem\entities\annotationItem\crud.spec.js.osa.personalitem.service.annotationItems.crud" name=".many()" time="1.009" />
  <testcase classname="node_modules\wk-ots-domain-personalitem\entities\annotationItem\crud.spec.js.osa.personalitem.service.annotationItems.crud" name=".one()" time="1.01" />
  <testcase classname="node_modules\wk-ots-domain-personalitem\entities\annotationItem\crud.spec.js.osa.personalitem.service.annotationItems.crud" name=".remove()" time="1.011" />
 </testsuite>
 <testsuite name="node_modules\wk-ots-domain-personalitem\entities\container\crud.spec.js" timestamp="2016-12-09T16:12:12" hostname="localhost" time="4.054" errors="0" tests="0" skipped="0" disabled="0" failures="0">
 </testsuite>
 <testsuite name="node_modules\wk-ots-domain-personalitem\entities\container\crud.spec.js.osa.personalitem.service.containers" timestamp="2016-12-09T16:12:12" hostname="localhost" time="4.054" errors="0" tests="0" skipped="0" disabled="0" failures="0">
 </testsuite>
 <testsuite name="node_modules\wk-ots-domain-personalitem\entities\container\crud.spec.js.osa.personalitem.service.containers.crud" timestamp="2016-12-09T16:12:12" hostname="localhost" time="4.054" errors="0" tests="4" skipped="0" disabled="0" failures="0">
  <testcase classname="node_modules\wk-ots-domain-personalitem\entities\container\crud.spec.js.osa.personalitem.service.containers.crud" name=".add()" time="1.014" />
  <testcase classname="node_modules\wk-ots-domain-personalitem\entities\container\crud.spec.js.osa.personalitem.service.containers.crud" name=".many()" time="1.011" />
  <testcase classname="node_modules\wk-ots-domain-personalitem\entities\container\crud.spec.js.osa.personalitem.service.containers.crud" name=".one()" time="1.016" />
  <testcase classname="node_modules\wk-ots-domain-personalitem\entities\container\crud.spec.js.osa.personalitem.service.containers.crud" name=".remove()" time="1.01" />
 </testsuite>
 <testsuite name="node_modules\wk-ots-domain-personalitem\entities\documentHistoryItem\crud.spec.js" timestamp="2016-12-09T16:12:16" hostname="localhost" time="4.049" errors="0" tests="0" skipped="0" disabled="0" failures="0">
 </testsuite>
 <testsuite name="node_modules\wk-ots-domain-personalitem\entities\documentHistoryItem\crud.spec.js.osa.personalitem.service.documentHistoryItems" timestamp="2016-12-09T16:12:16" hostname="localhost" time="4.047" errors="0" tests="0" skipped="0" disabled="0" failures="0">
 </testsuite>
 <testsuite name="node_modules\wk-ots-domain-personalitem\entities\documentHistoryItem\crud.spec.js.osa.personalitem.service.documentHistoryItems.crud" timestamp="2016-12-09T16:12:16" hostname="localhost" time="4.047" errors="0" tests="4" skipped="0" disabled="0" failures="0">
  <testcase classname="node_modules\wk-ots-domain-personalitem\entities\documentHistoryItem\crud.spec.js.osa.personalitem.service.documentHistoryItems.crud" name=".add()" time="1.012" />
  <testcase classname="node_modules\wk-ots-domain-personalitem\entities\documentHistoryItem\crud.spec.js.osa.personalitem.service.documentHistoryItems.crud" name=".many()" time="1.012" />
  <testcase classname="node_modules\wk-ots-domain-personalitem\entities\documentHistoryItem\crud.spec.js.osa.personalitem.service.documentHistoryItems.crud" name=".one()" time="1.012" />
  <testcase classname="node_modules\wk-ots-domain-personalitem\entities\documentHistoryItem\crud.spec.js.osa.personalitem.service.documentHistoryItems.crud" name=".remove()" time="1.011" />
 </testsuite>
 <testsuite name="node_modules\wk-ots-domain-personalitem\entities\documentItem\crud.spec.js" timestamp="2016-12-09T16:12:20" hostname="localhost" time="4.055" errors="0" tests="0" skipped="0" disabled="0" failures="0">
 </testsuite>
 <testsuite name="node_modules\wk-ots-domain-personalitem\entities\documentItem\crud.spec.js.osa.personalitem.service.documentItems" timestamp="2016-12-09T16:12:20" hostname="localhost" time="4.055" errors="0" tests="0" skipped="0" disabled="0" failures="0">
 </testsuite>
 <testsuite name="node_modules\wk-ots-domain-personalitem\entities\documentItem\crud.spec.js.osa.personalitem.service.documentItems.crud" timestamp="2016-12-09T16:12:20" hostname="localhost" time="4.055" errors="0" tests="4" skipped="0" disabled="0" failures="0">
  <testcase classname="node_modules\wk-ots-domain-personalitem\entities\documentItem\crud.spec.js.osa.personalitem.service.documentItems.crud" name=".add()" time="1.009" />
  <testcase classname="node_modules\wk-ots-domain-personalitem\entities\documentItem\crud.spec.js.osa.personalitem.service.documentItems.crud" name=".many()" time="1.012" />
  <testcase classname="node_modules\wk-ots-domain-personalitem\entities\documentItem\crud.spec.js.osa.personalitem.service.documentItems.crud" name=".one()" time="1.018" />
  <testcase classname="node_modules\wk-ots-domain-personalitem\entities\documentItem\crud.spec.js.osa.personalitem.service.documentItems.crud" name=".remove()" time="1.015" />
 </testsuite>
 <testsuite name="node_modules\wk-ots-domain-personalitem\entities\favorites\crud.spec.js" timestamp="2016-12-09T16:12:24" hostname="localhost" time="4.047" errors="0" tests="0" skipped="0" disabled="0" failures="0">
 </testsuite>
 <testsuite name="node_modules\wk-ots-domain-personalitem\entities\favorites\crud.spec.js.osa.personalitem.service.favorites" timestamp="2016-12-09T16:12:24" hostname="localhost" time="4.047" errors="0" tests="0" skipped="0" disabled="0" failures="0">
 </testsuite>
 <testsuite name="node_modules\wk-ots-domain-personalitem\entities\favorites\crud.spec.js.osa.personalitem.service.favorites.crud" timestamp="2016-12-09T16:12:24" hostname="localhost" time="4.047" errors="0" tests="4" skipped="0" disabled="0" failures="0">
  <testcase classname="node_modules\wk-ots-domain-personalitem\entities\favorites\crud.spec.js.osa.personalitem.service.favorites.crud" name=".add()" time="1.013" />
  <testcase classname="node_modules\wk-ots-domain-personalitem\entities\favorites\crud.spec.js.osa.personalitem.service.favorites.crud" name=".many()" time="1.009" />
  <testcase classname="node_modules\wk-ots-domain-personalitem\entities\favorites\crud.spec.js.osa.personalitem.service.favorites.crud" name=".one()" time="1.013" />
  <testcase classname="node_modules\wk-ots-domain-personalitem\entities\favorites\crud.spec.js.osa.personalitem.service.favorites.crud" name=".remove()" time="1.011" />
 </testsuite>
 <testsuite name="node_modules\wk-ots-domain-personalitem\entities\folder\crud.spec.js" timestamp="2016-12-09T16:12:28" hostname="localhost" time="4.054" errors="0" tests="0" skipped="0" disabled="0" failures="0">
 </testsuite>
 <testsuite name="node_modules\wk-ots-domain-personalitem\entities\folder\crud.spec.js.osa.personalitem.service.folders" timestamp="2016-12-09T16:12:28" hostname="localhost" time="4.054" errors="0" tests="0" skipped="0" disabled="0" failures="0">
 </testsuite>
 <testsuite name="node_modules\wk-ots-domain-personalitem\entities\folder\crud.spec.js.osa.personalitem.service.folders.crud" timestamp="2016-12-09T16:12:28" hostname="localhost" time="4.052" errors="0" tests="4" skipped="0" disabled="0" failures="0">
  <testcase classname="node_modules\wk-ots-domain-personalitem\entities\folder\crud.spec.js.osa.personalitem.service.folders.crud" name=".add()" time="1.014" />
  <testcase classname="node_modules\wk-ots-domain-personalitem\entities\folder\crud.spec.js.osa.personalitem.service.folders.crud" name=".many()" time="1.014" />
  <testcase classname="node_modules\wk-ots-domain-personalitem\entities\folder\crud.spec.js.osa.personalitem.service.folders.crud" name=".one()" time="1.013" />
  <testcase classname="node_modules\wk-ots-domain-personalitem\entities\folder\crud.spec.js.osa.personalitem.service.folders.crud" name=".remove()" time="1.011" />
 </testsuite>
 <testsuite name="node_modules\wk-ots-domain-personalitem\entities\historyItem\crud.spec.js" timestamp="2016-12-09T16:12:32" hostname="localhost" time="4.037" errors="0" tests="0" skipped="0" disabled="0" failures="0">
 </testsuite>
 <testsuite name="node_modules\wk-ots-domain-personalitem\entities\historyItem\crud.spec.js.osa.personalitem.service.historyItems" timestamp="2016-12-09T16:12:32" hostname="localhost" time="4.037" errors="0" tests="0" skipped="0" disabled="0" failures="0">
 </testsuite>
 <testsuite name="node_modules\wk-ots-domain-personalitem\entities\historyItem\crud.spec.js.osa.personalitem.service.historyItems.crud" timestamp="2016-12-09T16:12:32" hostname="localhost" time="4.037" errors="0" tests="4" skipped="0" disabled="0" failures="0">
  <testcase classname="node_modules\wk-ots-domain-personalitem\entities\historyItem\crud.spec.js.osa.personalitem.service.historyItems.crud" name=".add()" time="1.012" />
  <testcase classname="node_modules\wk-ots-domain-personalitem\entities\historyItem\crud.spec.js.osa.personalitem.service.historyItems.crud" name=".many()" time="1.01" />
  <testcase classname="node_modules\wk-ots-domain-personalitem\entities\historyItem\crud.spec.js.osa.personalitem.service.historyItems.crud" name=".one()" time="1.008" />
  <testcase classname="node_modules\wk-ots-domain-personalitem\entities\historyItem\crud.spec.js.osa.personalitem.service.historyItems.crud" name=".remove()" time="1.006" />
 </testsuite>
 <testsuite name="node_modules\wk-ots-domain-personalitem\entities\item\crud.spec.js" timestamp="2016-12-09T16:12:36" hostname="localhost" time="4.039" errors="0" tests="0" skipped="0" disabled="0" failures="0">
 </testsuite>
 <testsuite name="node_modules\wk-ots-domain-personalitem\entities\item\crud.spec.js.osa.personalitem.service.items" timestamp="2016-12-09T16:12:36" hostname="localhost" time="4.039" errors="0" tests="0" skipped="0" disabled="0" failures="0">
 </testsuite>
 <testsuite name="node_modules\wk-ots-domain-personalitem\entities\item\crud.spec.js.osa.personalitem.service.items.crud" timestamp="2016-12-09T16:12:36" hostname="localhost" time="4.039" errors="0" tests="4" skipped="0" disabled="0" failures="0">
  <testcase classname="node_modules\wk-ots-domain-personalitem\entities\item\crud.spec.js.osa.personalitem.service.items.crud" name=".add()" time="1.008" />
  <testcase classname="node_modules\wk-ots-domain-personalitem\entities\item\crud.spec.js.osa.personalitem.service.items.crud" name=".many()" time="1.01" />
  <testcase classname="node_modules\wk-ots-domain-personalitem\entities\item\crud.spec.js.osa.personalitem.service.items.crud" name=".one()" time="1.012" />
  <testcase classname="node_modules\wk-ots-domain-personalitem\entities\item\crud.spec.js.osa.personalitem.service.items.crud" name=".remove()" time="1.008" />
 </testsuite>
 <testsuite name="node_modules\wk-ots-domain-personalitem\entities\linkItem\crud.spec.js" timestamp="2016-12-09T16:12:40" hostname="localhost" time="4.044" errors="0" tests="0" skipped="0" disabled="0" failures="0">
 </testsuite>
 <testsuite name="node_modules\wk-ots-domain-personalitem\entities\linkItem\crud.spec.js.osa.personalitem.service.linkItems" timestamp="2016-12-09T16:12:40" hostname="localhost" time="4.044" errors="0" tests="0" skipped="0" disabled="0" failures="0">
 </testsuite>
 <testsuite name="node_modules\wk-ots-domain-personalitem\entities\linkItem\crud.spec.js.osa.personalitem.service.linkItems.crud" timestamp="2016-12-09T16:12:40" hostname="localhost" time="4.044" errors="0" tests="4" skipped="0" disabled="0" failures="0">
  <testcase classname="node_modules\wk-ots-domain-personalitem\entities\linkItem\crud.spec.js.osa.personalitem.service.linkItems.crud" name=".add()" time="1.012" />
  <testcase classname="node_modules\wk-ots-domain-personalitem\entities\linkItem\crud.spec.js.osa.personalitem.service.linkItems.crud" name=".many()" time="1.012" />
  <testcase classname="node_modules\wk-ots-domain-personalitem\entities\linkItem\crud.spec.js.osa.personalitem.service.linkItems.crud" name=".one()" time="1.009" />
  <testcase classname="node_modules\wk-ots-domain-personalitem\entities\linkItem\crud.spec.js.osa.personalitem.service.linkItems.crud" name=".remove()" time="1.009" />
 </testsuite>
 <testsuite name="node_modules\wk-ots-domain-personalitem\entities\moduleItem\crud.spec.js" timestamp="2016-12-09T16:12:44" hostname="localhost" time="4.044" errors="0" tests="0" skipped="0" disabled="0" failures="0">
 </testsuite>
 <testsuite name="node_modules\wk-ots-domain-personalitem\entities\moduleItem\crud.spec.js.osa.personalitem.service.moduleItems" timestamp="2016-12-09T16:12:44" hostname="localhost" time="4.044" errors="0" tests="0" skipped="0" disabled="0" failures="0">
 </testsuite>
 <testsuite name="node_modules\wk-ots-domain-personalitem\entities\moduleItem\crud.spec.js.osa.personalitem.service.moduleItems.crud" timestamp="2016-12-09T16:12:44" hostname="localhost" time="4.044" errors="0" tests="4" skipped="0" disabled="0" failures="0">
  <testcase classname="node_modules\wk-ots-domain-personalitem\entities\moduleItem\crud.spec.js.osa.personalitem.service.moduleItems.crud" name=".add()" time="1.017" />
  <testcase classname="node_modules\wk-ots-domain-personalitem\entities\moduleItem\crud.spec.js.osa.personalitem.service.moduleItems.crud" name=".many()" time="1.013" />
  <testcase classname="node_modules\wk-ots-domain-personalitem\entities\moduleItem\crud.spec.js.osa.personalitem.service.moduleItems.crud" name=".one()" time="1.008" />
  <testcase classname="node_modules\wk-ots-domain-personalitem\entities\moduleItem\crud.spec.js.osa.personalitem.service.moduleItems.crud" name=".remove()" time="1.006" />
 </testsuite>
 <testsuite name="node_modules\wk-ots-domain-personalitem\entities\preference\crud.spec.js" timestamp="2016-12-09T16:12:48" hostname="localhost" time="4.043" errors="0" tests="0" skipped="0" disabled="0" failures="0">
 </testsuite>
 <testsuite name="node_modules\wk-ots-domain-personalitem\entities\preference\crud.spec.js.osa.personalitem.service.preferences" timestamp="2016-12-09T16:12:48" hostname="localhost" time="4.043" errors="0" tests="0" skipped="0" disabled="0" failures="0">
 </testsuite>
 <testsuite name="node_modules\wk-ots-domain-personalitem\entities\preference\crud.spec.js.osa.personalitem.service.preferences.crud" timestamp="2016-12-09T16:12:48" hostname="localhost" time="4.043" errors="0" tests="4" skipped="0" disabled="0" failures="0">
  <testcase classname="node_modules\wk-ots-domain-personalitem\entities\preference\crud.spec.js.osa.personalitem.service.preferences.crud" name=".add()" time="1.006" />
  <testcase classname="node_modules\wk-ots-domain-personalitem\entities\preference\crud.spec.js.osa.personalitem.service.preferences.crud" name=".many()" time="1.013" />
  <testcase classname="node_modules\wk-ots-domain-personalitem\entities\preference\crud.spec.js.osa.personalitem.service.preferences.crud" name=".one()" time="1.009" />
  <testcase classname="node_modules\wk-ots-domain-personalitem\entities\preference\crud.spec.js.osa.personalitem.service.preferences.crud" name=".remove()" time="1.015" />
 </testsuite>
 <testsuite name="node_modules\wk-ots-domain-personalitem\entities\renderedDocumentStream\crud.spec.js" timestamp="2016-12-09T16:12:52" hostname="localhost" time="4.048" errors="0" tests="0" skipped="0" disabled="0" failures="0">
 </testsuite>
 <testsuite name="node_modules\wk-ots-domain-personalitem\entities\renderedDocumentStream\crud.spec.js.osa.personalitem.service.renderedDocumentStreams" timestamp="2016-12-09T16:12:52" hostname="localhost" time="4.048" errors="0" tests="0" skipped="0" disabled="0" failures="0">
 </testsuite>
 <testsuite name="node_modules\wk-ots-domain-personalitem\entities\renderedDocumentStream\crud.spec.js.osa.personalitem.service.renderedDocumentStreams.crud" timestamp="2016-12-09T16:12:52" hostname="localhost" time="4.048" errors="0" tests="4" skipped="0" disabled="0" failures="0">
  <testcase classname="node_modules\wk-ots-domain-personalitem\entities\renderedDocumentStream\crud.spec.js.osa.personalitem.service.renderedDocumentStreams.crud" name=".add()" time="1.012" />
  <testcase classname="node_modules\wk-ots-domain-personalitem\entities\renderedDocumentStream\crud.spec.js.osa.personalitem.service.renderedDocumentStreams.crud" name=".many()" time="1.014" />
  <testcase classname="node_modules\wk-ots-domain-personalitem\entities\renderedDocumentStream\crud.spec.js.osa.personalitem.service.renderedDocumentStreams.crud" name=".one()" time="1.011" />
  <testcase classname="node_modules\wk-ots-domain-personalitem\entities\renderedDocumentStream\crud.spec.js.osa.personalitem.service.renderedDocumentStreams.crud" name=".remove()" time="1.01" />
 </testsuite>
 <testsuite name="node_modules\wk-ots-domain-personalitem\entities\searchHistoryItem\crud.spec.js" timestamp="2016-12-09T16:12:56" hostname="localhost" time="4.046" errors="0" tests="0" skipped="0" disabled="0" failures="0">
 </testsuite>
 <testsuite name="node_modules\wk-ots-domain-personalitem\entities\searchHistoryItem\crud.spec.js.osa.personalitem.service.searchHistoryItems" timestamp="2016-12-09T16:12:56" hostname="localhost" time="4.046" errors="0" tests="0" skipped="0" disabled="0" failures="0">
 </testsuite>
 <testsuite name="node_modules\wk-ots-domain-personalitem\entities\searchHistoryItem\crud.spec.js.osa.personalitem.service.searchHistoryItems.crud" timestamp="2016-12-09T16:12:56" hostname="localhost" time="4.046" errors="0" tests="4" skipped="0" disabled="0" failures="0">
  <testcase classname="node_modules\wk-ots-domain-personalitem\entities\searchHistoryItem\crud.spec.js.osa.personalitem.service.searchHistoryItems.crud" name=".add()" time="1.007" />
  <testcase classname="node_modules\wk-ots-domain-personalitem\entities\searchHistoryItem\crud.spec.js.osa.personalitem.service.searchHistoryItems.crud" name=".many()" time="1.015" />
  <testcase classname="node_modules\wk-ots-domain-personalitem\entities\searchHistoryItem\crud.spec.js.osa.personalitem.service.searchHistoryItems.crud" name=".one()" time="1.009" />
  <testcase classname="node_modules\wk-ots-domain-personalitem\entities\searchHistoryItem\crud.spec.js.osa.personalitem.service.searchHistoryItems.crud" name=".remove()" time="1.014" />
 </testsuite>
 <testsuite name="node_modules\wk-ots-domain-personalitem\entities\searchItem\crud.spec.js" timestamp="2016-12-09T16:13:00" hostname="localhost" time="4.049" errors="0" tests="0" skipped="0" disabled="0" failures="0">
 </testsuite>
 <testsuite name="node_modules\wk-ots-domain-personalitem\entities\searchItem\crud.spec.js.osa.personalitem.service.searchItems" timestamp="2016-12-09T16:13:00" hostname="localhost" time="4.049" errors="0" tests="0" skipped="0" disabled="0" failures="0">
 </testsuite>
 <testsuite name="node_modules\wk-ots-domain-personalitem\entities\searchItem\crud.spec.js.osa.personalitem.service.searchItems.crud" timestamp="2016-12-09T16:13:00" hostname="localhost" time="4.049" errors="0" tests="4" skipped="0" disabled="0" failures="0">
  <testcase classname="node_modules\wk-ots-domain-personalitem\entities\searchItem\crud.spec.js.osa.personalitem.service.searchItems.crud" name=".add()" time="1.016" />
  <testcase classname="node_modules\wk-ots-domain-personalitem\entities\searchItem\crud.spec.js.osa.personalitem.service.searchItems.crud" name=".many()" time="1.008" />
  <testcase classname="node_modules\wk-ots-domain-personalitem\entities\searchItem\crud.spec.js.osa.personalitem.service.searchItems.crud" name=".one()" time="1.009" />
  <testcase classname="node_modules\wk-ots-domain-personalitem\entities\searchItem\crud.spec.js.osa.personalitem.service.searchItems.crud" name=".remove()" time="1.013" />
 </testsuite>
 <testsuite name="node_modules\wk-ots-domain-personalitem\entities\sharingAccount\crud.spec.js" timestamp="2016-12-09T16:13:04" hostname="localhost" time="4.046" errors="0" tests="0" skipped="0" disabled="0" failures="0">
 </testsuite>
 <testsuite name="node_modules\wk-ots-domain-personalitem\entities\sharingAccount\crud.spec.js.osa.personalitem.service.sharingAccounts" timestamp="2016-12-09T16:13:04" hostname="localhost" time="4.046" errors="0" tests="0" skipped="0" disabled="0" failures="0">
 </testsuite>
 <testsuite name="node_modules\wk-ots-domain-personalitem\entities\sharingAccount\crud.spec.js.osa.personalitem.service.sharingAccounts.crud" timestamp="2016-12-09T16:13:04" hostname="localhost" time="4.046" errors="0" tests="4" skipped="0" disabled="0" failures="0">
  <testcase classname="node_modules\wk-ots-domain-personalitem\entities\sharingAccount\crud.spec.js.osa.personalitem.service.sharingAccounts.crud" name=".add()" time="1.011" />
  <testcase classname="node_modules\wk-ots-domain-personalitem\entities\sharingAccount\crud.spec.js.osa.personalitem.service.sharingAccounts.crud" name=".many()" time="1.011" />
  <testcase classname="node_modules\wk-ots-domain-personalitem\entities\sharingAccount\crud.spec.js.osa.personalitem.service.sharingAccounts.crud" name=".one()" time="1.009" />
  <testcase classname="node_modules\wk-ots-domain-personalitem\entities\sharingAccount\crud.spec.js.osa.personalitem.service.sharingAccounts.crud" name=".remove()" time="1.015" />
 </testsuite>
 <testsuite name="node_modules\wk-ots-domain-personalitem\entities\sharingGroup\crud.spec.js" timestamp="2016-12-09T16:13:09" hostname="localhost" time="4.079" errors="0" tests="0" skipped="0" disabled="0" failures="0">
 </testsuite>
 <testsuite name="node_modules\wk-ots-domain-personalitem\entities\sharingGroup\crud.spec.js.osa.personalitem.service.sharingGroups" timestamp="2016-12-09T16:13:09" hostname="localhost" time="4.079" errors="0" tests="0" skipped="0" disabled="0" failures="0">
 </testsuite>
 <testsuite name="node_modules\wk-ots-domain-personalitem\entities\sharingGroup\crud.spec.js.osa.personalitem.service.sharingGroups.crud" timestamp="2016-12-09T16:13:09" hostname="localhost" time="4.079" errors="0" tests="4" skipped="0" disabled="0" failures="0">
  <testcase classname="node_modules\wk-ots-domain-personalitem\entities\sharingGroup\crud.spec.js.osa.personalitem.service.sharingGroups.crud" name=".add()" time="1.011" />
  <testcase classname="node_modules\wk-ots-domain-personalitem\entities\sharingGroup\crud.spec.js.osa.personalitem.service.sharingGroups.crud" name=".many()" time="1.01" />
  <testcase classname="node_modules\wk-ots-domain-personalitem\entities\sharingGroup\crud.spec.js.osa.personalitem.service.sharingGroups.crud" name=".one()" time="1.012" />
  <testcase classname="node_modules\wk-ots-domain-personalitem\entities\sharingGroup\crud.spec.js.osa.personalitem.service.sharingGroups.crud" name=".remove()" time="1.043" />
 </testsuite>
 <testsuite name="node_modules\wk-ots-domain-personalitem\entities\sharingItem\crud.spec.js" timestamp="2016-12-09T16:13:13" hostname="localhost" time="4.044" errors="0" tests="0" skipped="0" disabled="0" failures="0">
 </testsuite>
 <testsuite name="node_modules\wk-ots-domain-personalitem\entities\sharingItem\crud.spec.js.osa.personalitem.service.sharingItems" timestamp="2016-12-09T16:13:13" hostname="localhost" time="4.044" errors="0" tests="0" skipped="0" disabled="0" failures="0">
 </testsuite>
 <testsuite name="node_modules\wk-ots-domain-personalitem\entities\sharingItem\crud.spec.js.osa.personalitem.service.sharingItems.crud" timestamp="2016-12-09T16:13:13" hostname="localhost" time="4.044" errors="0" tests="4" skipped="0" disabled="0" failures="0">
  <testcase classname="node_modules\wk-ots-domain-personalitem\entities\sharingItem\crud.spec.js.osa.personalitem.service.sharingItems.crud" name=".add()" time="1.014" />
  <testcase classname="node_modules\wk-ots-domain-personalitem\entities\sharingItem\crud.spec.js.osa.personalitem.service.sharingItems.crud" name=".many()" time="1.011" />
  <testcase classname="node_modules\wk-ots-domain-personalitem\entities\sharingItem\crud.spec.js.osa.personalitem.service.sharingItems.crud" name=".one()" time="1.01" />
  <testcase classname="node_modules\wk-ots-domain-personalitem\entities\sharingItem\crud.spec.js.osa.personalitem.service.sharingItems.crud" name=".remove()" time="1.007" />
 </testsuite>
 <testsuite name="node_modules\wk-ots-domain-personalitem\entities\sharingUser\crud.spec.js" timestamp="2016-12-09T16:13:17" hostname="localhost" time="4.042" errors="0" tests="0" skipped="0" disabled="0" failures="0">
 </testsuite>
 <testsuite name="node_modules\wk-ots-domain-personalitem\entities\sharingUser\crud.spec.js.osa.personalitem.service.sharingUsers" timestamp="2016-12-09T16:13:17" hostname="localhost" time="4.042" errors="0" tests="0" skipped="0" disabled="0" failures="0">
 </testsuite>
 <testsuite name="node_modules\wk-ots-domain-personalitem\entities\sharingUser\crud.spec.js.osa.personalitem.service.sharingUsers.crud" timestamp="2016-12-09T16:13:17" hostname="localhost" time="4.042" errors="0" tests="4" skipped="0" disabled="0" failures="0">
  <testcase classname="node_modules\wk-ots-domain-personalitem\entities\sharingUser\crud.spec.js.osa.personalitem.service.sharingUsers.crud" name=".add()" time="1.014" />
  <testcase classname="node_modules\wk-ots-domain-personalitem\entities\sharingUser\crud.spec.js.osa.personalitem.service.sharingUsers.crud" name=".many()" time="1.009" />
  <testcase classname="node_modules\wk-ots-domain-personalitem\entities\sharingUser\crud.spec.js.osa.personalitem.service.sharingUsers.crud" name=".one()" time="1.01" />
  <testcase classname="node_modules\wk-ots-domain-personalitem\entities\sharingUser\crud.spec.js.osa.personalitem.service.sharingUsers.crud" name=".remove()" time="1.009" />
 </testsuite>
 <testsuite name="node_modules\wk-ots-domain-personalitem\entities\snippetItems\crud.spec.js" timestamp="2016-12-09T16:13:21" hostname="localhost" time="4.044" errors="0" tests="0" skipped="0" disabled="0" failures="0">
 </testsuite>
 <testsuite name="node_modules\wk-ots-domain-personalitem\entities\snippetItems\crud.spec.js.osa.personalitem.service.snippetItems" timestamp="2016-12-09T16:13:21" hostname="localhost" time="4.044" errors="0" tests="0" skipped="0" disabled="0" failures="0">
 </testsuite>
 <testsuite name="node_modules\wk-ots-domain-personalitem\entities\snippetItems\crud.spec.js.osa.personalitem.service.snippetItems.crud" timestamp="2016-12-09T16:13:21" hostname="localhost" time="4.044" errors="0" tests="4" skipped="0" disabled="0" failures="0">
  <testcase classname="node_modules\wk-ots-domain-personalitem\entities\snippetItems\crud.spec.js.osa.personalitem.service.snippetItems.crud" name=".add()" time="1.013" />
  <testcase classname="node_modules\wk-ots-domain-personalitem\entities\snippetItems\crud.spec.js.osa.personalitem.service.snippetItems.crud" name=".many()" time="1.006" />
  <testcase classname="node_modules\wk-ots-domain-personalitem\entities\snippetItems\crud.spec.js.osa.personalitem.service.snippetItems.crud" name=".one()" time="1.01" />
  <testcase classname="node_modules\wk-ots-domain-personalitem\entities\snippetItems\crud.spec.js.osa.personalitem.service.snippetItems.crud" name=".remove()" time="1.013" />
 </testsuite>
 <testsuite name="node_modules\wk-ots-domain-personalitem\entities\tag\crud.spec.js" timestamp="2016-12-09T16:13:25" hostname="localhost" time="4.041" errors="0" tests="0" skipped="0" disabled="0" failures="0">
 </testsuite>
 <testsuite name="node_modules\wk-ots-domain-personalitem\entities\tag\crud.spec.js.osa.personalitem.service.tags" timestamp="2016-12-09T16:13:25" hostname="localhost" time="4.041" errors="0" tests="0" skipped="0" disabled="0" failures="0">
 </testsuite>
 <testsuite name="node_modules\wk-ots-domain-personalitem\entities\tag\crud.spec.js.osa.personalitem.service.tags.crud" timestamp="2016-12-09T16:13:25" hostname="localhost" time="4.041" errors="0" tests="4" skipped="0" disabled="0" failures="0">
  <testcase classname="node_modules\wk-ots-domain-personalitem\entities\tag\crud.spec.js.osa.personalitem.service.tags.crud" name=".add()" time="1.01" />
  <testcase classname="node_modules\wk-ots-domain-personalitem\entities\tag\crud.spec.js.osa.personalitem.service.tags.crud" name=".many()" time="1.007" />
  <testcase classname="node_modules\wk-ots-domain-personalitem\entities\tag\crud.spec.js.osa.personalitem.service.tags.crud" name=".one()" time="1.013" />
  <testcase classname="node_modules\wk-ots-domain-personalitem\entities\tag\crud.spec.js.osa.personalitem.service.tags.crud" name=".remove()" time="1.011" />
 </testsuite>
 <testsuite name="node_modules\wk-ots-domain-personalitem\entities\treeNodeItem\crud.spec.js" timestamp="2016-12-09T16:13:29" hostname="localhost" time="4.051" errors="0" tests="0" skipped="0" disabled="0" failures="0">
 </testsuite>
 <testsuite name="node_modules\wk-ots-domain-personalitem\entities\treeNodeItem\crud.spec.js.osa.personalitem.service.treeNodeItems" timestamp="2016-12-09T16:13:29" hostname="localhost" time="4.051" errors="0" tests="0" skipped="0" disabled="0" failures="0">
 </testsuite>
 <testsuite name="node_modules\wk-ots-domain-personalitem\entities\treeNodeItem\crud.spec.js.osa.personalitem.service.treeNodeItems.crud" timestamp="2016-12-09T16:13:29" hostname="localhost" time="4.051" errors="0" tests="4" skipped="0" disabled="0" failures="0">
  <testcase classname="node_modules\wk-ots-domain-personalitem\entities\treeNodeItem\crud.spec.js.osa.personalitem.service.treeNodeItems.crud" name=".add()" time="1.015" />
  <testcase classname="node_modules\wk-ots-domain-personalitem\entities\treeNodeItem\crud.spec.js.osa.personalitem.service.treeNodeItems.crud" name=".many()" time="1.014" />
  <testcase classname="node_modules\wk-ots-domain-personalitem\entities\treeNodeItem\crud.spec.js.osa.personalitem.service.treeNodeItems.crud" name=".one()" time="1.011" />
  <testcase classname="node_modules\wk-ots-domain-personalitem\entities\treeNodeItem\crud.spec.js.osa.personalitem.service.treeNodeItems.crud" name=".remove()" time="1.011" />
 </testsuite>
 <testsuite name="node_modules\wk-ots-domain-personalitem\entities\userPreference\crud.spec.js" timestamp="2016-12-09T16:13:33" hostname="localhost" time="4.046" errors="0" tests="0" skipped="0" disabled="0" failures="0">
 </testsuite>
 <testsuite name="node_modules\wk-ots-domain-personalitem\entities\userPreference\crud.spec.js.osa.personalitem.service.userPreferences" timestamp="2016-12-09T16:13:33" hostname="localhost" time="4.046" errors="0" tests="0" skipped="0" disabled="0" failures="0">
 </testsuite>
 <testsuite name="node_modules\wk-ots-domain-personalitem\entities\userPreference\crud.spec.js.osa.personalitem.service.userPreferences.crud" timestamp="2016-12-09T16:13:33" hostname="localhost" time="4.046" errors="0" tests="4" skipped="0" disabled="0" failures="0">
  <testcase classname="node_modules\wk-ots-domain-personalitem\entities\userPreference\crud.spec.js.osa.personalitem.service.userPreferences.crud" name=".add()" time="1.012" />
  <testcase classname="node_modules\wk-ots-domain-personalitem\entities\userPreference\crud.spec.js.osa.personalitem.service.userPreferences.crud" name=".many()" time="1.007" />
  <testcase classname="node_modules\wk-ots-domain-personalitem\entities\userPreference\crud.spec.js.osa.personalitem.service.userPreferences.crud" name=".one()" time="1.015" />
  <testcase classname="node_modules\wk-ots-domain-personalitem\entities\userPreference\crud.spec.js.osa.personalitem.service.userPreferences.crud" name=".remove()" time="1.012" />
 </testsuite>
 <testsuite name="node_modules\wk-ots-domain-personalitem\entities\workspace\crud.spec.js" timestamp="2016-12-09T16:13:37" hostname="localhost" time="4.045" errors="0" tests="0" skipped="0" disabled="0" failures="0">
 </testsuite>
 <testsuite name="node_modules\wk-ots-domain-personalitem\entities\workspace\crud.spec.js.osa.personalitem.service.workspaces" timestamp="2016-12-09T16:13:37" hostname="localhost" time="4.044" errors="0" tests="0" skipped="0" disabled="0" failures="0">
 </testsuite>
 <testsuite name="node_modules\wk-ots-domain-personalitem\entities\workspace\crud.spec.js.osa.personalitem.service.workspaces.crud" timestamp="2016-12-09T16:13:37" hostname="localhost" time="4.043" errors="0" tests="4" skipped="0" disabled="0" failures="0">
  <testcase classname="node_modules\wk-ots-domain-personalitem\entities\workspace\crud.spec.js.osa.personalitem.service.workspaces.crud" name=".add()" time="1.007" />
  <testcase classname="node_modules\wk-ots-domain-personalitem\entities\workspace\crud.spec.js.osa.personalitem.service.workspaces.crud" name=".many()" time="1.01" />
  <testcase classname="node_modules\wk-ots-domain-personalitem\entities\workspace\crud.spec.js.osa.personalitem.service.workspaces.crud" name=".one()" time="1.013" />
  <testcase classname="node_modules\wk-ots-domain-personalitem\entities\workspace\crud.spec.js.osa.personalitem.service.workspaces.crud" name=".remove()" time="1.012" />
 </testsuite>
 <testsuite name="node_modules\wk-ots-domain-query\entities\concept\crud.spec.js" timestamp="2016-12-09T16:13:41" hostname="localhost" time="4.047" errors="0" tests="0" skipped="0" disabled="0" failures="0">
 </testsuite>
 <testsuite name="node_modules\wk-ots-domain-query\entities\concept\crud.spec.js.osa.query.service.concept" timestamp="2016-12-09T16:13:41" hostname="localhost" time="4.047" errors="0" tests="0" skipped="0" disabled="0" failures="0">
 </testsuite>
 <testsuite name="node_modules\wk-ots-domain-query\entities\concept\crud.spec.js.osa.query.service.concept.crud" timestamp="2016-12-09T16:13:41" hostname="localhost" time="4.047" errors="0" tests="4" skipped="0" disabled="0" failures="0">
  <testcase classname="node_modules\wk-ots-domain-query\entities\concept\crud.spec.js.osa.query.service.concept.crud" name=".add()" time="1.012" />
  <testcase classname="node_modules\wk-ots-domain-query\entities\concept\crud.spec.js.osa.query.service.concept.crud" name=".many()" time="1.01" />
  <testcase classname="node_modules\wk-ots-domain-query\entities\concept\crud.spec.js.osa.query.service.concept.crud" name=".one()" time="1.013" />
  <testcase classname="node_modules\wk-ots-domain-query\entities\concept\crud.spec.js.osa.query.service.concept.crud" name=".remove()" time="1.012" />
 </testsuite>
 <testsuite name="node_modules\wk-ots-domain-query\entities\dictionary\crud.spec.js" timestamp="2016-12-09T16:13:45" hostname="localhost" time="4.034" errors="0" tests="0" skipped="0" disabled="0" failures="0">
 </testsuite>
 <testsuite name="node_modules\wk-ots-domain-query\entities\dictionary\crud.spec.js.osa.query.service.dictionary" timestamp="2016-12-09T16:13:45" hostname="localhost" time="4.033" errors="0" tests="0" skipped="0" disabled="0" failures="0">
 </testsuite>
 <testsuite name="node_modules\wk-ots-domain-query\entities\dictionary\crud.spec.js.osa.query.service.dictionary.crud" timestamp="2016-12-09T16:13:45" hostname="localhost" time="4.033" errors="0" tests="4" skipped="0" disabled="0" failures="0">
  <testcase classname="node_modules\wk-ots-domain-query\entities\dictionary\crud.spec.js.osa.query.service.dictionary.crud" name=".add()" time="1.01" />
  <testcase classname="node_modules\wk-ots-domain-query\entities\dictionary\crud.spec.js.osa.query.service.dictionary.crud" name=".many()" time="1.006" />
  <testcase classname="node_modules\wk-ots-domain-query\entities\dictionary\crud.spec.js.osa.query.service.dictionary.crud" name=".one()" time="1.01" />
  <testcase classname="node_modules\wk-ots-domain-query\entities\dictionary\crud.spec.js.osa.query.service.dictionary.crud" name=".remove()" time="1.005" />
 </testsuite>
 <testsuite name="node_modules\wk-ots-domain-query\entities\factProperty\crud.spec.js" timestamp="2016-12-09T16:13:49" hostname="localhost" time="4.037" errors="0" tests="0" skipped="0" disabled="0" failures="0">
 </testsuite>
 <testsuite name="node_modules\wk-ots-domain-query\entities\factProperty\crud.spec.js.osa.query.service.factProperty" timestamp="2016-12-09T16:13:49" hostname="localhost" time="4.037" errors="0" tests="0" skipped="0" disabled="0" failures="0">
 </testsuite>
 <testsuite name="node_modules\wk-ots-domain-query\entities\factProperty\crud.spec.js.osa.query.service.factProperty.crud" timestamp="2016-12-09T16:13:49" hostname="localhost" time="4.036" errors="0" tests="4" skipped="0" disabled="0" failures="0">
  <testcase classname="node_modules\wk-ots-domain-query\entities\factProperty\crud.spec.js.osa.query.service.factProperty.crud" name=".add()" time="1.008" />
  <testcase classname="node_modules\wk-ots-domain-query\entities\factProperty\crud.spec.js.osa.query.service.factProperty.crud" name=".many()" time="1.01" />
  <testcase classname="node_modules\wk-ots-domain-query\entities\factProperty\crud.spec.js.osa.query.service.factProperty.crud" name=".one()" time="1.005" />
  <testcase classname="node_modules\wk-ots-domain-query\entities\factProperty\crud.spec.js.osa.query.service.factProperty.crud" name=".remove()" time="1.01" />
 </testsuite>
 <testsuite name="node_modules\wk-ots-domain-query\entities\term\crud.spec.js" timestamp="2016-12-09T16:13:53" hostname="localhost" time="4.086" errors="0" tests="0" skipped="0" disabled="0" failures="0">
 </testsuite>
 <testsuite name="node_modules\wk-ots-domain-query\entities\term\crud.spec.js.osa.query.service.term" timestamp="2016-12-09T16:13:53" hostname="localhost" time="4.085" errors="0" tests="0" skipped="0" disabled="0" failures="0">
 </testsuite>
 <testsuite name="node_modules\wk-ots-domain-query\entities\term\crud.spec.js.osa.query.service.term.crud" timestamp="2016-12-09T16:13:53" hostname="localhost" time="4.084" errors="0" tests="4" skipped="0" disabled="0" failures="0">
  <testcase classname="node_modules\wk-ots-domain-query\entities\term\crud.spec.js.osa.query.service.term.crud" name=".add()" time="1.01" />
  <testcase classname="node_modules\wk-ots-domain-query\entities\term\crud.spec.js.osa.query.service.term.crud" name=".many()" time="1.008" />
  <testcase classname="node_modules\wk-ots-domain-query\entities\term\crud.spec.js.osa.query.service.term.crud" name=".one()" time="1.014" />
  <testcase classname="node_modules\wk-ots-domain-query\entities\term\crud.spec.js.osa.query.service.term.crud" name=".remove()" time="1.05" />
 </testsuite>
 <testsuite name="node_modules\wk-ots-domain-recording\entities\event\crud.spec.js" timestamp="2016-12-09T16:13:57" hostname="localhost" time="4.057" errors="0" tests="0" skipped="0" disabled="0" failures="0">
 </testsuite>
 <testsuite name="node_modules\wk-ots-domain-recording\entities\event\crud.spec.js.osa.recording.service.event" timestamp="2016-12-09T16:13:57" hostname="localhost" time="4.057" errors="0" tests="0" skipped="0" disabled="0" failures="0">
 </testsuite>
 <testsuite name="node_modules\wk-ots-domain-recording\entities\event\crud.spec.js.osa.recording.service.event.crud" timestamp="2016-12-09T16:13:57" hostname="localhost" time="4.057" errors="0" tests="4" skipped="0" disabled="0" failures="0">
  <testcase classname="node_modules\wk-ots-domain-recording\entities\event\crud.spec.js.osa.recording.service.event.crud" name=".add()" time="1.016" />
  <testcase classname="node_modules\wk-ots-domain-recording\entities\event\crud.spec.js.osa.recording.service.event.crud" name=".many()" time="1.012" />
  <testcase classname="node_modules\wk-ots-domain-recording\entities\event\crud.spec.js.osa.recording.service.event.crud" name=".one()" time="1.012" />
  <testcase classname="node_modules\wk-ots-domain-recording\entities\event\crud.spec.js.osa.recording.service.event.crud" name=".remove()" time="1.016" />
 </testsuite>
 <testsuite name="node_modules\wk-ots-domain-research\entities\clusterSearchResult\crud.spec.js" timestamp="2016-12-09T16:14:01" hostname="localhost" time="4.039" errors="0" tests="0" skipped="0" disabled="0" failures="0">
 </testsuite>
 <testsuite name="node_modules\wk-ots-domain-research\entities\clusterSearchResult\crud.spec.js.osa.research.service.clusterSearchResults" timestamp="2016-12-09T16:14:01" hostname="localhost" time="4.039" errors="0" tests="0" skipped="0" disabled="0" failures="0">
 </testsuite>
 <testsuite name="node_modules\wk-ots-domain-research\entities\clusterSearchResult\crud.spec.js.osa.research.service.clusterSearchResults.crud" timestamp="2016-12-09T16:14:01" hostname="localhost" time="4.039" errors="0" tests="4" skipped="0" disabled="0" failures="0">
  <testcase classname="node_modules\wk-ots-domain-research\entities\clusterSearchResult\crud.spec.js.osa.research.service.clusterSearchResults.crud" name=".add()" time="1.01" />
  <testcase classname="node_modules\wk-ots-domain-research\entities\clusterSearchResult\crud.spec.js.osa.research.service.clusterSearchResults.crud" name=".many()" time="1.01" />
  <testcase classname="node_modules\wk-ots-domain-research\entities\clusterSearchResult\crud.spec.js.osa.research.service.clusterSearchResults.crud" name=".one()" time="1.006" />
  <testcase classname="node_modules\wk-ots-domain-research\entities\clusterSearchResult\crud.spec.js.osa.research.service.clusterSearchResults.crud" name=".remove()" time="1.007" />
 </testsuite>
 <testsuite name="node_modules\wk-ots-domain-research\entities\contentTreeNode\crud.spec.js" timestamp="2016-12-09T16:14:05" hostname="localhost" time="4.038" errors="0" tests="0" skipped="0" disabled="0" failures="0">
 </testsuite>
 <testsuite name="node_modules\wk-ots-domain-research\entities\contentTreeNode\crud.spec.js.osa.research.service.contentTreeNodes" timestamp="2016-12-09T16:14:05" hostname="localhost" time="4.038" errors="0" tests="0" skipped="0" disabled="0" failures="0">
 </testsuite>
 <testsuite name="node_modules\wk-ots-domain-research\entities\contentTreeNode\crud.spec.js.osa.research.service.contentTreeNodes.crud" timestamp="2016-12-09T16:14:05" hostname="localhost" time="4.038" errors="0" tests="4" skipped="0" disabled="0" failures="0">
  <testcase classname="node_modules\wk-ots-domain-research\entities\contentTreeNode\crud.spec.js.osa.research.service.contentTreeNodes.crud" name=".add()" time="1.012" />
  <testcase classname="node_modules\wk-ots-domain-research\entities\contentTreeNode\crud.spec.js.osa.research.service.contentTreeNodes.crud" name=".many()" time="1.008" />
  <testcase classname="node_modules\wk-ots-domain-research\entities\contentTreeNode\crud.spec.js.osa.research.service.contentTreeNodes.crud" name=".one()" time="1.006" />
  <testcase classname="node_modules\wk-ots-domain-research\entities\contentTreeNode\crud.spec.js.osa.research.service.contentTreeNodes.crud" name=".remove()" time="1.012" />
 </testsuite>
 <testsuite name="node_modules\wk-ots-domain-research\entities\documentSearchResultItem\crud.spec.js" timestamp="2016-12-09T16:14:09" hostname="localhost" time="4.105" errors="0" tests="0" skipped="0" disabled="0" failures="0">
 </testsuite>
 <testsuite name="node_modules\wk-ots-domain-research\entities\documentSearchResultItem\crud.spec.js.osa.research.service.documentSearchResultItems" timestamp="2016-12-09T16:14:09" hostname="localhost" time="4.105" errors="0" tests="0" skipped="0" disabled="0" failures="0">
 </testsuite>
 <testsuite name="node_modules\wk-ots-domain-research\entities\documentSearchResultItem\crud.spec.js.osa.research.service.documentSearchResultItems.crud" timestamp="2016-12-09T16:14:09" hostname="localhost" time="4.105" errors="0" tests="4" skipped="0" disabled="0" failures="0">
  <testcase classname="node_modules\wk-ots-domain-research\entities\documentSearchResultItem\crud.spec.js.osa.research.service.documentSearchResultItems.crud" name=".add()" time="1.014" />
  <testcase classname="node_modules\wk-ots-domain-research\entities\documentSearchResultItem\crud.spec.js.osa.research.service.documentSearchResultItems.crud" name=".many()" time="1.067" />
  <testcase classname="node_modules\wk-ots-domain-research\entities\documentSearchResultItem\crud.spec.js.osa.research.service.documentSearchResultItems.crud" name=".one()" time="1.015" />
  <testcase classname="node_modules\wk-ots-domain-research\entities\documentSearchResultItem\crud.spec.js.osa.research.service.documentSearchResultItems.crud" name=".remove()" time="1.009" />
 </testsuite>
 <testsuite name="node_modules\wk-ots-domain-research\entities\filterTree\crud.spec.js" timestamp="2016-12-09T16:14:13" hostname="localhost" time="4.096" errors="0" tests="0" skipped="0" disabled="0" failures="0">
 </testsuite>
 <testsuite name="node_modules\wk-ots-domain-research\entities\filterTree\crud.spec.js.osa.research.service.filterTrees" timestamp="2016-12-09T16:14:13" hostname="localhost" time="4.095" errors="0" tests="0" skipped="0" disabled="0" failures="0">
 </testsuite>
 <testsuite name="node_modules\wk-ots-domain-research\entities\filterTree\crud.spec.js.osa.research.service.filterTrees.crud" timestamp="2016-12-09T16:14:13" hostname="localhost" time="4.095" errors="0" tests="4" skipped="0" disabled="0" failures="0">
  <testcase classname="node_modules\wk-ots-domain-research\entities\filterTree\crud.spec.js.osa.research.service.filterTrees.crud" name=".add()" time="1.012" />
  <testcase classname="node_modules\wk-ots-domain-research\entities\filterTree\crud.spec.js.osa.research.service.filterTrees.crud" name=".many()" time="1.014" />
  <testcase classname="node_modules\wk-ots-domain-research\entities\filterTree\crud.spec.js.osa.research.service.filterTrees.crud" name=".one()" time="1.054" />
  <testcase classname="node_modules\wk-ots-domain-research\entities\filterTree\crud.spec.js.osa.research.service.filterTrees.crud" name=".remove()" time="1.014" />
 </testsuite>
 <testsuite name="node_modules\wk-ots-domain-research\entities\filterTreeNode\crud.spec.js" timestamp="2016-12-09T16:14:17" hostname="localhost" time="4.045" errors="0" tests="0" skipped="0" disabled="0" failures="0">
 </testsuite>
 <testsuite name="node_modules\wk-ots-domain-research\entities\filterTreeNode\crud.spec.js.osa.research.service.filterTreeNodes" timestamp="2016-12-09T16:14:17" hostname="localhost" time="4.045" errors="0" tests="0" skipped="0" disabled="0" failures="0">
 </testsuite>
 <testsuite name="node_modules\wk-ots-domain-research\entities\filterTreeNode\crud.spec.js.osa.research.service.filterTreeNodes.crud" timestamp="2016-12-09T16:14:17" hostname="localhost" time="4.045" errors="0" tests="4" skipped="0" disabled="0" failures="0">
  <testcase classname="node_modules\wk-ots-domain-research\entities\filterTreeNode\crud.spec.js.osa.research.service.filterTreeNodes.crud" name=".add()" time="1.01" />
  <testcase classname="node_modules\wk-ots-domain-research\entities\filterTreeNode\crud.spec.js.osa.research.service.filterTreeNodes.crud" name=".many()" time="1.016" />
  <testcase classname="node_modules\wk-ots-domain-research\entities\filterTreeNode\crud.spec.js.osa.research.service.filterTreeNodes.crud" name=".one()" time="1.009" />
  <testcase classname="node_modules\wk-ots-domain-research\entities\filterTreeNode\crud.spec.js.osa.research.service.filterTreeNodes.crud" name=".remove()" time="1.01" />
 </testsuite>
 <testsuite name="node_modules\wk-ots-domain-research\entities\modelDocumentSearchResultItem\crud.spec.js" timestamp="2016-12-09T16:14:21" hostname="localhost" time="4.043" errors="0" tests="0" skipped="0" disabled="0" failures="0">
 </testsuite>
 <testsuite name="node_modules\wk-ots-domain-research\entities\modelDocumentSearchResultItem\crud.spec.js.osa.research.service.modelDocumentSearchResultItems" timestamp="2016-12-09T16:14:21" hostname="localhost" time="4.043" errors="0" tests="0" skipped="0" disabled="0" failures="0">
 </testsuite>
 <testsuite name="node_modules\wk-ots-domain-research\entities\modelDocumentSearchResultItem\crud.spec.js.osa.research.service.modelDocumentSearchResultItems.crud" timestamp="2016-12-09T16:14:21" hostname="localhost" time="4.043" errors="0" tests="4" skipped="0" disabled="0" failures="0">
  <testcase classname="node_modules\wk-ots-domain-research\entities\modelDocumentSearchResultItem\crud.spec.js.osa.research.service.modelDocumentSearchResultItems.crud" name=".add()" time="1.012" />
  <testcase classname="node_modules\wk-ots-domain-research\entities\modelDocumentSearchResultItem\crud.spec.js.osa.research.service.modelDocumentSearchResultItems.crud" name=".many()" time="1.008" />
  <testcase classname="node_modules\wk-ots-domain-research\entities\modelDocumentSearchResultItem\crud.spec.js.osa.research.service.modelDocumentSearchResultItems.crud" name=".one()" time="1.01" />
  <testcase classname="node_modules\wk-ots-domain-research\entities\modelDocumentSearchResultItem\crud.spec.js.osa.research.service.modelDocumentSearchResultItems.crud" name=".remove()" time="1.012" />
 </testsuite>
 <testsuite name="node_modules\wk-ots-domain-research\entities\path\crud.spec.js" timestamp="2016-12-09T16:14:26" hostname="localhost" time="4.045" errors="0" tests="0" skipped="0" disabled="0" failures="0">
 </testsuite>
 <testsuite name="node_modules\wk-ots-domain-research\entities\path\crud.spec.js.osa.research.service.paths" timestamp="2016-12-09T16:14:26" hostname="localhost" time="4.045" errors="0" tests="0" skipped="0" disabled="0" failures="0">
 </testsuite>
 <testsuite name="node_modules\wk-ots-domain-research\entities\path\crud.spec.js.osa.research.service.paths.crud" timestamp="2016-12-09T16:14:26" hostname="localhost" time="4.045" errors="0" tests="4" skipped="0" disabled="0" failures="0">
  <testcase classname="node_modules\wk-ots-domain-research\entities\path\crud.spec.js.osa.research.service.paths.crud" name=".add()" time="1.008" />
  <testcase classname="node_modules\wk-ots-domain-research\entities\path\crud.spec.js.osa.research.service.paths.crud" name=".many()" time="1.014" />
  <testcase classname="node_modules\wk-ots-domain-research\entities\path\crud.spec.js.osa.research.service.paths.crud" name=".one()" time="1.014" />
  <testcase classname="node_modules\wk-ots-domain-research\entities\path\crud.spec.js.osa.research.service.paths.crud" name=".remove()" time="1.009" />
 </testsuite>
 <testsuite name="node_modules\wk-ots-domain-research\entities\practiceToolSearchResultItem\crud.spec.js" timestamp="2016-12-09T16:14:30" hostname="localhost" time="4.051" errors="0" tests="0" skipped="0" disabled="0" failures="0">
 </testsuite>
 <testsuite name="node_modules\wk-ots-domain-research\entities\practiceToolSearchResultItem\crud.spec.js.osa.research.service.practiceToolSearchResultItems" timestamp="2016-12-09T16:14:30" hostname="localhost" time="4.051" errors="0" tests="0" skipped="0" disabled="0" failures="0">
 </testsuite>
 <testsuite name="node_modules\wk-ots-domain-research\entities\practiceToolSearchResultItem\crud.spec.js.osa.research.service.practiceToolSearchResultItems.crud" timestamp="2016-12-09T16:14:30" hostname="localhost" time="4.051" errors="0" tests="4" skipped="0" disabled="0" failures="0">
  <testcase classname="node_modules\wk-ots-domain-research\entities\practiceToolSearchResultItem\crud.spec.js.osa.research.service.practiceToolSearchResultItems.crud" name=".add()" time="1.014" />
  <testcase classname="node_modules\wk-ots-domain-research\entities\practiceToolSearchResultItem\crud.spec.js.osa.research.service.practiceToolSearchResultItems.crud" name=".many()" time="1.009" />
  <testcase classname="node_modules\wk-ots-domain-research\entities\practiceToolSearchResultItem\crud.spec.js.osa.research.service.practiceToolSearchResultItems.crud" name=".one()" time="1.015" />
  <testcase classname="node_modules\wk-ots-domain-research\entities\practiceToolSearchResultItem\crud.spec.js.osa.research.service.practiceToolSearchResultItems.crud" name=".remove()" time="1.013" />
 </testsuite>
 <testsuite name="node_modules\wk-ots-domain-research\entities\savedSearch\crud.spec.js" timestamp="2016-12-09T16:14:34" hostname="localhost" time="4.04" errors="0" tests="0" skipped="0" disabled="0" failures="0">
 </testsuite>
 <testsuite name="node_modules\wk-ots-domain-research\entities\savedSearch\crud.spec.js.osa.research.service.savedSearches" timestamp="2016-12-09T16:14:34" hostname="localhost" time="4.04" errors="0" tests="0" skipped="0" disabled="0" failures="0">
 </testsuite>
 <testsuite name="node_modules\wk-ots-domain-research\entities\savedSearch\crud.spec.js.osa.research.service.savedSearches.crud" timestamp="2016-12-09T16:14:34" hostname="localhost" time="4.04" errors="0" tests="4" skipped="0" disabled="0" failures="0">
  <testcase classname="node_modules\wk-ots-domain-research\entities\savedSearch\crud.spec.js.osa.research.service.savedSearches.crud" name=".add()" time="1.01" />
  <testcase classname="node_modules\wk-ots-domain-research\entities\savedSearch\crud.spec.js.osa.research.service.savedSearches.crud" name=".many()" time="1.01" />
  <testcase classname="node_modules\wk-ots-domain-research\entities\savedSearch\crud.spec.js.osa.research.service.savedSearches.crud" name=".one()" time="1.01" />
  <testcase classname="node_modules\wk-ots-domain-research\entities\savedSearch\crud.spec.js.osa.research.service.savedSearches.crud" name=".remove()" time="1.01" />
 </testsuite>
 <testsuite name="node_modules\wk-ots-domain-research\entities\search\crud.spec.js" timestamp="2016-12-09T16:14:38" hostname="localhost" time="4.042" errors="0" tests="0" skipped="0" disabled="0" failures="0">
 </testsuite>
 <testsuite name="node_modules\wk-ots-domain-research\entities\search\crud.spec.js.osa.research.service.searches" timestamp="2016-12-09T16:14:38" hostname="localhost" time="4.042" errors="0" tests="0" skipped="0" disabled="0" failures="0">
 </testsuite>
 <testsuite name="node_modules\wk-ots-domain-research\entities\search\crud.spec.js.osa.research.service.searches.crud" timestamp="2016-12-09T16:14:38" hostname="localhost" time="4.042" errors="0" tests="4" skipped="0" disabled="0" failures="0">
  <testcase classname="node_modules\wk-ots-domain-research\entities\search\crud.spec.js.osa.research.service.searches.crud" name=".add()" time="1.008" />
  <testcase classname="node_modules\wk-ots-domain-research\entities\search\crud.spec.js.osa.research.service.searches.crud" name=".many()" time="1.014" />
  <testcase classname="node_modules\wk-ots-domain-research\entities\search\crud.spec.js.osa.research.service.searches.crud" name=".one()" time="1.007" />
  <testcase classname="node_modules\wk-ots-domain-research\entities\search\crud.spec.js.osa.research.service.searches.crud" name=".remove()" time="1.012" />
 </testsuite>
 <testsuite name="node_modules\wk-ots-domain-research\entities\searchResult\crud.spec.js" timestamp="2016-12-09T16:14:42" hostname="localhost" time="4.034" errors="0" tests="0" skipped="0" disabled="0" failures="0">
 </testsuite>
 <testsuite name="node_modules\wk-ots-domain-research\entities\searchResult\crud.spec.js.osa.research.service.searchResults" timestamp="2016-12-09T16:14:42" hostname="localhost" time="4.034" errors="0" tests="0" skipped="0" disabled="0" failures="0">
 </testsuite>
 <testsuite name="node_modules\wk-ots-domain-research\entities\searchResult\crud.spec.js.osa.research.service.searchResults.crud" timestamp="2016-12-09T16:14:42" hostname="localhost" time="4.034" errors="0" tests="4" skipped="0" disabled="0" failures="0">
  <testcase classname="node_modules\wk-ots-domain-research\entities\searchResult\crud.spec.js.osa.research.service.searchResults.crud" name=".add()" time="1.009" />
  <testcase classname="node_modules\wk-ots-domain-research\entities\searchResult\crud.spec.js.osa.research.service.searchResults.crud" name=".many()" time="1.011" />
  <testcase classname="node_modules\wk-ots-domain-research\entities\searchResult\crud.spec.js.osa.research.service.searchResults.crud" name=".one()" time="1.008" />
  <testcase classname="node_modules\wk-ots-domain-research\entities\searchResult\crud.spec.js.osa.research.service.searchResults.crud" name=".remove()" time="1.006" />
 </testsuite>
 <testsuite name="node_modules\wk-ots-domain-research\entities\searchResultItem\crud.spec.js" timestamp="2016-12-09T16:14:46" hostname="localhost" time="4.051" errors="0" tests="0" skipped="0" disabled="0" failures="0">
 </testsuite>
 <testsuite name="node_modules\wk-ots-domain-research\entities\searchResultItem\crud.spec.js.osa.research.service.searchResultItems" timestamp="2016-12-09T16:14:46" hostname="localhost" time="4.051" errors="0" tests="0" skipped="0" disabled="0" failures="0">
 </testsuite>
 <testsuite name="node_modules\wk-ots-domain-research\entities\searchResultItem\crud.spec.js.osa.research.service.searchResultItems.crud" timestamp="2016-12-09T16:14:46" hostname="localhost" time="4.051" errors="0" tests="4" skipped="0" disabled="0" failures="0">
  <testcase classname="node_modules\wk-ots-domain-research\entities\searchResultItem\crud.spec.js.osa.research.service.searchResultItems.crud" name=".add()" time="1.021" />
  <testcase classname="node_modules\wk-ots-domain-research\entities\searchResultItem\crud.spec.js.osa.research.service.searchResultItems.crud" name=".many()" time="1.012" />
  <testcase classname="node_modules\wk-ots-domain-research\entities\searchResultItem\crud.spec.js.osa.research.service.searchResultItems.crud" name=".one()" time="1.008" />
  <testcase classname="node_modules\wk-ots-domain-research\entities\searchResultItem\crud.spec.js.osa.research.service.searchResultItems.crud" name=".remove()" time="1.009" />
 </testsuite>
 <testsuite name="node_modules\wk-ots-domain-research\entities\textPositions\crud.spec.js" timestamp="2016-12-09T16:14:50" hostname="localhost" time="4.035" errors="0" tests="0" skipped="0" disabled="0" failures="0">
 </testsuite>
 <testsuite name="node_modules\wk-ots-domain-research\entities\textPositions\crud.spec.js.osa.research.service.textPositions" timestamp="2016-12-09T16:14:50" hostname="localhost" time="4.034" errors="0" tests="0" skipped="0" disabled="0" failures="0">
 </testsuite>
 <testsuite name="node_modules\wk-ots-domain-research\entities\textPositions\crud.spec.js.osa.research.service.textPositions.crud" timestamp="2016-12-09T16:14:50" hostname="localhost" time="4.034" errors="0" tests="4" skipped="0" disabled="0" failures="0">
  <testcase classname="node_modules\wk-ots-domain-research\entities\textPositions\crud.spec.js.osa.research.service.textPositions.crud" name=".add()" time="1.014" />
  <testcase classname="node_modules\wk-ots-domain-research\entities\textPositions\crud.spec.js.osa.research.service.textPositions.crud" name=".many()" time="1.007" />
  <testcase classname="node_modules\wk-ots-domain-research\entities\textPositions\crud.spec.js.osa.research.service.textPositions.crud" name=".one()" time="1.006" />
  <testcase classname="node_modules\wk-ots-domain-research\entities\textPositions\crud.spec.js.osa.research.service.textPositions.crud" name=".remove()" time="1.007" />
 </testsuite>
 <testsuite name="node_modules\wk-ots-domain-resource\entities\artifact\crud.spec.js" timestamp="2016-12-09T16:14:54" hostname="localhost" time="4.052" errors="0" tests="0" skipped="0" disabled="0" failures="0">
 </testsuite>
 <testsuite name="node_modules\wk-ots-domain-resource\entities\artifact\crud.spec.js.osa.resource.service.artifacts" timestamp="2016-12-09T16:14:54" hostname="localhost" time="4.052" errors="0" tests="0" skipped="0" disabled="0" failures="0">
 </testsuite>
 <testsuite name="node_modules\wk-ots-domain-resource\entities\artifact\crud.spec.js.osa.resource.service.artifacts.crud" timestamp="2016-12-09T16:14:54" hostname="localhost" time="4.052" errors="0" tests="4" skipped="0" disabled="0" failures="0">
  <testcase classname="node_modules\wk-ots-domain-resource\entities\artifact\crud.spec.js.osa.resource.service.artifacts.crud" name=".add()" time="1.012" />
  <testcase classname="node_modules\wk-ots-domain-resource\entities\artifact\crud.spec.js.osa.resource.service.artifacts.crud" name=".many()" time="1.014" />
  <testcase classname="node_modules\wk-ots-domain-resource\entities\artifact\crud.spec.js.osa.resource.service.artifacts.crud" name=".one()" time="1.016" />
  <testcase classname="node_modules\wk-ots-domain-resource\entities\artifact\crud.spec.js.osa.resource.service.artifacts.crud" name=".remove()" time="1.009" />
 </testsuite>
 <testsuite name="node_modules\wk-ots-domain-resource\entities\contentFormat\crud.spec.js" timestamp="2016-12-09T16:14:58" hostname="localhost" time="4.05" errors="0" tests="0" skipped="0" disabled="0" failures="0">
 </testsuite>
 <testsuite name="node_modules\wk-ots-domain-resource\entities\contentFormat\crud.spec.js.osa.resource.service.contentFormats" timestamp="2016-12-09T16:14:58" hostname="localhost" time="4.047" errors="0" tests="0" skipped="0" disabled="0" failures="0">
 </testsuite>
 <testsuite name="node_modules\wk-ots-domain-resource\entities\contentFormat\crud.spec.js.osa.resource.service.contentFormats.crud" timestamp="2016-12-09T16:14:58" hostname="localhost" time="4.047" errors="0" tests="4" skipped="0" disabled="0" failures="0">
  <testcase classname="node_modules\wk-ots-domain-resource\entities\contentFormat\crud.spec.js.osa.resource.service.contentFormats.crud" name=".add()" time="1.019" />
  <testcase classname="node_modules\wk-ots-domain-resource\entities\contentFormat\crud.spec.js.osa.resource.service.contentFormats.crud" name=".many()" time="1.008" />
  <testcase classname="node_modules\wk-ots-domain-resource\entities\contentFormat\crud.spec.js.osa.resource.service.contentFormats.crud" name=".one()" time="1.009" />
  <testcase classname="node_modules\wk-ots-domain-resource\entities\contentFormat\crud.spec.js.osa.resource.service.contentFormats.crud" name=".remove()" time="1.011" />
 </testsuite>
 <testsuite name="node_modules\wk-ots-domain-resource\entities\contentModule\crud.spec.js" timestamp="2016-12-09T16:15:02" hostname="localhost" time="4.039" errors="0" tests="0" skipped="0" disabled="0" failures="0">
 </testsuite>
 <testsuite name="node_modules\wk-ots-domain-resource\entities\contentModule\crud.spec.js.osa.resource.service.contentModules" timestamp="2016-12-09T16:15:02" hostname="localhost" time="4.039" errors="0" tests="0" skipped="0" disabled="0" failures="0">
 </testsuite>
 <testsuite name="node_modules\wk-ots-domain-resource\entities\contentModule\crud.spec.js.osa.resource.service.contentModules.crud" timestamp="2016-12-09T16:15:02" hostname="localhost" time="4.039" errors="0" tests="4" skipped="0" disabled="0" failures="0">
  <testcase classname="node_modules\wk-ots-domain-resource\entities\contentModule\crud.spec.js.osa.resource.service.contentModules.crud" name=".add()" time="1.01" />
  <testcase classname="node_modules\wk-ots-domain-resource\entities\contentModule\crud.spec.js.osa.resource.service.contentModules.crud" name=".many()" time="1.008" />
  <testcase classname="node_modules\wk-ots-domain-resource\entities\contentModule\crud.spec.js.osa.resource.service.contentModules.crud" name=".one()" time="1.009" />
  <testcase classname="node_modules\wk-ots-domain-resource\entities\contentModule\crud.spec.js.osa.resource.service.contentModules.crud" name=".remove()" time="1.011" />
 </testsuite>
 <testsuite name="node_modules\wk-ots-domain-resource\entities\contentTree\crud.spec.js" timestamp="2016-12-09T16:15:06" hostname="localhost" time="4.037" errors="0" tests="0" skipped="0" disabled="0" failures="0">
 </testsuite>
 <testsuite name="node_modules\wk-ots-domain-resource\entities\contentTree\crud.spec.js.osa.resource.service.contentTrees" timestamp="2016-12-09T16:15:06" hostname="localhost" time="4.037" errors="0" tests="0" skipped="0" disabled="0" failures="0">
 </testsuite>
 <testsuite name="node_modules\wk-ots-domain-resource\entities\contentTree\crud.spec.js.osa.resource.service.contentTrees.crud" timestamp="2016-12-09T16:15:06" hostname="localhost" time="4.037" errors="0" tests="4" skipped="0" disabled="0" failures="0">
  <testcase classname="node_modules\wk-ots-domain-resource\entities\contentTree\crud.spec.js.osa.resource.service.contentTrees.crud" name=".add()" time="1.01" />
  <testcase classname="node_modules\wk-ots-domain-resource\entities\contentTree\crud.spec.js.osa.resource.service.contentTrees.crud" name=".many()" time="1.01" />
  <testcase classname="node_modules\wk-ots-domain-resource\entities\contentTree\crud.spec.js.osa.resource.service.contentTrees.crud" name=".one()" time="1.009" />
  <testcase classname="node_modules\wk-ots-domain-resource\entities\contentTree\crud.spec.js.osa.resource.service.contentTrees.crud" name=".remove()" time="1.008" />
 </testsuite>
 <testsuite name="node_modules\wk-ots-domain-resource\entities\contentTreeNode\crud.spec.js" timestamp="2016-12-09T16:15:10" hostname="localhost" time="4.048" errors="0" tests="0" skipped="0" disabled="0" failures="0">
 </testsuite>
 <testsuite name="node_modules\wk-ots-domain-resource\entities\contentTreeNode\crud.spec.js.osa.resource.service.contentTreeNodes" timestamp="2016-12-09T16:15:10" hostname="localhost" time="4.048" errors="0" tests="0" skipped="0" disabled="0" failures="0">
 </testsuite>
 <testsuite name="node_modules\wk-ots-domain-resource\entities\contentTreeNode\crud.spec.js.osa.resource.service.contentTreeNodes.crud" timestamp="2016-12-09T16:15:10" hostname="localhost" time="4.047" errors="0" tests="4" skipped="0" disabled="0" failures="0">
  <testcase classname="node_modules\wk-ots-domain-resource\entities\contentTreeNode\crud.spec.js.osa.resource.service.contentTreeNodes.crud" name=".add()" time="1.012" />
  <testcase classname="node_modules\wk-ots-domain-resource\entities\contentTreeNode\crud.spec.js.osa.resource.service.contentTreeNodes.crud" name=".many()" time="1.012" />
  <testcase classname="node_modules\wk-ots-domain-resource\entities\contentTreeNode\crud.spec.js.osa.resource.service.contentTreeNodes.crud" name=".one()" time="1.01" />
  <testcase classname="node_modules\wk-ots-domain-resource\entities\contentTreeNode\crud.spec.js.osa.resource.service.contentTreeNodes.crud" name=".remove()" time="1.011" />
 </testsuite>
 <testsuite name="node_modules\wk-ots-domain-resource\entities\document\crud.spec.js" timestamp="2016-12-09T16:15:14" hostname="localhost" time="4.044" errors="0" tests="0" skipped="0" disabled="0" failures="0">
 </testsuite>
 <testsuite name="node_modules\wk-ots-domain-resource\entities\document\crud.spec.js.osa.resource.service.documents" timestamp="2016-12-09T16:15:14" hostname="localhost" time="4.044" errors="0" tests="0" skipped="0" disabled="0" failures="0">
 </testsuite>
 <testsuite name="node_modules\wk-ots-domain-resource\entities\document\crud.spec.js.osa.resource.service.documents.crud" timestamp="2016-12-09T16:15:14" hostname="localhost" time="4.044" errors="0" tests="4" skipped="0" disabled="0" failures="0">
  <testcase classname="node_modules\wk-ots-domain-resource\entities\document\crud.spec.js.osa.resource.service.documents.crud" name=".add()" time="1.013" />
  <testcase classname="node_modules\wk-ots-domain-resource\entities\document\crud.spec.js.osa.resource.service.documents.crud" name=".many()" time="1.007" />
  <testcase classname="node_modules\wk-ots-domain-resource\entities\document\crud.spec.js.osa.resource.service.documents.crud" name=".one()" time="1.013" />
  <testcase classname="node_modules\wk-ots-domain-resource\entities\document\crud.spec.js.osa.resource.service.documents.crud" name=".remove()" time="1.01" />
 </testsuite>
 <testsuite name="node_modules\wk-ots-domain-resource\entities\documentHistory\crud.spec.js" timestamp="2016-12-09T16:15:18" hostname="localhost" time="4.048" errors="0" tests="0" skipped="0" disabled="0" failures="0">
 </testsuite>
 <testsuite name="node_modules\wk-ots-domain-resource\entities\documentHistory\crud.spec.js.osa.resource.service.documentHistories" timestamp="2016-12-09T16:15:18" hostname="localhost" time="4.048" errors="0" tests="0" skipped="0" disabled="0" failures="0">
 </testsuite>
 <testsuite name="node_modules\wk-ots-domain-resource\entities\documentHistory\crud.spec.js.osa.resource.service.documentHistories.crud" timestamp="2016-12-09T16:15:18" hostname="localhost" time="4.047" errors="0" tests="4" skipped="0" disabled="0" failures="0">
  <testcase classname="node_modules\wk-ots-domain-resource\entities\documentHistory\crud.spec.js.osa.resource.service.documentHistories.crud" name=".add()" time="1.014" />
  <testcase classname="node_modules\wk-ots-domain-resource\entities\documentHistory\crud.spec.js.osa.resource.service.documentHistories.crud" name=".many()" time="1.008" />
  <testcase classname="node_modules\wk-ots-domain-resource\entities\documentHistory\crud.spec.js.osa.resource.service.documentHistories.crud" name=".one()" time="1.014" />
  <testcase classname="node_modules\wk-ots-domain-resource\entities\documentHistory\crud.spec.js.osa.resource.service.documentHistories.crud" name=".remove()" time="1.01" />
 </testsuite>
 <testsuite name="node_modules\wk-ots-domain-resource\entities\documentList\crud.spec.js" timestamp="2016-12-09T16:15:22" hostname="localhost" time="4.051" errors="0" tests="0" skipped="0" disabled="0" failures="0">
 </testsuite>
 <testsuite name="node_modules\wk-ots-domain-resource\entities\documentList\crud.spec.js.osa.resource.service.documentLists" timestamp="2016-12-09T16:15:22" hostname="localhost" time="4.051" errors="0" tests="0" skipped="0" disabled="0" failures="0">
 </testsuite>
 <testsuite name="node_modules\wk-ots-domain-resource\entities\documentList\crud.spec.js.osa.resource.service.documentLists.crud" timestamp="2016-12-09T16:15:22" hostname="localhost" time="4.051" errors="0" tests="4" skipped="0" disabled="0" failures="0">
  <testcase classname="node_modules\wk-ots-domain-resource\entities\documentList\crud.spec.js.osa.resource.service.documentLists.crud" name=".add()" time="1.01" />
  <testcase classname="node_modules\wk-ots-domain-resource\entities\documentList\crud.spec.js.osa.resource.service.documentLists.crud" name=".many()" time="1.009" />
  <testcase classname="node_modules\wk-ots-domain-resource\entities\documentList\crud.spec.js.osa.resource.service.documentLists.crud" name=".one()" time="1.014" />
  <testcase classname="node_modules\wk-ots-domain-resource\entities\documentList\crud.spec.js.osa.resource.service.documentLists.crud" name=".remove()" time="1.012" />
 </testsuite>
 <testsuite name="node_modules\wk-ots-domain-resource\entities\documentReference\crud.spec.js" timestamp="2016-12-09T16:15:26" hostname="localhost" time="4.038" errors="0" tests="0" skipped="0" disabled="0" failures="0">
 </testsuite>
 <testsuite name="node_modules\wk-ots-domain-resource\entities\documentReference\crud.spec.js.osa.resource.service.documentReferences" timestamp="2016-12-09T16:15:26" hostname="localhost" time="4.038" errors="0" tests="0" skipped="0" disabled="0" failures="0">
 </testsuite>
 <testsuite name="node_modules\wk-ots-domain-resource\entities\documentReference\crud.spec.js.osa.resource.service.documentReferences.crud" timestamp="2016-12-09T16:15:26" hostname="localhost" time="4.038" errors="0" tests="4" skipped="0" disabled="0" failures="0">
  <testcase classname="node_modules\wk-ots-domain-resource\entities\documentReference\crud.spec.js.osa.resource.service.documentReferences.crud" name=".add()" time="1.011" />
  <testcase classname="node_modules\wk-ots-domain-resource\entities\documentReference\crud.spec.js.osa.resource.service.documentReferences.crud" name=".many()" time="1.01" />
  <testcase classname="node_modules\wk-ots-domain-resource\entities\documentReference\crud.spec.js.osa.resource.service.documentReferences.crud" name=".one()" time="1.008" />
  <testcase classname="node_modules\wk-ots-domain-resource\entities\documentReference\crud.spec.js.osa.resource.service.documentReferences.crud" name=".remove()" time="1.009" />
 </testsuite>
 <testsuite name="node_modules\wk-ots-domain-resource\entities\documentRelation\crud.spec.js" timestamp="2016-12-09T16:15:30" hostname="localhost" time="4.061" errors="0" tests="0" skipped="0" disabled="0" failures="0">
 </testsuite>
 <testsuite name="node_modules\wk-ots-domain-resource\entities\documentRelation\crud.spec.js.osa.resource.service.documentRelations" timestamp="2016-12-09T16:15:30" hostname="localhost" time="4.061" errors="0" tests="0" skipped="0" disabled="0" failures="0">
 </testsuite>
 <testsuite name="node_modules\wk-ots-domain-resource\entities\documentRelation\crud.spec.js.osa.resource.service.documentRelations.crud" timestamp="2016-12-09T16:15:30" hostname="localhost" time="4.06" errors="0" tests="4" skipped="0" disabled="0" failures="0">
  <testcase classname="node_modules\wk-ots-domain-resource\entities\documentRelation\crud.spec.js.osa.resource.service.documentRelations.crud" name=".add()" time="1.021" />
  <testcase classname="node_modules\wk-ots-domain-resource\entities\documentRelation\crud.spec.js.osa.resource.service.documentRelations.crud" name=".many()" time="1.014" />
  <testcase classname="node_modules\wk-ots-domain-resource\entities\documentRelation\crud.spec.js.osa.resource.service.documentRelations.crud" name=".one()" time="1.013" />
  <testcase classname="node_modules\wk-ots-domain-resource\entities\documentRelation\crud.spec.js.osa.resource.service.documentRelations.crud" name=".remove()" time="1.012" />
 </testsuite>
 <testsuite name="node_modules\wk-ots-domain-resource\entities\documentStream\crud.spec.js" timestamp="2016-12-09T16:15:34" hostname="localhost" time="4.054" errors="0" tests="0" skipped="0" disabled="0" failures="0">
 </testsuite>
 <testsuite name="node_modules\wk-ots-domain-resource\entities\documentStream\crud.spec.js.osa.resource.service.documentStreams" timestamp="2016-12-09T16:15:34" hostname="localhost" time="4.053" errors="0" tests="0" skipped="0" disabled="0" failures="0">
 </testsuite>
 <testsuite name="node_modules\wk-ots-domain-resource\entities\documentStream\crud.spec.js.osa.resource.service.documentStreams.crud" timestamp="2016-12-09T16:15:34" hostname="localhost" time="4.053" errors="0" tests="4" skipped="0" disabled="0" failures="0">
  <testcase classname="node_modules\wk-ots-domain-resource\entities\documentStream\crud.spec.js.osa.resource.service.documentStreams.crud" name=".add()" time="1.017" />
  <testcase classname="node_modules\wk-ots-domain-resource\entities\documentStream\crud.spec.js.osa.resource.service.documentStreams.crud" name=".many()" time="1.01" />
  <testcase classname="node_modules\wk-ots-domain-resource\entities\documentStream\crud.spec.js.osa.resource.service.documentStreams.crud" name=".one()" time="1.013" />
  <testcase classname="node_modules\wk-ots-domain-resource\entities\documentStream\crud.spec.js.osa.resource.service.documentStreams.crud" name=".remove()" time="1.013" />
 </testsuite>
 <testsuite name="node_modules\wk-ots-domain-resource\entities\job\crud.spec.js" timestamp="2016-12-09T16:15:38" hostname="localhost" time="4.04" errors="0" tests="0" skipped="0" disabled="0" failures="0">
 </testsuite>
 <testsuite name="node_modules\wk-ots-domain-resource\entities\job\crud.spec.js.osa.resource.service.jobs" timestamp="2016-12-09T16:15:38" hostname="localhost" time="4.04" errors="0" tests="0" skipped="0" disabled="0" failures="0">
 </testsuite>
 <testsuite name="node_modules\wk-ots-domain-resource\entities\job\crud.spec.js.osa.resource.service.jobs.crud" timestamp="2016-12-09T16:15:38" hostname="localhost" time="4.04" errors="0" tests="4" skipped="0" disabled="0" failures="0">
  <testcase classname="node_modules\wk-ots-domain-resource\entities\job\crud.spec.js.osa.resource.service.jobs.crud" name=".add()" time="1.009" />
  <testcase classname="node_modules\wk-ots-domain-resource\entities\job\crud.spec.js.osa.resource.service.jobs.crud" name=".many()" time="1.011" />
  <testcase classname="node_modules\wk-ots-domain-resource\entities\job\crud.spec.js.osa.resource.service.jobs.crud" name=".one()" time="1.011" />
  <testcase classname="node_modules\wk-ots-domain-resource\entities\job\crud.spec.js.osa.resource.service.jobs.crud" name=".remove()" time="1.009" />
 </testsuite>
 <testsuite name="node_modules\wk-ots-domain-resource\entities\jobStatus\crud.spec.js" timestamp="2016-12-09T16:15:42" hostname="localhost" time="4.035" errors="0" tests="0" skipped="0" disabled="0" failures="0">
 </testsuite>
 <testsuite name="node_modules\wk-ots-domain-resource\entities\jobStatus\crud.spec.js.osa.resource.service.jobStatuses" timestamp="2016-12-09T16:15:42" hostname="localhost" time="4.034" errors="0" tests="0" skipped="0" disabled="0" failures="0">
 </testsuite>
 <testsuite name="node_modules\wk-ots-domain-resource\entities\jobStatus\crud.spec.js.osa.resource.service.jobStatuses.crud" timestamp="2016-12-09T16:15:42" hostname="localhost" time="4.034" errors="0" tests="4" skipped="0" disabled="0" failures="0">
  <testcase classname="node_modules\wk-ots-domain-resource\entities\jobStatus\crud.spec.js.osa.resource.service.jobStatuses.crud" name=".add()" time="1.011" />
  <testcase classname="node_modules\wk-ots-domain-resource\entities\jobStatus\crud.spec.js.osa.resource.service.jobStatuses.crud" name=".many()" time="1.006" />
  <testcase classname="node_modules\wk-ots-domain-resource\entities\jobStatus\crud.spec.js.osa.resource.service.jobStatuses.crud" name=".one()" time="1.007" />
  <testcase classname="node_modules\wk-ots-domain-resource\entities\jobStatus\crud.spec.js.osa.resource.service.jobStatuses.crud" name=".remove()" time="1.01" />
 </testsuite>
 <testsuite name="node_modules\wk-ots-domain-resource\entities\link\crud.spec.js" timestamp="2016-12-09T16:15:46" hostname="localhost" time="4.039" errors="0" tests="0" skipped="0" disabled="0" failures="0">
 </testsuite>
 <testsuite name="node_modules\wk-ots-domain-resource\entities\link\crud.spec.js.osa.resource.service.links" timestamp="2016-12-09T16:15:46" hostname="localhost" time="4.039" errors="0" tests="0" skipped="0" disabled="0" failures="0">
 </testsuite>
 <testsuite name="node_modules\wk-ots-domain-resource\entities\link\crud.spec.js.osa.resource.service.links.crud" timestamp="2016-12-09T16:15:46" hostname="localhost" time="4.039" errors="0" tests="4" skipped="0" disabled="0" failures="0">
  <testcase classname="node_modules\wk-ots-domain-resource\entities\link\crud.spec.js.osa.resource.service.links.crud" name=".add()" time="1.011" />
  <testcase classname="node_modules\wk-ots-domain-resource\entities\link\crud.spec.js.osa.resource.service.links.crud" name=".many()" time="1.01" />
  <testcase classname="node_modules\wk-ots-domain-resource\entities\link\crud.spec.js.osa.resource.service.links.crud" name=".one()" time="1.013" />
  <testcase classname="node_modules\wk-ots-domain-resource\entities\link\crud.spec.js.osa.resource.service.links.crud" name=".remove()" time="1.005" />
 </testsuite>
 <testsuite name="node_modules\wk-ots-domain-resource\entities\linkSet\crud.spec.js" timestamp="2016-12-09T16:15:50" hostname="localhost" time="4.041" errors="0" tests="0" skipped="0" disabled="0" failures="0">
 </testsuite>
 <testsuite name="node_modules\wk-ots-domain-resource\entities\linkSet\crud.spec.js.osa.resource.service.linkSets" timestamp="2016-12-09T16:15:50" hostname="localhost" time="4.041" errors="0" tests="0" skipped="0" disabled="0" failures="0">
 </testsuite>
 <testsuite name="node_modules\wk-ots-domain-resource\entities\linkSet\crud.spec.js.osa.resource.service.linkSets.crud" timestamp="2016-12-09T16:15:50" hostname="localhost" time="4.041" errors="0" tests="4" skipped="0" disabled="0" failures="0">
  <testcase classname="node_modules\wk-ots-domain-resource\entities\linkSet\crud.spec.js.osa.resource.service.linkSets.crud" name=".add()" time="1.008" />
  <testcase classname="node_modules\wk-ots-domain-resource\entities\linkSet\crud.spec.js.osa.resource.service.linkSets.crud" name=".many()" time="1.009" />
  <testcase classname="node_modules\wk-ots-domain-resource\entities\linkSet\crud.spec.js.osa.resource.service.linkSets.crud" name=".one()" time="1.016" />
  <testcase classname="node_modules\wk-ots-domain-resource\entities\linkSet\crud.spec.js.osa.resource.service.linkSets.crud" name=".remove()" time="1.006" />
 </testsuite>
 <testsuite name="node_modules\wk-ots-domain-resource\entities\path\crud.spec.js" timestamp="2016-12-09T16:15:55" hostname="localhost" time="4.042" errors="0" tests="0" skipped="0" disabled="0" failures="0">
 </testsuite>
 <testsuite name="node_modules\wk-ots-domain-resource\entities\path\crud.spec.js.osa.resource.service.paths" timestamp="2016-12-09T16:15:55" hostname="localhost" time="4.042" errors="0" tests="0" skipped="0" disabled="0" failures="0">
 </testsuite>
 <testsuite name="node_modules\wk-ots-domain-resource\entities\path\crud.spec.js.osa.resource.service.paths.crud" timestamp="2016-12-09T16:15:55" hostname="localhost" time="4.042" errors="0" tests="4" skipped="0" disabled="0" failures="0">
  <testcase classname="node_modules\wk-ots-domain-resource\entities\path\crud.spec.js.osa.resource.service.paths.crud" name=".add()" time="1.014" />
  <testcase classname="node_modules\wk-ots-domain-resource\entities\path\crud.spec.js.osa.resource.service.paths.crud" name=".many()" time="1.01" />
  <testcase classname="node_modules\wk-ots-domain-resource\entities\path\crud.spec.js.osa.resource.service.paths.crud" name=".one()" time="1.008" />
  <testcase classname="node_modules\wk-ots-domain-resource\entities\path\crud.spec.js.osa.resource.service.paths.crud" name=".remove()" time="1.01" />
 </testsuite>
 <testsuite name="node_modules\wk-ots-domain-resource\entities\topicalTree\crud.spec.js" timestamp="2016-12-09T16:15:59" hostname="localhost" time="4.049" errors="0" tests="0" skipped="0" disabled="0" failures="0">
 </testsuite>
 <testsuite name="node_modules\wk-ots-domain-resource\entities\topicalTree\crud.spec.js.osa.resource.service.topicalTrees" timestamp="2016-12-09T16:15:59" hostname="localhost" time="4.049" errors="0" tests="0" skipped="0" disabled="0" failures="0">
 </testsuite>
 <testsuite name="node_modules\wk-ots-domain-resource\entities\topicalTree\crud.spec.js.osa.resource.service.topicalTrees.crud" timestamp="2016-12-09T16:15:59" hostname="localhost" time="4.049" errors="0" tests="4" skipped="0" disabled="0" failures="0">
  <testcase classname="node_modules\wk-ots-domain-resource\entities\topicalTree\crud.spec.js.osa.resource.service.topicalTrees.crud" name=".add()" time="1.012" />
  <testcase classname="node_modules\wk-ots-domain-resource\entities\topicalTree\crud.spec.js.osa.resource.service.topicalTrees.crud" name=".many()" time="1.015" />
  <testcase classname="node_modules\wk-ots-domain-resource\entities\topicalTree\crud.spec.js.osa.resource.service.topicalTrees.crud" name=".one()" time="1.011" />
  <testcase classname="node_modules\wk-ots-domain-resource\entities\topicalTree\crud.spec.js.osa.resource.service.topicalTrees.crud" name=".remove()" time="1.011" />
 </testsuite>
 <testsuite name="node_modules\wk-ots-domain-resource\entities\topicalTreeNode\crud.spec.js" timestamp="2016-12-09T16:16:03" hostname="localhost" time="4.038" errors="0" tests="0" skipped="0" disabled="0" failures="0">
 </testsuite>
 <testsuite name="node_modules\wk-ots-domain-resource\entities\topicalTreeNode\crud.spec.js.osa.resource.service.topicalTreeNodes" timestamp="2016-12-09T16:16:03" hostname="localhost" time="4.037" errors="0" tests="0" skipped="0" disabled="0" failures="0">
 </testsuite>
 <testsuite name="node_modules\wk-ots-domain-resource\entities\topicalTreeNode\crud.spec.js.osa.resource.service.topicalTreeNodes.crud" timestamp="2016-12-09T16:16:03" hostname="localhost" time="4.037" errors="0" tests="4" skipped="0" disabled="0" failures="0">
  <testcase classname="node_modules\wk-ots-domain-resource\entities\topicalTreeNode\crud.spec.js.osa.resource.service.topicalTreeNodes.crud" name=".add()" time="1.012" />
  <testcase classname="node_modules\wk-ots-domain-resource\entities\topicalTreeNode\crud.spec.js.osa.resource.service.topicalTreeNodes.crud" name=".many()" time="1.012" />
  <testcase classname="node_modules\wk-ots-domain-resource\entities\topicalTreeNode\crud.spec.js.osa.resource.service.topicalTreeNodes.crud" name=".one()" time="1.007" />
  <testcase classname="node_modules\wk-ots-domain-resource\entities\topicalTreeNode\crud.spec.js.osa.resource.service.topicalTreeNodes.crud" name=".remove()" time="1.006" />
 </testsuite>
 <testsuite name="node_modules\wk-ots-domain-resource\entities\translation\crud.spec.js" timestamp="2016-12-09T16:16:07" hostname="localhost" time="4.033" errors="0" tests="0" skipped="0" disabled="0" failures="0">
 </testsuite>
 <testsuite name="node_modules\wk-ots-domain-resource\entities\translation\crud.spec.js.osa.resource.service.translations" timestamp="2016-12-09T16:16:07" hostname="localhost" time="4.033" errors="0" tests="0" skipped="0" disabled="0" failures="0">
 </testsuite>
 <testsuite name="node_modules\wk-ots-domain-resource\entities\translation\crud.spec.js.osa.resource.service.translations.crud" timestamp="2016-12-09T16:16:07" hostname="localhost" time="4.033" errors="0" tests="4" skipped="0" disabled="0" failures="0">
  <testcase classname="node_modules\wk-ots-domain-resource\entities\translation\crud.spec.js.osa.resource.service.translations.crud" name=".add()" time="1.011" />
  <testcase classname="node_modules\wk-ots-domain-resource\entities\translation\crud.spec.js.osa.resource.service.translations.crud" name=".many()" time="1.006" />
  <testcase classname="node_modules\wk-ots-domain-resource\entities\translation\crud.spec.js.osa.resource.service.translations.crud" name=".one()" time="1.007" />
  <testcase classname="node_modules\wk-ots-domain-resource\entities\translation\crud.spec.js.osa.resource.service.translations.crud" name=".remove()" time="1.008" />
 </testsuite>
 <testsuite name="node_modules\wk-ots-domain-search\entities\collection\crud.spec.js" timestamp="2016-12-09T16:16:11" hostname="localhost" time="4.042" errors="0" tests="0" skipped="0" disabled="0" failures="0">
 </testsuite>
 <testsuite name="node_modules\wk-ots-domain-search\entities\collection\crud.spec.js.osa.search.service.collections" timestamp="2016-12-09T16:16:11" hostname="localhost" time="4.042" errors="0" tests="0" skipped="0" disabled="0" failures="0">
 </testsuite>
 <testsuite name="node_modules\wk-ots-domain-search\entities\collection\crud.spec.js.osa.search.service.collections.crud" timestamp="2016-12-09T16:16:11" hostname="localhost" time="4.042" errors="0" tests="4" skipped="0" disabled="0" failures="0">
  <testcase classname="node_modules\wk-ots-domain-search\entities\collection\crud.spec.js.osa.search.service.collections.crud" name=".add()" time="1.014" />
  <testcase classname="node_modules\wk-ots-domain-search\entities\collection\crud.spec.js.osa.search.service.collections.crud" name=".many()" time="1.008" />
  <testcase classname="node_modules\wk-ots-domain-search\entities\collection\crud.spec.js.osa.search.service.collections.crud" name=".one()" time="1.013" />
  <testcase classname="node_modules\wk-ots-domain-search\entities\collection\crud.spec.js.osa.search.service.collections.crud" name=".remove()" time="1.007" />
 </testsuite>
 <testsuite name="node_modules\wk-ots-domain-search\entities\document\crud.spec.js" timestamp="2016-12-09T16:16:15" hostname="localhost" time="4.039" errors="0" tests="0" skipped="0" disabled="0" failures="0">
 </testsuite>
 <testsuite name="node_modules\wk-ots-domain-search\entities\document\crud.spec.js.osa.search.service.documents" timestamp="2016-12-09T16:16:15" hostname="localhost" time="4.039" errors="0" tests="0" skipped="0" disabled="0" failures="0">
 </testsuite>
 <testsuite name="node_modules\wk-ots-domain-search\entities\document\crud.spec.js.osa.search.service.documents.crud" timestamp="2016-12-09T16:16:15" hostname="localhost" time="4.039" errors="0" tests="4" skipped="0" disabled="0" failures="0">
  <testcase classname="node_modules\wk-ots-domain-search\entities\document\crud.spec.js.osa.search.service.documents.crud" name=".add()" time="1.008" />
  <testcase classname="node_modules\wk-ots-domain-search\entities\document\crud.spec.js.osa.search.service.documents.crud" name=".many()" time="1.009" />
  <testcase classname="node_modules\wk-ots-domain-search\entities\document\crud.spec.js.osa.search.service.documents.crud" name=".one()" time="1.012" />
  <testcase classname="node_modules\wk-ots-domain-search\entities\document\crud.spec.js.osa.search.service.documents.crud" name=".remove()" time="1.01" />
 </testsuite>
 <testsuite name="node_modules\wk-ots-domain-topic\entities\contentListSection\crud.spec.js" timestamp="2016-12-09T16:16:19" hostname="localhost" time="4.05" errors="0" tests="0" skipped="0" disabled="0" failures="0">
 </testsuite>
 <testsuite name="node_modules\wk-ots-domain-topic\entities\contentListSection\crud.spec.js.osa.topic.service.contentListSections" timestamp="2016-12-09T16:16:19" hostname="localhost" time="4.044" errors="0" tests="0" skipped="0" disabled="0" failures="0">
 </testsuite>
 <testsuite name="node_modules\wk-ots-domain-topic\entities\contentListSection\crud.spec.js.osa.topic.service.contentListSections.crud" timestamp="2016-12-09T16:16:19" hostname="localhost" time="4.044" errors="0" tests="4" skipped="0" disabled="0" failures="0">
  <testcase classname="node_modules\wk-ots-domain-topic\entities\contentListSection\crud.spec.js.osa.topic.service.contentListSections.crud" name=".add()" time="1.009" />
  <testcase classname="node_modules\wk-ots-domain-topic\entities\contentListSection\crud.spec.js.osa.topic.service.contentListSections.crud" name=".many()" time="1.01" />
  <testcase classname="node_modules\wk-ots-domain-topic\entities\contentListSection\crud.spec.js.osa.topic.service.contentListSections.crud" name=".one()" time="1.013" />
  <testcase classname="node_modules\wk-ots-domain-topic\entities\contentListSection\crud.spec.js.osa.topic.service.contentListSections.crud" name=".remove()" time="1.011" />
 </testsuite>
 <testsuite name="node_modules\wk-ots-domain-topic\entities\documentListSection\crud.spec.js" timestamp="2016-12-09T16:16:23" hostname="localhost" time="4.043" errors="0" tests="0" skipped="0" disabled="0" failures="0">
 </testsuite>
 <testsuite name="node_modules\wk-ots-domain-topic\entities\documentListSection\crud.spec.js.osa.topic.service.documentListSections" timestamp="2016-12-09T16:16:23" hostname="localhost" time="4.043" errors="0" tests="0" skipped="0" disabled="0" failures="0">
 </testsuite>
 <testsuite name="node_modules\wk-ots-domain-topic\entities\documentListSection\crud.spec.js.osa.topic.service.documentListSections.crud" timestamp="2016-12-09T16:16:23" hostname="localhost" time="4.043" errors="0" tests="4" skipped="0" disabled="0" failures="0">
  <testcase classname="node_modules\wk-ots-domain-topic\entities\documentListSection\crud.spec.js.osa.topic.service.documentListSections.crud" name=".add()" time="1.013" />
  <testcase classname="node_modules\wk-ots-domain-topic\entities\documentListSection\crud.spec.js.osa.topic.service.documentListSections.crud" name=".many()" time="1.01" />
  <testcase classname="node_modules\wk-ots-domain-topic\entities\documentListSection\crud.spec.js.osa.topic.service.documentListSections.crud" name=".one()" time="1.009" />
  <testcase classname="node_modules\wk-ots-domain-topic\entities\documentListSection\crud.spec.js.osa.topic.service.documentListSections.crud" name=".remove()" time="1.011" />
 </testsuite>
 <testsuite name="node_modules\wk-ots-domain-topic\entities\linkListSection\crud.spec.js" timestamp="2016-12-09T16:16:27" hostname="localhost" time="4.041" errors="0" tests="0" skipped="0" disabled="0" failures="0">
 </testsuite>
 <testsuite name="node_modules\wk-ots-domain-topic\entities\linkListSection\crud.spec.js.osa.topic.service.linkListSections" timestamp="2016-12-09T16:16:27" hostname="localhost" time="4.041" errors="0" tests="0" skipped="0" disabled="0" failures="0">
 </testsuite>
 <testsuite name="node_modules\wk-ots-domain-topic\entities\linkListSection\crud.spec.js.osa.topic.service.linkListSections.crud" timestamp="2016-12-09T16:16:27" hostname="localhost" time="4.041" errors="0" tests="4" skipped="0" disabled="0" failures="0">
  <testcase classname="node_modules\wk-ots-domain-topic\entities\linkListSection\crud.spec.js.osa.topic.service.linkListSections.crud" name=".add()" time="1.01" />
  <testcase classname="node_modules\wk-ots-domain-topic\entities\linkListSection\crud.spec.js.osa.topic.service.linkListSections.crud" name=".many()" time="1.009" />
  <testcase classname="node_modules\wk-ots-domain-topic\entities\linkListSection\crud.spec.js.osa.topic.service.linkListSections.crud" name=".one()" time="1.011" />
  <testcase classname="node_modules\wk-ots-domain-topic\entities\linkListSection\crud.spec.js.osa.topic.service.linkListSections.crud" name=".remove()" time="1.011" />
 </testsuite>
 <testsuite name="node_modules\wk-ots-domain-topic\entities\section\crud.spec.js" timestamp="2016-12-09T16:16:31" hostname="localhost" time="4.038" errors="0" tests="0" skipped="0" disabled="0" failures="0">
 </testsuite>
 <testsuite name="node_modules\wk-ots-domain-topic\entities\section\crud.spec.js.osa.topic.service.sections" timestamp="2016-12-09T16:16:31" hostname="localhost" time="4.038" errors="0" tests="0" skipped="0" disabled="0" failures="0">
 </testsuite>
 <testsuite name="node_modules\wk-ots-domain-topic\entities\section\crud.spec.js.osa.topic.service.sections.crud" timestamp="2016-12-09T16:16:31" hostname="localhost" time="4.036" errors="0" tests="4" skipped="0" disabled="0" failures="0">
  <testcase classname="node_modules\wk-ots-domain-topic\entities\section\crud.spec.js.osa.topic.service.sections.crud" name=".add()" time="1.012" />
  <testcase classname="node_modules\wk-ots-domain-topic\entities\section\crud.spec.js.osa.topic.service.sections.crud" name=".many()" time="1.008" />
  <testcase classname="node_modules\wk-ots-domain-topic\entities\section\crud.spec.js.osa.topic.service.sections.crud" name=".one()" time="1.007" />
  <testcase classname="node_modules\wk-ots-domain-topic\entities\section\crud.spec.js.osa.topic.service.sections.crud" name=".remove()" time="1.009" />
 </testsuite>
 <testsuite name="node_modules\wk-ots-domain-topic\entities\topic\crud.spec.js" timestamp="2016-12-09T16:16:35" hostname="localhost" time="4.056" errors="0" tests="0" skipped="0" disabled="0" failures="0">
 </testsuite>
 <testsuite name="node_modules\wk-ots-domain-topic\entities\topic\crud.spec.js.osa.topic.service.topics" timestamp="2016-12-09T16:16:35" hostname="localhost" time="4.056" errors="0" tests="0" skipped="0" disabled="0" failures="0">
 </testsuite>
 <testsuite name="node_modules\wk-ots-domain-topic\entities\topic\crud.spec.js.osa.topic.service.topics.crud" timestamp="2016-12-09T16:16:35" hostname="localhost" time="4.056" errors="0" tests="4" skipped="0" disabled="0" failures="0">
  <testcase classname="node_modules\wk-ots-domain-topic\entities\topic\crud.spec.js.osa.topic.service.topics.crud" name=".add()" time="1.016" />
  <testcase classname="node_modules\wk-ots-domain-topic\entities\topic\crud.spec.js.osa.topic.service.topics.crud" name=".many()" time="1.014" />
  <testcase classname="node_modules\wk-ots-domain-topic\entities\topic\crud.spec.js.osa.topic.service.topics.crud" name=".one()" time="1.01" />
  <testcase classname="node_modules\wk-ots-domain-topic\entities\topic\crud.spec.js.osa.topic.service.topics.crud" name=".remove()" time="1.015" />
 </testsuite>
 <testsuite name="node_modules\wk-ots-domain-topic\entities\topicSet\crud.spec.js" timestamp="2016-12-09T16:16:39" hostname="localhost" time="4.05" errors="0" tests="0" skipped="0" disabled="0" failures="0">
 </testsuite>
 <testsuite name="node_modules\wk-ots-domain-topic\entities\topicSet\crud.spec.js.osa.topic.service.topicSets" timestamp="2016-12-09T16:16:39" hostname="localhost" time="4.049" errors="0" tests="0" skipped="0" disabled="0" failures="0">
 </testsuite>
 <testsuite name="node_modules\wk-ots-domain-topic\entities\topicSet\crud.spec.js.osa.topic.service.topicSets.crud" timestamp="2016-12-09T16:16:39" hostname="localhost" time="4.049" errors="0" tests="4" skipped="0" disabled="0" failures="0">
  <testcase classname="node_modules\wk-ots-domain-topic\entities\topicSet\crud.spec.js.osa.topic.service.topicSets.crud" name=".add()" time="1.011" />
  <testcase classname="node_modules\wk-ots-domain-topic\entities\topicSet\crud.spec.js.osa.topic.service.topicSets.crud" name=".many()" time="1.011" />
  <testcase classname="node_modules\wk-ots-domain-topic\entities\topicSet\crud.spec.js.osa.topic.service.topicSets.crud" name=".one()" time="1.012" />
  <testcase classname="node_modules\wk-ots-domain-topic\entities\topicSet\crud.spec.js.osa.topic.service.topicSets.crud" name=".remove()" time="1.015" />
 </testsuite>
 <testsuite name="node_modules\wk-ots-domain-ca\services\alert\operations\addConfigurationToAlert.spec.js" timestamp="2016-12-09T16:16:43" hostname="localhost" time="3.034" errors="0" tests="0" skipped="0" disabled="0" failures="0">
 </testsuite>
 <testsuite name="node_modules\wk-ots-domain-ca\services\alert\operations\addConfigurationToAlert.spec.js.osa.ca.service" timestamp="2016-12-09T16:16:43" hostname="localhost" time="3.034" errors="0" tests="1" skipped="0" disabled="0" failures="0">
  <testcase classname="node_modules\wk-ots-domain-ca\services\alert\operations\addConfigurationToAlert.spec.js.osa.ca.service" name=".addConfigurationToAlert()" time="3.034" />
 </testsuite>
 <testsuite name="node_modules\wk-ots-domain-ca\services\alert\operations\clearDefaultAlertConfiguration.spec.js" timestamp="2016-12-09T16:16:46" hostname="localhost" time="5.097" errors="0" tests="0" skipped="0" disabled="0" failures="0">
 </testsuite>
 <testsuite name="node_modules\wk-ots-domain-ca\services\alert\operations\clearDefaultAlertConfiguration.spec.js.osa.ca.service" timestamp="2016-12-09T16:16:46" hostname="localhost" time="5.096" errors="0" tests="1" skipped="0" disabled="0" failures="0">
  <testcase classname="node_modules\wk-ots-domain-ca\services\alert\operations\clearDefaultAlertConfiguration.spec.js.osa.ca.service" name=".clearDefaultAlertConfiguration()" time="5.093" />
 </testsuite>
 <testsuite name="node_modules\wk-ots-domain-ca\services\alert\operations\enableDisableAlert.spec.js" timestamp="2016-12-09T16:16:51" hostname="localhost" time="4.041" errors="0" tests="0" skipped="0" disabled="0" failures="0">
 </testsuite>
 <testsuite name="node_modules\wk-ots-domain-ca\services\alert\operations\enableDisableAlert.spec.js.osa.ca.service" timestamp="2016-12-09T16:16:51" hostname="localhost" time="4.041" errors="0" tests="1" skipped="0" disabled="0" failures="0">
  <testcase classname="node_modules\wk-ots-domain-ca\services\alert\operations\enableDisableAlert.spec.js.osa.ca.service" name=".enableDisableAlert()" time="4.041" />
 </testsuite>
 <testsuite name="node_modules\wk-ots-domain-ca\services\alert\operations\enableDisableAlertConfiguration.spec.js" timestamp="2016-12-09T16:16:55" hostname="localhost" time="3.026" errors="0" tests="0" skipped="0" disabled="0" failures="0">
 </testsuite>
 <testsuite name="node_modules\wk-ots-domain-ca\services\alert\operations\enableDisableAlertConfiguration.spec.js.osa.ca.service" timestamp="2016-12-09T16:16:55" hostname="localhost" time="3.026" errors="0" tests="1" skipped="0" disabled="0" failures="0">
  <testcase classname="node_modules\wk-ots-domain-ca\services\alert\operations\enableDisableAlertConfiguration.spec.js.osa.ca.service" name=".enableDisableAlertConfiguration()" time="3.026" />
 </testsuite>
 <testsuite name="node_modules\wk-ots-domain-ca\services\alert\operations\getAlertFeed.spec.js" timestamp="2016-12-09T16:16:58" hostname="localhost" time="3.025" errors="0" tests="0" skipped="0" disabled="0" failures="0">
 </testsuite>
 <testsuite name="node_modules\wk-ots-domain-ca\services\alert\operations\getAlertFeed.spec.js.osa.ca.service" timestamp="2016-12-09T16:16:58" hostname="localhost" time="3.025" errors="0" tests="1" skipped="0" disabled="0" failures="0">
  <testcase classname="node_modules\wk-ots-domain-ca\services\alert\operations\getAlertFeed.spec.js.osa.ca.service" name=".getAlertFeed()" time="3.024" />
 </testsuite>
 <testsuite name="node_modules\wk-ots-domain-ca\services\alert\operations\getAlertResultCount.spec.js" timestamp="2016-12-09T16:17:01" hostname="localhost" time="3.033" errors="0" tests="0" skipped="0" disabled="0" failures="0">
 </testsuite>
 <testsuite name="node_modules\wk-ots-domain-ca\services\alert\operations\getAlertResultCount.spec.js.osa.ca.service" timestamp="2016-12-09T16:17:01" hostname="localhost" time="3.033" errors="0" tests="1" skipped="0" disabled="0" failures="0">
  <testcase classname="node_modules\wk-ots-domain-ca\services\alert\operations\getAlertResultCount.spec.js.osa.ca.service" name=".getAlertResultCount()" time="3.033" />
 </testsuite>
 <testsuite name="node_modules\wk-ots-domain-ca\services\alert\operations\removeConfigurationFromAlert.spec.js" timestamp="2016-12-09T16:17:04" hostname="localhost" time="4.1" errors="0" tests="0" skipped="0" disabled="0" failures="0">
 </testsuite>
 <testsuite name="node_modules\wk-ots-domain-ca\services\alert\operations\removeConfigurationFromAlert.spec.js.osa.ca.service" timestamp="2016-12-09T16:17:04" hostname="localhost" time="4.1" errors="0" tests="1" skipped="0" disabled="0" failures="0">
  <testcase classname="node_modules\wk-ots-domain-ca\services\alert\operations\removeConfigurationFromAlert.spec.js.osa.ca.service" name=".removeConfigurationFromAlert()" time="4.1" />
 </testsuite>
 <testsuite name="node_modules\wk-ots-domain-ca\services\alert\operations\setAlertsAsRead.spec.js" timestamp="2016-12-09T16:17:08" hostname="localhost" time="3.082" errors="0" tests="0" skipped="0" disabled="0" failures="0">
 </testsuite>
 <testsuite name="node_modules\wk-ots-domain-ca\services\alert\operations\setAlertsAsRead.spec.js.osa.ca.service" timestamp="2016-12-09T16:17:08" hostname="localhost" time="3.082" errors="0" tests="1" skipped="0" disabled="0" failures="0">
  <testcase classname="node_modules\wk-ots-domain-ca\services\alert\operations\setAlertsAsRead.spec.js.osa.ca.service" name=".setAlertsAsRead()" time="3.081" />
 </testsuite>
 <testsuite name="node_modules\wk-ots-domain-ca\services\tracker\operations\deselectAllUserTrackerTopics.spec.js" timestamp="2016-12-09T16:17:11" hostname="localhost" time="3.035" errors="0" tests="0" skipped="0" disabled="0" failures="0">
 </testsuite>
 <testsuite name="node_modules\wk-ots-domain-ca\services\tracker\operations\deselectAllUserTrackerTopics.spec.js.osa.ca.service" timestamp="2016-12-09T16:17:11" hostname="localhost" time="3.035" errors="0" tests="1" skipped="0" disabled="0" failures="0">
  <testcase classname="node_modules\wk-ots-domain-ca\services\tracker\operations\deselectAllUserTrackerTopics.spec.js.osa.ca.service" name=".deselectAllUserTrackerTopics()" time="3.035" />
 </testsuite>
 <testsuite name="node_modules\wk-ots-domain-ca\services\tracker\operations\getTrackerRSSFeed.spec.js" timestamp="2016-12-09T16:17:15" hostname="localhost" time="3.029" errors="0" tests="0" skipped="0" disabled="0" failures="0">
 </testsuite>
 <testsuite name="node_modules\wk-ots-domain-ca\services\tracker\operations\getTrackerRSSFeed.spec.js.osa.ca.service" timestamp="2016-12-09T16:17:15" hostname="localhost" time="3.029" errors="0" tests="1" skipped="0" disabled="0" failures="0">
  <testcase classname="node_modules\wk-ots-domain-ca\services\tracker\operations\getTrackerRSSFeed.spec.js.osa.ca.service" name=".getTrackerRSSFeed()" time="3.028" />
 </testsuite>
 <testsuite name="node_modules\wk-ots-domain-ca\services\tracker\operations\selectDeselectAllUserTrackerTopics.spec.js" timestamp="2016-12-09T16:17:18" hostname="localhost" time="3.033" errors="0" tests="0" skipped="0" disabled="0" failures="0">
 </testsuite>
 <testsuite name="node_modules\wk-ots-domain-ca\services\tracker\operations\selectDeselectAllUserTrackerTopics.spec.js.osa.ca.service" timestamp="2016-12-09T16:17:18" hostname="localhost" time="3.033" errors="0" tests="1" skipped="0" disabled="0" failures="0">
  <testcase classname="node_modules\wk-ots-domain-ca\services\tracker\operations\selectDeselectAllUserTrackerTopics.spec.js.osa.ca.service" name=".selectDeselectAllUserTrackerTopics()" time="3.033" />
 </testsuite>
 <testsuite name="node_modules\wk-ots-domain-ca\services\tracker\operations\selectDeselectUserTrackerTopics.spec.js" timestamp="2016-12-09T16:17:21" hostname="localhost" time="3.038" errors="0" tests="0" skipped="0" disabled="0" failures="0">
 </testsuite>
 <testsuite name="node_modules\wk-ots-domain-ca\services\tracker\operations\selectDeselectUserTrackerTopics.spec.js.osa.ca.service" timestamp="2016-12-09T16:17:21" hostname="localhost" time="3.038" errors="0" tests="1" skipped="0" disabled="0" failures="0">
  <testcase classname="node_modules\wk-ots-domain-ca\services\tracker\operations\selectDeselectUserTrackerTopics.spec.js.osa.ca.service" name=".selectDeselectUserTrackerTopics()" time="3.038" />
 </testsuite>
 <testsuite name="node_modules\wk-ots-domain-identity\services\authentication\operations\authenticate.spec.js" timestamp="2016-12-09T16:17:24" hostname="localhost" time="1.009" errors="0" tests="0" skipped="0" disabled="0" failures="0">
 </testsuite>
 <testsuite name="node_modules\wk-ots-domain-identity\services\authentication\operations\authenticate.spec.js.osa.identity.service" timestamp="2016-12-09T16:17:24" hostname="localhost" time="1.008" errors="0" tests="1" skipped="0" disabled="0" failures="0">
  <testcase classname="node_modules\wk-ots-domain-identity\services\authentication\operations\authenticate.spec.js.osa.identity.service" name=".authenticate()" time="1.008" />
 </testsuite>
 <testsuite name="node_modules\wk-ots-domain-identity\services\authentication\operations\forgotPassword.spec.js" timestamp="2016-12-09T16:17:25" hostname="localhost" time="1.011" errors="0" tests="0" skipped="0" disabled="0" failures="0">
 </testsuite>
 <testsuite name="node_modules\wk-ots-domain-identity\services\authentication\operations\forgotPassword.spec.js.osa.identity.service" timestamp="2016-12-09T16:17:25" hostname="localhost" time="1.01" errors="0" tests="1" skipped="0" disabled="0" failures="0">
  <testcase classname="node_modules\wk-ots-domain-identity\services\authentication\operations\forgotPassword.spec.js.osa.identity.service" name=".forgotPassword()" time="1.01" />
 </testsuite>
 <testsuite name="node_modules\wk-ots-domain-identity\services\authentication\operations\forgotUserName.spec.js" timestamp="2016-12-09T16:17:26" hostname="localhost" time="1.009" errors="0" tests="0" skipped="0" disabled="0" failures="0">
 </testsuite>
 <testsuite name="node_modules\wk-ots-domain-identity\services\authentication\operations\forgotUserName.spec.js.osa.identity.service" timestamp="2016-12-09T16:17:26" hostname="localhost" time="1.008" errors="0" tests="1" skipped="0" disabled="0" failures="0">
  <testcase classname="node_modules\wk-ots-domain-identity\services\authentication\operations\forgotUserName.spec.js.osa.identity.service" name=".forgotUserName()" time="1.007" />
 </testsuite>
 <testsuite name="node_modules\wk-ots-domain-identity\services\authentication\operations\isAuthentic.spec.js" timestamp="2016-12-09T16:17:27" hostname="localhost" time="1.009" errors="0" tests="0" skipped="0" disabled="0" failures="0">
 </testsuite>
 <testsuite name="node_modules\wk-ots-domain-identity\services\authentication\operations\isAuthentic.spec.js.osa.identity.service" timestamp="2016-12-09T16:17:27" hostname="localhost" time="1.009" errors="0" tests="1" skipped="0" disabled="0" failures="0">
  <testcase classname="node_modules\wk-ots-domain-identity\services\authentication\operations\isAuthentic.spec.js.osa.identity.service" name=".isAuthentic()" time="1.009" />
 </testsuite>
 <testsuite name="node_modules\wk-ots-domain-identity\services\authentication\operations\logout.spec.js" timestamp="2016-12-09T16:17:28" hostname="localhost" time="3.038" errors="0" tests="0" skipped="0" disabled="0" failures="0">
 </testsuite>
 <testsuite name="node_modules\wk-ots-domain-identity\services\authentication\operations\logout.spec.js.osa.identity.service" timestamp="2016-12-09T16:17:28" hostname="localhost" time="3.038" errors="0" tests="1" skipped="0" disabled="0" failures="0">
  <testcase classname="node_modules\wk-ots-domain-identity\services\authentication\operations\logout.spec.js.osa.identity.service" name="logout()" time="3.038" />
 </testsuite>
 <testsuite name="node_modules\wk-ots-domain-identity\services\session\operations\acquireSeats.spec.js" timestamp="2016-12-09T16:17:31" hostname="localhost" time="1.035" errors="0" tests="0" skipped="0" disabled="0" failures="0">
 </testsuite>
 <testsuite name="node_modules\wk-ots-domain-identity\services\session\operations\acquireSeats.spec.js.osa.identity.service.session" timestamp="2016-12-09T16:17:31" hostname="localhost" time="1.035" errors="0" tests="1" skipped="0" disabled="0" failures="0">
  <testcase classname="node_modules\wk-ots-domain-identity\services\session\operations\acquireSeats.spec.js.osa.identity.service.session" name=".acquireSeats()" time="1.035" />
 </testsuite>
 <testsuite name="node_modules\wk-ots-domain-identity\services\session\operations\createNewSession.spec.js" timestamp="2016-12-09T16:17:32" hostname="localhost" time="2.031" errors="0" tests="0" skipped="0" disabled="0" failures="0">
 </testsuite>
 <testsuite name="node_modules\wk-ots-domain-identity\services\session\operations\createNewSession.spec.js.osa.identity.service.session" timestamp="2016-12-09T16:17:32" hostname="localhost" time="2.031" errors="0" tests="1" skipped="0" disabled="0" failures="1">
  <testcase classname="node_modules\wk-ots-domain-identity\services\session\operations\createNewSession.spec.js.osa.identity.service.session" name=".createNewSession()" time="2.03">
   <failure type="exception" message="TypeError: osa.identity.CreateNewSession is not a constructor"><![CDATA[TypeError: osa.identity.CreateNewSession is not a constructor
    at Object.done (D:\Projects\osa-test-suite-seed\node_modules\wk-ots-domain-identity\services\session\operations\createNewSession.spec.js:23:86)
    at attemptAsync (D:\Projects\osa-test-suite-seed\node_modules\jasmine-core\lib\jasmine-core\jasmine.js:1916:24)
    at QueueRunner.run (D:\Projects\osa-test-suite-seed\node_modules\jasmine-core\lib\jasmine-core\jasmine.js:1871:9)
    at D:\Projects\osa-test-suite-seed\node_modules\jasmine-core\lib\jasmine-core\jasmine.js:1898:16
    at D:\Projects\osa-test-suite-seed\node_modules\jasmine-core\lib\jasmine-core\jasmine.js:1842:9
    at process._tickCallback (internal/process/next_tick.js:103:7)]]>
   </failure>
  </testcase>
 </testsuite>
 <testsuite name="node_modules\wk-ots-domain-identity\services\session\operations\createSession.spec.js" timestamp="2016-12-09T16:17:34" hostname="localhost" time="3.025" errors="0" tests="0" skipped="0" disabled="0" failures="0">
 </testsuite>
 <testsuite name="node_modules\wk-ots-domain-identity\services\session\operations\createSession.spec.js.osa.identity.service.session" timestamp="2016-12-09T16:17:34" hostname="localhost" time="3.025" errors="0" tests="1" skipped="0" disabled="0" failures="0">
  <testcase classname="node_modules\wk-ots-domain-identity\services\session\operations\createSession.spec.js.osa.identity.service.session" name=".createSession()" time="3.025" />
 </testsuite>
 <testsuite name="node_modules\wk-ots-domain-identity\services\session\operations\getActiveSession.spec.js" timestamp="2016-12-09T16:17:37" hostname="localhost" time="1.013" errors="0" tests="0" skipped="0" disabled="0" failures="0">
 </testsuite>
 <testsuite name="node_modules\wk-ots-domain-identity\services\session\operations\getActiveSession.spec.js.osa.identity.service.session" timestamp="2016-12-09T16:17:37" hostname="localhost" time="1.013" errors="0" tests="1" skipped="0" disabled="0" failures="0">
  <testcase classname="node_modules\wk-ots-domain-identity\services\session\operations\getActiveSession.spec.js.osa.identity.service.session" name="getActiveSession()" time="1.013" />
 </testsuite>
 <testsuite name="node_modules\wk-ots-domain-identity\services\session\operations\refreshSession.spec.js" timestamp="2016-12-09T16:17:38" hostname="localhost" time="1.018" errors="0" tests="0" skipped="0" disabled="0" failures="0">
 </testsuite>
 <testsuite name="node_modules\wk-ots-domain-identity\services\session\operations\refreshSession.spec.js.osa.identity.service" timestamp="2016-12-09T16:17:38" hostname="localhost" time="1.018" errors="0" tests="1" skipped="0" disabled="0" failures="0">
  <testcase classname="node_modules\wk-ots-domain-identity\services\session\operations\refreshSession.spec.js.osa.identity.service" name="refreshSession()" time="1.013" />
 </testsuite>
 <testsuite name="node_modules\wk-ots-domain-identity\services\session\operations\releaseSeats.spec.js" timestamp="2016-12-09T16:17:39" hostname="localhost" time="1.014" errors="0" tests="0" skipped="0" disabled="0" failures="0">
 </testsuite>
 <testsuite name="node_modules\wk-ots-domain-identity\services\session\operations\releaseSeats.spec.js.osa.identity.service" timestamp="2016-12-09T16:17:39" hostname="localhost" time="1.014" errors="0" tests="1" skipped="0" disabled="0" failures="0">
  <testcase classname="node_modules\wk-ots-domain-identity\services\session\operations\releaseSeats.spec.js.osa.identity.service" name=".releaseSeats()" time="1.014" />
 </testsuite>
 <testsuite name="node_modules\wk-ots-domain-identity\services\session\operations\validateSession.spec.js" timestamp="2016-12-09T16:17:40" hostname="localhost" time="1.009" errors="0" tests="0" skipped="0" disabled="0" failures="0">
 </testsuite>
 <testsuite name="node_modules\wk-ots-domain-identity\services\session\operations\validateSession.spec.js.osa.identity.service" timestamp="2016-12-09T16:17:40" hostname="localhost" time="1.009" errors="0" tests="1" skipped="0" disabled="0" failures="0">
  <testcase classname="node_modules\wk-ots-domain-identity\services\session\operations\validateSession.spec.js.osa.identity.service" name="validateSession()" time="1.009" />
 </testsuite>
 <testsuite name="node_modules\wk-ots-domain-identity\services\session\operations\validateSessionById.spec.js" timestamp="2016-12-09T16:17:41" hostname="localhost" time="2.015" errors="0" tests="0" skipped="0" disabled="0" failures="0">
 </testsuite>
 <testsuite name="node_modules\wk-ots-domain-identity\services\session\operations\validateSessionById.spec.js.osa.identity.service" timestamp="2016-12-09T16:17:41" hostname="localhost" time="2.015" errors="0" tests="1" skipped="0" disabled="0" failures="0">
  <testcase classname="node_modules\wk-ots-domain-identity\services\session\operations\validateSessionById.spec.js.osa.identity.service" name="validateSessionById()" time="2.015" />
 </testsuite>
 <testsuite name="node_modules\wk-ots-domain-personalitem\services\annotation\operations\createAnnotationInContainer.spec.js" timestamp="2016-12-09T16:17:43" hostname="localhost" time="3.032" errors="0" tests="0" skipped="0" disabled="0" failures="0">
 </testsuite>
 <testsuite name="node_modules\wk-ots-domain-personalitem\services\annotation\operations\createAnnotationInContainer.spec.js.osa.personalitem.service.annotation" timestamp="2016-12-09T16:17:43" hostname="localhost" time="3.032" errors="0" tests="1" skipped="0" disabled="0" failures="0">
  <testcase classname="node_modules\wk-ots-domain-personalitem\services\annotation\operations\createAnnotationInContainer.spec.js.osa.personalitem.service.annotation" name=".createAnnotationInContainer()" time="3.031" />
 </testsuite>
 <testsuite name="node_modules\wk-ots-domain-personalitem\services\annotation\operations\deleteAnnotationsForResource.spec.js" timestamp="2016-12-09T16:17:46" hostname="localhost" time="1.013" errors="0" tests="0" skipped="0" disabled="0" failures="0">
 </testsuite>
 <testsuite name="node_modules\wk-ots-domain-personalitem\services\annotation\operations\deleteAnnotationsForResource.spec.js.osa.personalitem.service.annotation" timestamp="2016-12-09T16:17:46" hostname="localhost" time="1.013" errors="0" tests="1" skipped="0" disabled="0" failures="0">
  <testcase classname="node_modules\wk-ots-domain-personalitem\services\annotation\operations\deleteAnnotationsForResource.spec.js.osa.personalitem.service.annotation" name=".deleteAnnotationsForResource()" time="1.013" />
 </testsuite>
 <testsuite name="node_modules\wk-ots-domain-personalitem\services\annotation\operations\getAnnotatedResources.spec.js" timestamp="2016-12-09T16:17:47" hostname="localhost" time="1.013" errors="0" tests="0" skipped="0" disabled="0" failures="0">
 </testsuite>
 <testsuite name="node_modules\wk-ots-domain-personalitem\services\annotation\operations\getAnnotatedResources.spec.js.osa.personalitem.service.annotation" timestamp="2016-12-09T16:17:47" hostname="localhost" time="1.013" errors="0" tests="1" skipped="0" disabled="0" failures="0">
  <testcase classname="node_modules\wk-ots-domain-personalitem\services\annotation\operations\getAnnotatedResources.spec.js.osa.personalitem.service.annotation" name=".getAnnotatedResources()" time="1.013" />
 </testsuite>
 <testsuite name="node_modules\wk-ots-domain-personalitem\services\annotation\operations\getRenderedAnnotations.spec.js" timestamp="2016-12-09T16:17:48" hostname="localhost" time="3.036" errors="0" tests="0" skipped="0" disabled="0" failures="0">
 </testsuite>
 <testsuite name="node_modules\wk-ots-domain-personalitem\services\annotation\operations\getRenderedAnnotations.spec.js.osa.personalitem.service.annotation" timestamp="2016-12-09T16:17:48" hostname="localhost" time="3.036" errors="0" tests="1" skipped="0" disabled="0" failures="0">
  <testcase classname="node_modules\wk-ots-domain-personalitem\services\annotation\operations\getRenderedAnnotations.spec.js.osa.personalitem.service.annotation" name=".getRenderedAnnotations()" time="3.036" />
 </testsuite>
 <testsuite name="node_modules\wk-ots-domain-personalitem\services\annotation\operations\getResourceAnnotationCount.spec.js" timestamp="2016-12-09T16:17:51" hostname="localhost" time="1.014" errors="0" tests="0" skipped="0" disabled="0" failures="0">
 </testsuite>
 <testsuite name="node_modules\wk-ots-domain-personalitem\services\annotation\operations\getResourceAnnotationCount.spec.js.osa.personalitem.service.annotation" timestamp="2016-12-09T16:17:51" hostname="localhost" time="1.014" errors="0" tests="1" skipped="0" disabled="0" failures="0">
  <testcase classname="node_modules\wk-ots-domain-personalitem\services\annotation\operations\getResourceAnnotationCount.spec.js.osa.personalitem.service.annotation" name=".getResourceAnnotationCount()" time="1.014" />
 </testsuite>
 <testsuite name="node_modules\wk-ots-domain-personalitem\services\annotation\operations\getResourceAnnotations.spec.js" timestamp="2016-12-09T16:17:52" hostname="localhost" time="1.013" errors="0" tests="0" skipped="0" disabled="0" failures="0">
 </testsuite>
 <testsuite name="node_modules\wk-ots-domain-personalitem\services\annotation\operations\getResourceAnnotations.spec.js.osa.personalitem.service.annotation" timestamp="2016-12-09T16:17:52" hostname="localhost" time="1.013" errors="0" tests="1" skipped="0" disabled="0" failures="0">
  <testcase classname="node_modules\wk-ots-domain-personalitem\services\annotation\operations\getResourceAnnotations.spec.js.osa.personalitem.service.annotation" name=".getResourceAnnotations()" time="1.011" />
 </testsuite>
 <testsuite name="node_modules\wk-ots-domain-personalitem\services\annotation\operations\updateAnnotationAttributes.spec.js" timestamp="2016-12-09T16:17:53" hostname="localhost" time="4.051" errors="0" tests="0" skipped="0" disabled="0" failures="0">
 </testsuite>
 <testsuite name="node_modules\wk-ots-domain-personalitem\services\annotation\operations\updateAnnotationAttributes.spec.js.osa.personalitem.service.annotation" timestamp="2016-12-09T16:17:53" hostname="localhost" time="4.051" errors="0" tests="1" skipped="0" disabled="0" failures="0">
  <testcase classname="node_modules\wk-ots-domain-personalitem\services\annotation\operations\updateAnnotationAttributes.spec.js.osa.personalitem.service.annotation" name=".updateAnnotationAttributes()" time="4.051" />
 </testsuite>
 <testsuite name="node_modules\wk-ots-domain-personalitem\services\annotation\operations\updateAnnotationLocation.spec.js" timestamp="2016-12-09T16:17:57" hostname="localhost" time="4.041" errors="0" tests="0" skipped="0" disabled="0" failures="0">
 </testsuite>
 <testsuite name="node_modules\wk-ots-domain-personalitem\services\annotation\operations\updateAnnotationLocation.spec.js.osa.personalitem.service.annotation" timestamp="2016-12-09T16:17:57" hostname="localhost" time="4.04" errors="0" tests="1" skipped="0" disabled="0" failures="0">
  <testcase classname="node_modules\wk-ots-domain-personalitem\services\annotation\operations\updateAnnotationLocation.spec.js.osa.personalitem.service.annotation" name=".updateAnnotationLocation()" time="4.04" />
 </testsuite>
 <testsuite name="node_modules\wk-ots-domain-personalitem\services\annotation\operations\updateAnnotationText.spec.js" timestamp="2016-12-09T16:18:01" hostname="localhost" time="3.037" errors="0" tests="0" skipped="0" disabled="0" failures="0">
 </testsuite>
 <testsuite name="node_modules\wk-ots-domain-personalitem\services\annotation\operations\updateAnnotationText.spec.js.osa.personalitem.service.annotation" timestamp="2016-12-09T16:18:01" hostname="localhost" time="3.037" errors="0" tests="1" skipped="0" disabled="0" failures="0">
  <testcase classname="node_modules\wk-ots-domain-personalitem\services\annotation\operations\updateAnnotationText.spec.js.osa.personalitem.service.annotation" name=".updateAnnotationText()" time="3.037" />
 </testsuite>
 <testsuite name="node_modules\wk-ots-domain-personalitem\services\favorite\operations\getUsersForFavorite.spec.js" timestamp="2016-12-09T16:18:04" hostname="localhost" time="1.011" errors="0" tests="0" skipped="0" disabled="0" failures="0">
 </testsuite>
 <testsuite name="node_modules\wk-ots-domain-personalitem\services\favorite\operations\getUsersForFavorite.spec.js.osa.personalitem.service.favorite" timestamp="2016-12-09T16:18:04" hostname="localhost" time="1.01" errors="0" tests="1" skipped="0" disabled="0" failures="0">
  <testcase classname="node_modules\wk-ots-domain-personalitem\services\favorite\operations\getUsersForFavorite.spec.js.osa.personalitem.service.favorite" name=".getUsersForFavorite()" time="1.01" />
 </testsuite>
 <testsuite name="node_modules\wk-ots-domain-personalitem\services\folder\operations\clearFolder.spec.js" timestamp="2016-12-09T16:18:05" hostname="localhost" time="5.046" errors="0" tests="0" skipped="0" disabled="0" failures="0">
 </testsuite>
 <testsuite name="node_modules\wk-ots-domain-personalitem\services\folder\operations\clearFolder.spec.js.osa.personalitem.service.folder" timestamp="2016-12-09T16:18:05" hostname="localhost" time="5.046" errors="0" tests="1" skipped="0" disabled="0" failures="0">
  <testcase classname="node_modules\wk-ots-domain-personalitem\services\folder\operations\clearFolder.spec.js.osa.personalitem.service.folder" name=".clearFolder()" time="5.046" />
 </testsuite>
 <testsuite name="node_modules\wk-ots-domain-personalitem\services\folder\operations\clearFolderOrder.spec.js" timestamp="2016-12-09T16:18:10" hostname="localhost" time="1.012" errors="0" tests="0" skipped="0" disabled="0" failures="0">
 </testsuite>
 <testsuite name="node_modules\wk-ots-domain-personalitem\services\folder\operations\clearFolderOrder.spec.js.osa.personalitem.service.folder" timestamp="2016-12-09T16:18:10" hostname="localhost" time="1.012" errors="0" tests="1" skipped="0" disabled="0" failures="0">
  <testcase classname="node_modules\wk-ots-domain-personalitem\services\folder\operations\clearFolderOrder.spec.js.osa.personalitem.service.folder" name=".clearFolderOrder()" time="1.012" />
 </testsuite>
 <testsuite name="node_modules\wk-ots-domain-personalitem\services\folder\operations\deleteItemsByEntryId.spec.js" timestamp="2016-12-09T16:18:11" hostname="localhost" time="6.087" errors="0" tests="0" skipped="0" disabled="0" failures="0">
 </testsuite>
 <testsuite name="node_modules\wk-ots-domain-personalitem\services\folder\operations\deleteItemsByEntryId.spec.js.osa.personalitem.service.folder" timestamp="2016-12-09T16:18:11" hostname="localhost" time="6.087" errors="0" tests="1" skipped="0" disabled="0" failures="0">
  <testcase classname="node_modules\wk-ots-domain-personalitem\services\folder\operations\deleteItemsByEntryId.spec.js.osa.personalitem.service.folder" name=".deleteItemsByEntryId()" time="6.086" />
 </testsuite>
 <testsuite name="node_modules\wk-ots-domain-personalitem\services\folder\operations\foldersContainingItem.spec.js" timestamp="2016-12-09T16:18:17" hostname="localhost" time="5.058" errors="0" tests="0" skipped="0" disabled="0" failures="0">
 </testsuite>
 <testsuite name="node_modules\wk-ots-domain-personalitem\services\folder\operations\foldersContainingItem.spec.js.osa.personalitem.service.folder" timestamp="2016-12-09T16:18:17" hostname="localhost" time="5.058" errors="0" tests="1" skipped="0" disabled="0" failures="0">
  <testcase classname="node_modules\wk-ots-domain-personalitem\services\folder\operations\foldersContainingItem.spec.js.osa.personalitem.service.folder" name=".foldersContainingItem()" time="5.058" />
 </testsuite>
 <testsuite name="node_modules\wk-ots-domain-personalitem\services\folder\operations\getAllItemsForUser.spec.js" timestamp="2016-12-09T16:18:22" hostname="localhost" time="5.051" errors="0" tests="0" skipped="0" disabled="0" failures="0">
 </testsuite>
 <testsuite name="node_modules\wk-ots-domain-personalitem\services\folder\operations\getAllItemsForUser.spec.js.osa.personalitem.service.folder" timestamp="2016-12-09T16:18:22" hostname="localhost" time="5.05" errors="0" tests="1" skipped="0" disabled="0" failures="0">
  <testcase classname="node_modules\wk-ots-domain-personalitem\services\folder\operations\getAllItemsForUser.spec.js.osa.personalitem.service.folder" name=".getAllItemsForUser()" time="5.05" />
 </testsuite>
 <testsuite name="node_modules\wk-ots-domain-personalitem\services\folder\operations\renameFolderItem.spec.js" timestamp="2016-12-09T16:18:27" hostname="localhost" time="6.076" errors="0" tests="0" skipped="0" disabled="0" failures="0">
 </testsuite>
 <testsuite name="node_modules\wk-ots-domain-personalitem\services\folder\operations\renameFolderItem.spec.js.osa.personalitem.service.folder" timestamp="2016-12-09T16:18:27" hostname="localhost" time="6.076" errors="0" tests="1" skipped="0" disabled="0" failures="0">
  <testcase classname="node_modules\wk-ots-domain-personalitem\services\folder\operations\renameFolderItem.spec.js.osa.personalitem.service.folder" name=".renameFolderItem()" time="6.076" />
 </testsuite>
 <testsuite name="node_modules\wk-ots-domain-personalitem\services\folder\operations\setFolderOrder.spec.js" timestamp="2016-12-09T16:18:33" hostname="localhost" time="3.061" errors="0" tests="0" skipped="0" disabled="0" failures="0">
 </testsuite>
 <testsuite name="node_modules\wk-ots-domain-personalitem\services\folder\operations\setFolderOrder.spec.js.osa.personalitem.service.folder" timestamp="2016-12-09T16:18:33" hostname="localhost" time="3.061" errors="0" tests="1" skipped="0" disabled="0" failures="0">
  <testcase classname="node_modules\wk-ots-domain-personalitem\services\folder\operations\setFolderOrder.spec.js.osa.personalitem.service.folder" name=".setFolderOrder()" time="3.059" />
 </testsuite>
 <testsuite name="node_modules\wk-ots-domain-personalitem\services\history\operations\clearHistory.spec.js" timestamp="2016-12-09T16:18:36" hostname="localhost" time="1.008" errors="0" tests="0" skipped="0" disabled="0" failures="0">
 </testsuite>
 <testsuite name="node_modules\wk-ots-domain-personalitem\services\history\operations\clearHistory.spec.js.osa.personalitem.service.history" timestamp="2016-12-09T16:18:36" hostname="localhost" time="1.008" errors="0" tests="1" skipped="0" disabled="0" failures="0">
  <testcase classname="node_modules\wk-ots-domain-personalitem\services\history\operations\clearHistory.spec.js.osa.personalitem.service.history" name=".clearHistory()" time="1.008" />
 </testsuite>
 <testsuite name="node_modules\wk-ots-domain-personalitem\services\history\operations\deleteHistoryItems.spec.js" timestamp="2016-12-09T16:18:37" hostname="localhost" time="1.008" errors="0" tests="0" skipped="0" disabled="0" failures="0">
 </testsuite>
 <testsuite name="node_modules\wk-ots-domain-personalitem\services\history\operations\deleteHistoryItems.spec.js.osa.personalitem.service.history" timestamp="2016-12-09T16:18:37" hostname="localhost" time="1.008" errors="0" tests="1" skipped="0" disabled="0" failures="0">
  <testcase classname="node_modules\wk-ots-domain-personalitem\services\history\operations\deleteHistoryItems.spec.js.osa.personalitem.service.history" name=".deleteHistoryItems()" time="1.007" />
 </testsuite>
 <testsuite name="node_modules\wk-ots-domain-personalitem\services\history\operations\restoreHistoryitems.spec.js" timestamp="2016-12-09T16:18:39" hostname="localhost" time="1.012" errors="0" tests="0" skipped="0" disabled="0" failures="0">
 </testsuite>
 <testsuite name="node_modules\wk-ots-domain-personalitem\services\history\operations\restoreHistoryitems.spec.js.osa.personalitem.service.history" timestamp="2016-12-09T16:18:39" hostname="localhost" time="1.012" errors="0" tests="1" skipped="0" disabled="0" failures="0">
  <testcase classname="node_modules\wk-ots-domain-personalitem\services\history\operations\restoreHistoryitems.spec.js.osa.personalitem.service.history" name=".restoreHistoryitems()" time="1.012" />
 </testsuite>
 <testsuite name="node_modules\wk-ots-domain-personalitem\services\linkEncoding\operations\createURI.spec.js" timestamp="2016-12-09T16:18:40" hostname="localhost" time="1.007" errors="0" tests="0" skipped="0" disabled="0" failures="0">
 </testsuite>
 <testsuite name="node_modules\wk-ots-domain-personalitem\services\linkEncoding\operations\createURI.spec.js.osa.personalitem.service.linkEncoding" timestamp="2016-12-09T16:18:40" hostname="localhost" time="1.007" errors="0" tests="1" skipped="0" disabled="0" failures="0">
  <testcase classname="node_modules\wk-ots-domain-personalitem\services\linkEncoding\operations\createURI.spec.js.osa.personalitem.service.linkEncoding" name=".createURI()" time="1.007" />
 </testsuite>
 <testsuite name="node_modules\wk-ots-domain-personalitem\services\linkEncoding\operations\resolveProductURIs.spec.js" timestamp="2016-12-09T16:18:41" hostname="localhost" time="1.011" errors="0" tests="0" skipped="0" disabled="0" failures="0">
 </testsuite>
 <testsuite name="node_modules\wk-ots-domain-personalitem\services\linkEncoding\operations\resolveProductURIs.spec.js.osa.personalitem.service.linkEncoding" timestamp="2016-12-09T16:18:41" hostname="localhost" time="1.011" errors="0" tests="1" skipped="0" disabled="0" failures="0">
  <testcase classname="node_modules\wk-ots-domain-personalitem\services\linkEncoding\operations\resolveProductURIs.spec.js.osa.personalitem.service.linkEncoding" name=".resolveProductURIs()" time="1.011" />
 </testsuite>
 <testsuite name="node_modules\wk-ots-domain-personalitem\services\linkEncoding\operations\resolveURI.spec.js" timestamp="2016-12-09T16:18:42" hostname="localhost" time="2.023" errors="0" tests="0" skipped="0" disabled="0" failures="0">
 </testsuite>
 <testsuite name="node_modules\wk-ots-domain-personalitem\services\linkEncoding\operations\resolveURI.spec.js.osa.personalitem.service.linkEncoding" timestamp="2016-12-09T16:18:42" hostname="localhost" time="2.023" errors="0" tests="1" skipped="0" disabled="0" failures="0">
  <testcase classname="node_modules\wk-ots-domain-personalitem\services\linkEncoding\operations\resolveURI.spec.js.osa.personalitem.service.linkEncoding" name=".resolveURI()" time="2.023" />
 </testsuite>
 <testsuite name="node_modules\wk-ots-domain-personalitem\services\personalItem\operations\clearPersonalItemOrder.spec.js" timestamp="2016-12-09T16:18:44" hostname="localhost" time="8.111" errors="0" tests="0" skipped="0" disabled="0" failures="0">
 </testsuite>
 <testsuite name="node_modules\wk-ots-domain-personalitem\services\personalItem\operations\clearPersonalItemOrder.spec.js.osa.personalitem.service.personalItem" timestamp="2016-12-09T16:18:44" hostname="localhost" time="8.111" errors="0" tests="1" skipped="0" disabled="0" failures="0">
  <testcase classname="node_modules\wk-ots-domain-personalitem\services\personalItem\operations\clearPersonalItemOrder.spec.js.osa.personalitem.service.personalItem" name=".clearPersonalItemOrder()" time="8.111" />
 </testsuite>
 <testsuite name="node_modules\wk-ots-domain-personalitem\services\personalItem\operations\emailPersonalItem.spec.js" timestamp="2016-12-09T16:18:52" hostname="localhost" time="1.013" errors="0" tests="0" skipped="0" disabled="0" failures="0">
 </testsuite>
 <testsuite name="node_modules\wk-ots-domain-personalitem\services\personalItem\operations\emailPersonalItem.spec.js.osa.personalitem.service.personalItem" timestamp="2016-12-09T16:18:52" hostname="localhost" time="1.013" errors="0" tests="1" skipped="0" disabled="0" failures="0">
  <testcase classname="node_modules\wk-ots-domain-personalitem\services\personalItem\operations\emailPersonalItem.spec.js.osa.personalitem.service.personalItem" name=".emailPersonalItem()" time="1.012" />
 </testsuite>
 <testsuite name="node_modules\wk-ots-domain-personalitem\services\personalItem\operations\getPersonalItemUrl.spec.js" timestamp="2016-12-09T16:18:53" hostname="localhost" time="5.054" errors="0" tests="0" skipped="0" disabled="0" failures="0">
 </testsuite>
 <testsuite name="node_modules\wk-ots-domain-personalitem\services\personalItem\operations\getPersonalItemUrl.spec.js.osa.personalitem.service.personalItem" timestamp="2016-12-09T16:18:53" hostname="localhost" time="5.054" errors="0" tests="1" skipped="0" disabled="0" failures="0">
  <testcase classname="node_modules\wk-ots-domain-personalitem\services\personalItem\operations\getPersonalItemUrl.spec.js.osa.personalitem.service.personalItem" name=".getPersonalItemUrl()" time="5.054" />
 </testsuite>
 <testsuite name="node_modules\wk-ots-domain-personalitem\services\personalItem\operations\searchTaggedPersonalItems.spec.js" timestamp="2016-12-09T16:18:58" hostname="localhost" time="1.015" errors="0" tests="0" skipped="0" disabled="0" failures="0">
 </testsuite>
 <testsuite name="node_modules\wk-ots-domain-personalitem\services\personalItem\operations\searchTaggedPersonalItems.spec.js.osa.personalitem.service.personalItem" timestamp="2016-12-09T16:18:58" hostname="localhost" time="1.015" errors="0" tests="1" skipped="0" disabled="0" failures="0">
  <testcase classname="node_modules\wk-ots-domain-personalitem\services\personalItem\operations\searchTaggedPersonalItems.spec.js.osa.personalitem.service.personalItem" name=".searchTaggedPersonalItems()" time="1.014" />
 </testsuite>
 <testsuite name="node_modules\wk-ots-domain-personalitem\services\personalItem\operations\sharePersonalItem.spec.js" timestamp="2016-12-09T16:18:59" hostname="localhost" time="3.032" errors="0" tests="0" skipped="0" disabled="0" failures="0">
 </testsuite>
 <testsuite name="node_modules\wk-ots-domain-personalitem\services\personalItem\operations\sharePersonalItem.spec.js.osa.personalitem.service.personalItem" timestamp="2016-12-09T16:18:59" hostname="localhost" time="3.032" errors="0" tests="1" skipped="0" disabled="0" failures="0">
  <testcase classname="node_modules\wk-ots-domain-personalitem\services\personalItem\operations\sharePersonalItem.spec.js.osa.personalitem.service.personalItem" name=".sharePersonalItem()" time="3.032" />
 </testsuite>
 <testsuite name="node_modules\wk-ots-domain-personalitem\services\personalItem\operations\tagPersonalItems.spec.js" timestamp="2016-12-09T16:19:02" hostname="localhost" time="5.053" errors="0" tests="0" skipped="0" disabled="0" failures="0">
 </testsuite>
 <testsuite name="node_modules\wk-ots-domain-personalitem\services\personalItem\operations\tagPersonalItems.spec.js.osa.personalitem.service.personalItem" timestamp="2016-12-09T16:19:02" hostname="localhost" time="5.053" errors="0" tests="1" skipped="0" disabled="0" failures="0">
  <testcase classname="node_modules\wk-ots-domain-personalitem\services\personalItem\operations\tagPersonalItems.spec.js.osa.personalitem.service.personalItem" name=".tagPersonalItems()" time="5.053" />
 </testsuite>
 <testsuite name="node_modules\wk-ots-domain-personalitem\services\personalItem\operations\unsharePersonalItem.spec.js" timestamp="2016-12-09T16:19:07" hostname="localhost" time="4.047" errors="0" tests="0" skipped="0" disabled="0" failures="0">
 </testsuite>
 <testsuite name="node_modules\wk-ots-domain-personalitem\services\personalItem\operations\unsharePersonalItem.spec.js.osa.personalitem.service.personalItem" timestamp="2016-12-09T16:19:07" hostname="localhost" time="4.041" errors="0" tests="1" skipped="0" disabled="0" failures="0">
  <testcase classname="node_modules\wk-ots-domain-personalitem\services\personalItem\operations\unsharePersonalItem.spec.js.osa.personalitem.service.personalItem" name=".unsharePersonalItem()" time="4.041" />
 </testsuite>
 <testsuite name="node_modules\wk-ots-domain-personalitem\services\personalItem\operations\untagPersonalItems.spec.js" timestamp="2016-12-09T16:19:11" hostname="localhost" time="6.077" errors="0" tests="0" skipped="0" disabled="0" failures="0">
 </testsuite>
 <testsuite name="node_modules\wk-ots-domain-personalitem\services\personalItem\operations\untagPersonalItems.spec.js.osa.personalitem.service.personalItem" timestamp="2016-12-09T16:19:11" hostname="localhost" time="6.077" errors="0" tests="1" skipped="0" disabled="0" failures="0">
  <testcase classname="node_modules\wk-ots-domain-personalitem\services\personalItem\operations\untagPersonalItems.spec.js.osa.personalitem.service.personalItem" name=".untagPersonalItems()" time="6.077" />
 </testsuite>
 <testsuite name="node_modules\wk-ots-domain-personalitem\services\preference\operations\getPreferences.spec.js" timestamp="2016-12-09T16:19:17" hostname="localhost" time="1.011" errors="0" tests="0" skipped="0" disabled="0" failures="0">
 </testsuite>
 <testsuite name="node_modules\wk-ots-domain-personalitem\services\preference\operations\getPreferences.spec.js.osa.personalitem.service.preference" timestamp="2016-12-09T16:19:17" hostname="localhost" time="1.01" errors="0" tests="1" skipped="0" disabled="0" failures="0">
  <testcase classname="node_modules\wk-ots-domain-personalitem\services\preference\operations\getPreferences.spec.js.osa.personalitem.service.preference" name=".getPreferences()" time="1.01" />
 </testsuite>
 <testsuite name="node_modules\wk-ots-domain-personalitem\services\preference\operations\getPreferencesForUsers.spec.js" timestamp="2016-12-09T16:19:18" hostname="localhost" time="1.013" errors="0" tests="0" skipped="0" disabled="0" failures="0">
 </testsuite>
 <testsuite name="node_modules\wk-ots-domain-personalitem\services\preference\operations\getPreferencesForUsers.spec.js.osa.personalitem.service.preference" timestamp="2016-12-09T16:19:18" hostname="localhost" time="1.013" errors="0" tests="1" skipped="0" disabled="0" failures="0">
  <testcase classname="node_modules\wk-ots-domain-personalitem\services\preference\operations\getPreferencesForUsers.spec.js.osa.personalitem.service.preference" name=".getPreferencesForUsers()" time="1.012" />
 </testsuite>
 <testsuite name="node_modules\wk-ots-domain-personalitem\services\sharing\operations\addUsersToSharingGroup.spec.js" timestamp="2016-12-09T16:19:19" hostname="localhost" time="3.03" errors="0" tests="0" skipped="0" disabled="0" failures="0">
 </testsuite>
 <testsuite name="node_modules\wk-ots-domain-personalitem\services\sharing\operations\addUsersToSharingGroup.spec.js.osa.personalitem.service.sharing" timestamp="2016-12-09T16:19:19" hostname="localhost" time="3.03" errors="0" tests="1" skipped="0" disabled="0" failures="0">
  <testcase classname="node_modules\wk-ots-domain-personalitem\services\sharing\operations\addUsersToSharingGroup.spec.js.osa.personalitem.service.sharing" name=".addUsersToSharingGroup()" time="3.03" />
 </testsuite>
 <testsuite name="node_modules\wk-ots-domain-personalitem\services\sharing\operations\removeUsersFromSharingGroup.spec.js" timestamp="2016-12-09T16:19:22" hostname="localhost" time="3.028" errors="0" tests="0" skipped="0" disabled="0" failures="0">
 </testsuite>
 <testsuite name="node_modules\wk-ots-domain-personalitem\services\sharing\operations\removeUsersFromSharingGroup.spec.js.osa.personalitem.service.sharing" timestamp="2016-12-09T16:19:22" hostname="localhost" time="3.028" errors="0" tests="1" skipped="0" disabled="0" failures="0">
  <testcase classname="node_modules\wk-ots-domain-personalitem\services\sharing\operations\removeUsersFromSharingGroup.spec.js.osa.personalitem.service.sharing" name=".removeUsersFromSharingGroup()" time="3.028" />
 </testsuite>
 <testsuite name="node_modules\wk-ots-domain-personalitem\services\sharing\operations\searchSharingGroups.spec.js" timestamp="2016-12-09T16:19:25" hostname="localhost" time="1.012" errors="0" tests="0" skipped="0" disabled="0" failures="0">
 </testsuite>
 <testsuite name="node_modules\wk-ots-domain-personalitem\services\sharing\operations\searchSharingGroups.spec.js.osa.personalitem.service.sharing" timestamp="2016-12-09T16:19:25" hostname="localhost" time="1.012" errors="0" tests="1" skipped="0" disabled="0" failures="0">
  <testcase classname="node_modules\wk-ots-domain-personalitem\services\sharing\operations\searchSharingGroups.spec.js.osa.personalitem.service.sharing" name=".searchSharingGroups()" time="1.011" />
 </testsuite>
 <testsuite name="node_modules\wk-ots-domain-personalitem\services\workspace\operations\clearSelectedWorkspace.spec.js" timestamp="2016-12-09T16:19:26" hostname="localhost" time="2.032" errors="0" tests="0" skipped="0" disabled="0" failures="0">
 </testsuite>
 <testsuite name="node_modules\wk-ots-domain-personalitem\services\workspace\operations\clearSelectedWorkspace.spec.js.osa.personalitem.service.workspace" timestamp="2016-12-09T16:19:26" hostname="localhost" time="2.032" errors="0" tests="1" skipped="0" disabled="0" failures="0">
  <testcase classname="node_modules\wk-ots-domain-personalitem\services\workspace\operations\clearSelectedWorkspace.spec.js.osa.personalitem.service.workspace" name=".clearSelectedWorkspace()" time="2.026" />
 </testsuite>
 <testsuite name="node_modules\wk-ots-domain-personalitem\services\workspace\operations\getSelectedWorkspace.spec.js" timestamp="2016-12-09T16:19:28" hostname="localhost" time="2.02" errors="0" tests="0" skipped="0" disabled="0" failures="0">
 </testsuite>
 <testsuite name="node_modules\wk-ots-domain-personalitem\services\workspace\operations\getSelectedWorkspace.spec.js.osa.personalitem.service.workspace" timestamp="2016-12-09T16:19:28" hostname="localhost" time="2.02" errors="0" tests="1" skipped="0" disabled="0" failures="0">
  <testcase classname="node_modules\wk-ots-domain-personalitem\services\workspace\operations\getSelectedWorkspace.spec.js.osa.personalitem.service.workspace" name=".getSelectedWorkspace()" time="2.02" />
 </testsuite>
 <testsuite name="node_modules\wk-ots-domain-personalitem\services\workspace\operations\setSelectedWorkspace.spec.js" timestamp="2016-12-09T16:19:30" hostname="localhost" time="1.008" errors="0" tests="0" skipped="0" disabled="0" failures="0">
 </testsuite>
 <testsuite name="node_modules\wk-ots-domain-personalitem\services\workspace\operations\setSelectedWorkspace.spec.js.osa.personalitem.service.workspace" timestamp="2016-12-09T16:19:30" hostname="localhost" time="1.008" errors="0" tests="1" skipped="0" disabled="0" failures="0">
  <testcase classname="node_modules\wk-ots-domain-personalitem\services\workspace\operations\setSelectedWorkspace.spec.js.osa.personalitem.service.workspace" name=".setSelectedWorkspace()" time="1.008" />
 </testsuite>
 <testsuite name="node_modules\wk-ots-domain-personalitem\services\workspace\operations\updateWorkspaceOrder.spec.js" timestamp="2016-12-09T16:19:31" hostname="localhost" time="1.008" errors="0" tests="0" skipped="0" disabled="0" failures="0">
 </testsuite>
 <testsuite name="node_modules\wk-ots-domain-personalitem\services\workspace\operations\updateWorkspaceOrder.spec.js.osa.personalitem.service.workspace" timestamp="2016-12-09T16:19:31" hostname="localhost" time="1.008" errors="0" tests="1" skipped="0" disabled="0" failures="0">
  <testcase classname="node_modules\wk-ots-domain-personalitem\services\workspace\operations\updateWorkspaceOrder.spec.js.osa.personalitem.service.workspace" name=".updateWorkspaceOrder()" time="1.008" />
 </testsuite>
 <testsuite name="node_modules\wk-ots-domain-query\services\query\operations\autocompletions.spec.js" timestamp="2016-12-09T16:19:32" hostname="localhost" time="1.055" errors="0" tests="0" skipped="0" disabled="0" failures="0">
 </testsuite>
 <testsuite name="node_modules\wk-ots-domain-query\services\query\operations\autocompletions.spec.js.osa.query.service.query" timestamp="2016-12-09T16:19:32" hostname="localhost" time="1.055" errors="0" tests="1" skipped="0" disabled="0" failures="0">
  <testcase classname="node_modules\wk-ots-domain-query\services\query\operations\autocompletions.spec.js.osa.query.service.query" name=".autocompletions()" time="1.055" />
 </testsuite>
 <testsuite name="node_modules\wk-ots-domain-query\services\query\operations\availableLanguages.spec.js" timestamp="2016-12-09T16:19:33" hostname="localhost" time="1.009" errors="0" tests="0" skipped="0" disabled="0" failures="0">
 </testsuite>
 <testsuite name="node_modules\wk-ots-domain-query\services\query\operations\availableLanguages.spec.js.osa.query.service.query" timestamp="2016-12-09T16:19:33" hostname="localhost" time="1.008" errors="0" tests="1" skipped="0" disabled="0" failures="0">
  <testcase classname="node_modules\wk-ots-domain-query\services\query\operations\availableLanguages.spec.js.osa.query.service.query" name=".availableLanguages()" time="1.008" />
 </testsuite>
 <testsuite name="node_modules\wk-ots-domain-query\services\query\operations\conceptSuggestions.spec.js" timestamp="2016-12-09T16:19:34" hostname="localhost" time="1.013" errors="0" tests="0" skipped="0" disabled="0" failures="0">
 </testsuite>
 <testsuite name="node_modules\wk-ots-domain-query\services\query\operations\conceptSuggestions.spec.js.osa.query.service.query" timestamp="2016-12-09T16:19:34" hostname="localhost" time="1.013" errors="0" tests="1" skipped="0" disabled="0" failures="0">
  <testcase classname="node_modules\wk-ots-domain-query\services\query\operations\conceptSuggestions.spec.js.osa.query.service.query" name=".conceptSuggestions()" time="1.013" />
 </testsuite>
 <testsuite name="node_modules\wk-ots-domain-query\services\query\operations\findConceptsInQuery.spec.js" timestamp="2016-12-09T16:19:35" hostname="localhost" time="1.021" errors="0" tests="0" skipped="0" disabled="0" failures="0">
 </testsuite>
 <testsuite name="node_modules\wk-ots-domain-query\services\query\operations\findConceptsInQuery.spec.js.osa.query.service.query" timestamp="2016-12-09T16:19:35" hostname="localhost" time="1.021" errors="0" tests="1" skipped="0" disabled="0" failures="0">
  <testcase classname="node_modules\wk-ots-domain-query\services\query\operations\findConceptsInQuery.spec.js.osa.query.service.query" name=".findConceptsInQuery()" time="1.021" />
 </testsuite>
 <testsuite name="node_modules\wk-ots-domain-query\services\query\operations\parseTree.spec.js" timestamp="2016-12-09T16:19:36" hostname="localhost" time="1.013" errors="0" tests="0" skipped="0" disabled="0" failures="0">
 </testsuite>
 <testsuite name="node_modules\wk-ots-domain-query\services\query\operations\parseTree.spec.js.osa.query.service.query" timestamp="2016-12-09T16:19:36" hostname="localhost" time="1.013" errors="0" tests="1" skipped="0" disabled="0" failures="0">
  <testcase classname="node_modules\wk-ots-domain-query\services\query\operations\parseTree.spec.js.osa.query.service.query" name=".parseTree()" time="1.013" />
 </testsuite>
 <testsuite name="node_modules\wk-ots-domain-query\services\query\operations\relatedConcepts.spec.js" timestamp="2016-12-09T16:19:37" hostname="localhost" time="1.016" errors="0" tests="0" skipped="0" disabled="0" failures="0">
 </testsuite>
 <testsuite name="node_modules\wk-ots-domain-query\services\query\operations\relatedConcepts.spec.js.osa.query.service.query" timestamp="2016-12-09T16:19:37" hostname="localhost" time="1.016" errors="0" tests="1" skipped="0" disabled="0" failures="0">
  <testcase classname="node_modules\wk-ots-domain-query\services\query\operations\relatedConcepts.spec.js.osa.query.service.query" name=".relatedConcepts()" time="1.016" />
 </testsuite>
 <testsuite name="node_modules\wk-ots-domain-query\services\query\operations\suggestSpelling.spec.js" timestamp="2016-12-09T16:19:38" hostname="localhost" time="1.01" errors="0" tests="0" skipped="0" disabled="0" failures="0">
 </testsuite>
 <testsuite name="node_modules\wk-ots-domain-query\services\query\operations\suggestSpelling.spec.js.osa.query.service.query" timestamp="2016-12-09T16:19:38" hostname="localhost" time="1.01" errors="0" tests="1" skipped="0" disabled="0" failures="0">
  <testcase classname="node_modules\wk-ots-domain-query\services\query\operations\suggestSpelling.spec.js.osa.query.service.query" name=".suggestSpellings()" time="1.01" />
 </testsuite>
 <testsuite name="node_modules\wk-ots-domain-research\services\filterTree\operations\getFilterTreeNodeExtendedMetadata.spec.js" timestamp="2016-12-09T16:19:39" hostname="localhost" time="1.01" errors="0" tests="0" skipped="0" disabled="0" failures="0">
 </testsuite>
 <testsuite name="node_modules\wk-ots-domain-research\services\filterTree\operations\getFilterTreeNodeExtendedMetadata.spec.js.osa.research.service.filterTree" timestamp="2016-12-09T16:19:39" hostname="localhost" time="1.01" errors="0" tests="1" skipped="0" disabled="0" failures="0">
  <testcase classname="node_modules\wk-ots-domain-research\services\filterTree\operations\getFilterTreeNodeExtendedMetadata.spec.js.osa.research.service.filterTree" name=".getFilterTreeNodeExtendedMetadata()" time="1.009" />
 </testsuite>
 <testsuite name="node_modules\wk-ots-domain-research\services\savedSearch\operations\rename.spec.js" timestamp="2016-12-09T16:19:40" hostname="localhost" time="5.062" errors="0" tests="0" skipped="0" disabled="0" failures="0">
 </testsuite>
 <testsuite name="node_modules\wk-ots-domain-research\services\savedSearch\operations\rename.spec.js.osa.research.service.savedSearch" timestamp="2016-12-09T16:19:40" hostname="localhost" time="5.062" errors="0" tests="1" skipped="0" disabled="0" failures="0">
  <testcase classname="node_modules\wk-ots-domain-research\services\savedSearch\operations\rename.spec.js.osa.research.service.savedSearch" name=".rename()" time="5.062" />
 </testsuite>
 <testsuite name="node_modules\wk-ots-domain-research\services\search\operations\citationSearch.spec.js" timestamp="2016-12-09T16:19:45" hostname="localhost" time="1.071" errors="0" tests="0" skipped="0" disabled="0" failures="0">
 </testsuite>
 <testsuite name="node_modules\wk-ots-domain-research\services\search\operations\citationSearch.spec.js.osa.research.service.search" timestamp="2016-12-09T16:19:45" hostname="localhost" time="1.067" errors="0" tests="1" skipped="0" disabled="0" failures="0">
  <testcase classname="node_modules\wk-ots-domain-research\services\search\operations\citationSearch.spec.js.osa.research.service.search" name=".citationSearch()" time="1.067" />
 </testsuite>
 <testsuite name="node_modules\wk-ots-domain-research\services\search\operations\executeSearch.spec.js" timestamp="2016-12-09T16:19:46" hostname="localhost" time="1.011" errors="0" tests="0" skipped="0" disabled="0" failures="0">
 </testsuite>
 <testsuite name="node_modules\wk-ots-domain-research\services\search\operations\executeSearch.spec.js.osa.research.service.search" timestamp="2016-12-09T16:19:46" hostname="localhost" time="1.011" errors="0" tests="1" skipped="0" disabled="0" failures="0">
  <testcase classname="node_modules\wk-ots-domain-research\services\search\operations\executeSearch.spec.js.osa.research.service.search" name=".executeSearch()" time="1.01" />
 </testsuite>
 <testsuite name="node_modules\wk-ots-domain-research\services\search\operations\getPathsForFilterNodes.spec.js" timestamp="2016-12-09T16:19:47" hostname="localhost" time="1.009" errors="0" tests="0" skipped="0" disabled="0" failures="0">
 </testsuite>
 <testsuite name="node_modules\wk-ots-domain-research\services\search\operations\getPathsForFilterNodes.spec.js.osa.research.service.search" timestamp="2016-12-09T16:19:47" hostname="localhost" time="1.009" errors="0" tests="1" skipped="0" disabled="0" failures="0">
  <testcase classname="node_modules\wk-ots-domain-research\services\search\operations\getPathsForFilterNodes.spec.js.osa.research.service.search" name=".getPathsForFilterNodes()" time="1.009" />
 </testsuite>
 <testsuite name="node_modules\wk-ots-domain-research\services\search\operations\identifyDocumentsInSearchResults.spec.js" timestamp="2016-12-09T16:19:48" hostname="localhost" time="2.023" errors="0" tests="0" skipped="0" disabled="0" failures="0">
 </testsuite>
 <testsuite name="node_modules\wk-ots-domain-research\services\search\operations\identifyDocumentsInSearchResults.spec.js.osa.research.service.search" timestamp="2016-12-09T16:19:48" hostname="localhost" time="2.023" errors="0" tests="1" skipped="0" disabled="0" failures="0">
  <testcase classname="node_modules\wk-ots-domain-research\services\search\operations\identifyDocumentsInSearchResults.spec.js.osa.research.service.search" name=".identifyDocumentsInSearchResults()" time="2.022" />
 </testsuite>
 <testsuite name="node_modules\wk-ots-domain-research\services\search\operations\refineSearch.spec.js" timestamp="2016-12-09T16:19:50" hostname="localhost" time="2.073" errors="0" tests="0" skipped="0" disabled="0" failures="0">
 </testsuite>
 <testsuite name="node_modules\wk-ots-domain-research\services\search\operations\refineSearch.spec.js.osa.research.service.search" timestamp="2016-12-09T16:19:50" hostname="localhost" time="2.073" errors="0" tests="1" skipped="0" disabled="0" failures="0">
  <testcase classname="node_modules\wk-ots-domain-research\services\search\operations\refineSearch.spec.js.osa.research.service.search" name=".refineSearch()" time="2.073" />
 </testsuite>
 <testsuite name="node_modules\wk-ots-domain-research\services\search\operations\save.spec.js" timestamp="2016-12-09T16:19:53" hostname="localhost" time="3.032" errors="0" tests="0" skipped="0" disabled="0" failures="0">
 </testsuite>
 <testsuite name="node_modules\wk-ots-domain-research\services\search\operations\save.spec.js.osa.research.service.search" timestamp="2016-12-09T16:19:53" hostname="localhost" time="3.032" errors="0" tests="1" skipped="0" disabled="0" failures="0">
  <testcase classname="node_modules\wk-ots-domain-research\services\search\operations\save.spec.js.osa.research.service.search" name=".save()" time="3.032" />
 </testsuite>
 <testsuite name="node_modules\wk-ots-domain-research\services\search\operations\searchForRelatedDocuments.spec.js" timestamp="2016-12-09T16:19:56" hostname="localhost" time="1.011" errors="0" tests="0" skipped="0" disabled="0" failures="0">
 </testsuite>
 <testsuite name="node_modules\wk-ots-domain-research\services\search\operations\searchForRelatedDocuments.spec.js.osa.research.service.search" timestamp="2016-12-09T16:19:56" hostname="localhost" time="1.011" errors="0" tests="1" skipped="0" disabled="0" failures="0">
  <testcase classname="node_modules\wk-ots-domain-research\services\search\operations\searchForRelatedDocuments.spec.js.osa.research.service.search" name=".searchForRelatedDocuments()" time="1.011" />
 </testsuite>
 <testsuite name="node_modules\wk-ots-domain-research\services\search\operations\trialPersistentSearch.spec.js" timestamp="2016-12-09T16:19:57" hostname="localhost" time="2.031" errors="0" tests="0" skipped="0" disabled="0" failures="0">
 </testsuite>
 <testsuite name="node_modules\wk-ots-domain-research\services\search\operations\trialPersistentSearch.spec.js.osa.research.service.search" timestamp="2016-12-09T16:19:57" hostname="localhost" time="2.031" errors="0" tests="1" skipped="0" disabled="0" failures="0">
  <testcase classname="node_modules\wk-ots-domain-research\services\search\operations\trialPersistentSearch.spec.js.osa.research.service.search" name=".trialPersistentSearch()" time="2.026" />
 </testsuite>
 <testsuite name="node_modules\wk-ots-domain-research\services\search\operations\trialSearch.spec.js" timestamp="2016-12-09T16:19:59" hostname="localhost" time="1.014" errors="0" tests="0" skipped="0" disabled="0" failures="0">
 </testsuite>
 <testsuite name="node_modules\wk-ots-domain-research\services\search\operations\trialSearch.spec.js.osa.research.service.search" timestamp="2016-12-09T16:19:59" hostname="localhost" time="1.014" errors="0" tests="1" skipped="0" disabled="0" failures="0">
  <testcase classname="node_modules\wk-ots-domain-research\services\search\operations\trialSearch.spec.js.osa.research.service.search" name=".trialSearch()" time="1.014" />
 </testsuite>
 <testsuite name="node_modules\wk-ots-domain-research\services\search\operations\validateCitations.spec.js" timestamp="2016-12-09T16:20:00" hostname="localhost" time="1.014" errors="0" tests="0" skipped="0" disabled="0" failures="0">
 </testsuite>
 <testsuite name="node_modules\wk-ots-domain-research\services\search\operations\validateCitations.spec.js.osa.research.service.search" timestamp="2016-12-09T16:20:00" hostname="localhost" time="1.014" errors="0" tests="1" skipped="0" disabled="0" failures="0">
  <testcase classname="node_modules\wk-ots-domain-research\services\search\operations\validateCitations.spec.js.osa.research.service.search" name=".validateCitations()" time="1.014" />
 </testsuite>
 <testsuite name="node_modules\wk-ots-domain-resource\services\content\operations\availableModules.spec.js" timestamp="2016-12-09T16:20:01" hostname="localhost" time="1.009" errors="0" tests="0" skipped="0" disabled="0" failures="0">
 </testsuite>
 <testsuite name="node_modules\wk-ots-domain-resource\services\content\operations\availableModules.spec.js.osa.resource.service" timestamp="2016-12-09T16:20:01" hostname="localhost" time="1.009" errors="0" tests="1" skipped="0" disabled="0" failures="0">
  <testcase classname="node_modules\wk-ots-domain-resource\services\content\operations\availableModules.spec.js.osa.resource.service" name=".availableModules()" time="1.008" />
 </testsuite>
 <testsuite name="node_modules\wk-ots-domain-resource\services\document\operations\emailDocument.spec.js" timestamp="2016-12-09T16:20:02" hostname="localhost" time="1.015" errors="0" tests="0" skipped="0" disabled="0" failures="0">
 </testsuite>
 <testsuite name="node_modules\wk-ots-domain-resource\services\document\operations\emailDocument.spec.js.osa.resource.service" timestamp="2016-12-09T16:20:02" hostname="localhost" time="1.015" errors="0" tests="1" skipped="0" disabled="0" failures="0">
  <testcase classname="node_modules\wk-ots-domain-resource\services\document\operations\emailDocument.spec.js.osa.resource.service" name=".emailDocument()" time="1.014" />
 </testsuite>
 <testsuite name="node_modules\wk-ots-domain-resource\services\document\operations\getDocumentInContext.spec.js" timestamp="2016-12-09T16:20:03" hostname="localhost" time="1.013" errors="0" tests="0" skipped="0" disabled="0" failures="0">
 </testsuite>
 <testsuite name="node_modules\wk-ots-domain-resource\services\document\operations\getDocumentInContext.spec.js.osa.resource.service" timestamp="2016-12-09T16:20:03" hostname="localhost" time="1.013" errors="0" tests="1" skipped="0" disabled="0" failures="0">
  <testcase classname="node_modules\wk-ots-domain-resource\services\document\operations\getDocumentInContext.spec.js.osa.resource.service" name=".getDocumentInContext()" time="1.013" />
 </testsuite>
 <testsuite name="node_modules\wk-ots-domain-resource\services\document\operations\getExtendedMetadata.spec.js" timestamp="2016-12-09T16:20:04" hostname="localhost" time="1.011" errors="0" tests="0" skipped="0" disabled="0" failures="0">
 </testsuite>
 <testsuite name="node_modules\wk-ots-domain-resource\services\document\operations\getExtendedMetadata.spec.js.osa.resource.service" timestamp="2016-12-09T16:20:04" hostname="localhost" time="1.011" errors="0" tests="1" skipped="0" disabled="0" failures="0">
  <testcase classname="node_modules\wk-ots-domain-resource\services\document\operations\getExtendedMetadata.spec.js.osa.resource.service" name=".getExtendedMetadata()" time="1.011" />
 </testsuite>
 <testsuite name="node_modules\wk-ots-domain-resource\services\document\operations\getOutboundLinks.spec.js" timestamp="2016-12-09T16:20:05" hostname="localhost" time="1.023" errors="0" tests="0" skipped="0" disabled="0" failures="0">
 </testsuite>
 <testsuite name="node_modules\wk-ots-domain-resource\services\document\operations\getOutboundLinks.spec.js.osa.resource.service" timestamp="2016-12-09T16:20:05" hostname="localhost" time="1.023" errors="0" tests="1" skipped="0" disabled="0" failures="0">
  <testcase classname="node_modules\wk-ots-domain-resource\services\document\operations\getOutboundLinks.spec.js.osa.resource.service" name=".getOutboundLinks()" time="1.023" />
 </testsuite>
 <testsuite name="node_modules\wk-ots-domain-resource\services\document\operations\getOutboundLinksForDocumentList.spec.js" timestamp="2016-12-09T16:20:06" hostname="localhost" time="1.01" errors="0" tests="0" skipped="0" disabled="0" failures="0">
 </testsuite>
 <testsuite name="node_modules\wk-ots-domain-resource\services\document\operations\getOutboundLinksForDocumentList.spec.js.osa.resource.service" timestamp="2016-12-09T16:20:06" hostname="localhost" time="1.009" errors="0" tests="1" skipped="0" disabled="0" failures="0">
  <testcase classname="node_modules\wk-ots-domain-resource\services\document\operations\getOutboundLinksForDocumentList.spec.js.osa.resource.service" name=".getOutboundLinksForDocumentList()" time="1.009" />
 </testsuite>
 <testsuite name="node_modules\wk-ots-domain-resource\services\document\operations\getPathsForContentNodes.spec.js" timestamp="2016-12-09T16:20:07" hostname="localhost" time="1.006" errors="0" tests="0" skipped="0" disabled="0" failures="0">
 </testsuite>
 <testsuite name="node_modules\wk-ots-domain-resource\services\document\operations\getPathsForContentNodes.spec.js.osa.resource.service" timestamp="2016-12-09T16:20:07" hostname="localhost" time="1.006" errors="0" tests="1" skipped="0" disabled="0" failures="0">
  <testcase classname="node_modules\wk-ots-domain-resource\services\document\operations\getPathsForContentNodes.spec.js.osa.resource.service" name=".getPathsForContentNodes()" time="1.006" />
 </testsuite>
 <testsuite name="node_modules\wk-ots-domain-resource\services\document\operations\getRelationships.spec.js" timestamp="2016-12-09T16:20:08" hostname="localhost" time="1.015" errors="0" tests="0" skipped="0" disabled="0" failures="0">
 </testsuite>
 <testsuite name="node_modules\wk-ots-domain-resource\services\document\operations\getRelationships.spec.js.osa.resource.service" timestamp="2016-12-09T16:20:08" hostname="localhost" time="1.015" errors="0" tests="1" skipped="0" disabled="0" failures="0">
  <testcase classname="node_modules\wk-ots-domain-resource\services\document\operations\getRelationships.spec.js.osa.resource.service" name=".getRelationships()" time="1.015" />
 </testsuite>
 <testsuite name="node_modules\wk-ots-domain-resource\services\document\operations\streamDocument.spec.js" timestamp="2016-12-09T16:20:09" hostname="localhost" time="1.013" errors="0" tests="0" skipped="0" disabled="0" failures="0">
 </testsuite>
 <testsuite name="node_modules\wk-ots-domain-resource\services\document\operations\streamDocument.spec.js.osa.resource.service" timestamp="2016-12-09T16:20:09" hostname="localhost" time="1.013" errors="0" tests="1" skipped="0" disabled="0" failures="0">
  <testcase classname="node_modules\wk-ots-domain-resource\services\document\operations\streamDocument.spec.js.osa.resource.service" name=".streamDocument()" time="1.013" />
 </testsuite>
 <testsuite name="node_modules\wk-ots-domain-resource\services\spooler\operations\deleteExpiredArtifacts.spec.js" timestamp="2016-12-09T16:20:10" hostname="localhost" time="1.008" errors="0" tests="0" skipped="0" disabled="0" failures="0">
 </testsuite>
 <testsuite name="node_modules\wk-ots-domain-resource\services\spooler\operations\deleteExpiredArtifacts.spec.js.osa.resource.service" timestamp="2016-12-09T16:20:10" hostname="localhost" time="1.008" errors="0" tests="1" skipped="0" disabled="0" failures="0">
  <testcase classname="node_modules\wk-ots-domain-resource\services\spooler\operations\deleteExpiredArtifacts.spec.js.osa.resource.service" name=".deleteExpiredArtifacts()" time="1.008" />
 </testsuite>
 <testsuite name="node_modules\wk-ots-domain-resource\services\spooler\operations\deleteUserArtifacts.spec.js" timestamp="2016-12-09T16:20:11" hostname="localhost" time="4.047" errors="0" tests="0" skipped="0" disabled="0" failures="0">
 </testsuite>
 <testsuite name="node_modules\wk-ots-domain-resource\services\spooler\operations\deleteUserArtifacts.spec.js.osa.resource.service" timestamp="2016-12-09T16:20:11" hostname="localhost" time="4.046" errors="0" tests="1" skipped="0" disabled="0" failures="0">
  <testcase classname="node_modules\wk-ots-domain-resource\services\spooler\operations\deleteUserArtifacts.spec.js.osa.resource.service" name=".deleteUserArtifacts()" time="4.046" />
 </testsuite>
 <testsuite name="node_modules\wk-ots-domain-resource\services\spooler\operations\resubmitSpoolerJob.spec.js" timestamp="2016-12-09T16:20:15" hostname="localhost" time="5.046" errors="0" tests="0" skipped="0" disabled="0" failures="0">
 </testsuite>
 <testsuite name="node_modules\wk-ots-domain-resource\services\spooler\operations\resubmitSpoolerJob.spec.js.osa.resource.service" timestamp="2016-12-09T16:20:15" hostname="localhost" time="5.046" errors="0" tests="1" skipped="0" disabled="0" failures="0">
  <testcase classname="node_modules\wk-ots-domain-resource\services\spooler\operations\resubmitSpoolerJob.spec.js.osa.resource.service" name=".resubmitSpoolerJob()" time="5.046" />
 </testsuite>
 <testsuite name="node_modules\wk-ots-domain-resource\services\tree\operations\getDocumentIdsForTreeNode.spec.js" timestamp="2016-12-09T16:20:20" hostname="localhost" time="1.011" errors="0" tests="0" skipped="0" disabled="0" failures="0">
 </testsuite>
 <testsuite name="node_modules\wk-ots-domain-resource\services\tree\operations\getDocumentIdsForTreeNode.spec.js.osa.resource.service" timestamp="2016-12-09T16:20:20" hostname="localhost" time="1.011" errors="0" tests="1" skipped="0" disabled="0" failures="0">
  <testcase classname="node_modules\wk-ots-domain-resource\services\tree\operations\getDocumentIdsForTreeNode.spec.js.osa.resource.service" name=".getDocumentIdsForTreeNode()" time="1.011" />
 </testsuite>
 <testsuite name="node_modules\wk-ots-domain-resource\services\tree\operations\getTreeNodeExtendedMetadata.spec.js" timestamp="2016-12-09T16:20:21" hostname="localhost" time="1.014" errors="0" tests="0" skipped="0" disabled="0" failures="0">
 </testsuite>
 <testsuite name="node_modules\wk-ots-domain-resource\services\tree\operations\getTreeNodeExtendedMetadata.spec.js.osa.resource.service" timestamp="2016-12-09T16:20:21" hostname="localhost" time="1.014" errors="0" tests="1" skipped="0" disabled="0" failures="0">
  <testcase classname="node_modules\wk-ots-domain-resource\services\tree\operations\getTreeNodeExtendedMetadata.spec.js.osa.resource.service" name=".getTreeNodeExtendedMetadata()" time="1.014" />
 </testsuite>
 <testsuite name="node_modules\wk-ots-domain-search\services\document\operations\add.spec.js" timestamp="2016-12-09T16:20:22" hostname="localhost" time="2.024" errors="0" tests="0" skipped="0" disabled="0" failures="0">
 </testsuite>
 <testsuite name="node_modules\wk-ots-domain-search\services\document\operations\add.spec.js.osa.search.service.document" timestamp="2016-12-09T16:20:22" hostname="localhost" time="2.023" errors="0" tests="1" skipped="0" disabled="0" failures="0">
  <testcase classname="node_modules\wk-ots-domain-search\services\document\operations\add.spec.js.osa.search.service.document" name=".add()" time="2.023" />
 </testsuite>
 <testsuite name="node_modules\wk-ots-domain-search\services\document\operations\remove.spec.js" timestamp="2016-12-09T16:20:24" hostname="localhost" time="2.013" errors="0" tests="0" skipped="0" disabled="0" failures="0">
 </testsuite>
 <testsuite name="node_modules\wk-ots-domain-search\services\document\operations\remove.spec.js.osa.search.service.document" timestamp="2016-12-09T16:20:24" hostname="localhost" time="2.013" errors="0" tests="1" skipped="0" disabled="0" failures="0">
  <testcase classname="node_modules\wk-ots-domain-search\services\document\operations\remove.spec.js.osa.search.service.document" name=".remove()" time="2.013" />
 </testsuite>
 <testsuite name="node_modules\wk-ots-domain-search\services\search\operations\executeQuery.spec.js" timestamp="2016-12-09T16:20:26" hostname="localhost" time="1.011" errors="0" tests="0" skipped="0" disabled="0" failures="0">
 </testsuite>
 <testsuite name="node_modules\wk-ots-domain-search\services\search\operations\executeQuery.spec.js.osa.search.service.search" timestamp="2016-12-09T16:20:26" hostname="localhost" time="1.011" errors="0" tests="1" skipped="0" disabled="0" failures="0">
  <testcase classname="node_modules\wk-ots-domain-search\services\search\operations\executeQuery.spec.js.osa.search.service.search" name=".executeQuery()" time="1.011" />
 </testsuite>
 <testsuite name="node_modules\wk-ots-domain-search\services\search\operations\executeQueryFromTree.spec.js" timestamp="2016-12-09T16:20:27" hostname="localhost" time="1.018" errors="0" tests="0" skipped="0" disabled="0" failures="0">
 </testsuite>
 <testsuite name="node_modules\wk-ots-domain-search\services\search\operations\executeQueryFromTree.spec.js.osa.search.service.search" timestamp="2016-12-09T16:20:27" hostname="localhost" time="1.018" errors="0" tests="1" skipped="0" disabled="0" failures="0">
  <testcase classname="node_modules\wk-ots-domain-search\services\search\operations\executeQueryFromTree.spec.js.osa.search.service.search" name=".executeQueryFromTree()" time="1.012" />
 </testsuite>
 <testsuite name="node_modules\wk-ots-domain-search\services\search\operations\highlightDocument.spec.js" timestamp="2016-12-09T16:20:28" hostname="localhost" time="1.01" errors="0" tests="0" skipped="0" disabled="0" failures="0">
 </testsuite>
 <testsuite name="node_modules\wk-ots-domain-search\services\search\operations\highlightDocument.spec.js.osa.search.service.search" timestamp="2016-12-09T16:20:28" hostname="localhost" time="1.01" errors="0" tests="1" skipped="0" disabled="0" failures="0">
  <testcase classname="node_modules\wk-ots-domain-search\services\search\operations\highlightDocument.spec.js.osa.search.service.search" name=".highlightDocument()" time="1.01" />
 </testsuite>
 <testsuite name="node_modules\wk-ots-domain-search\services\search\operations\highlightDocumentFromTree.spec.js" timestamp="2016-12-09T16:20:29" hostname="localhost" time="1.013" errors="0" tests="0" skipped="0" disabled="0" failures="0">
 </testsuite>
 <testsuite name="node_modules\wk-ots-domain-search\services\search\operations\highlightDocumentFromTree.spec.js.osa.search.service.search" timestamp="2016-12-09T16:20:29" hostname="localhost" time="1.013" errors="0" tests="1" skipped="0" disabled="0" failures="0">
  <testcase classname="node_modules\wk-ots-domain-search\services\search\operations\highlightDocumentFromTree.spec.js.osa.search.service.search" name=".highlightDocumentFromTree()" time="1.012" />
 </testsuite>
 <testsuite name="node_modules\wk-ots-domain-topic\services\topicService\operations\lookupTopics.spec.js" timestamp="2016-12-09T16:20:30" hostname="localhost" time="1.013" errors="0" tests="0" skipped="0" disabled="0" failures="0">
 </testsuite>
 <testsuite name="node_modules\wk-ots-domain-topic\services\topicService\operations\lookupTopics.spec.js.osa.topic.service.topicService" timestamp="2016-12-09T16:20:30" hostname="localhost" time="1.013" errors="0" tests="1" skipped="0" disabled="0" failures="0">
  <testcase classname="node_modules\wk-ots-domain-topic\services\topicService\operations\lookupTopics.spec.js.osa.topic.service.topicService" name=".lookupTopics()" time="1.013" />
 </testsuite>
 <testsuite name="node_modules\wk-ots-domain-topic\services\topicService\operations\previewTopic.spec.js" timestamp="2016-12-09T16:20:31" hostname="localhost" time="2.017" errors="0" tests="0" skipped="0" disabled="0" failures="0">
 </testsuite>
 <testsuite name="node_modules\wk-ots-domain-topic\services\topicService\operations\previewTopic.spec.js.osa.topic.service.topicService" timestamp="2016-12-09T16:20:31" hostname="localhost" time="2.017" errors="0" tests="1" skipped="0" disabled="0" failures="0">
  <testcase classname="node_modules\wk-ots-domain-topic\services\topicService\operations\previewTopic.spec.js.osa.topic.service.topicService" name=".previewTopic()" time="2.017" />
 </testsuite>
 <testsuite name="node_modules\wk-ots-domain-topic\services\topicService\operations\previewTopicSet.spec.js" timestamp="2016-12-09T16:20:33" hostname="localhost" time="2.019" errors="0" tests="0" skipped="0" disabled="0" failures="0">
 </testsuite>
 <testsuite name="node_modules\wk-ots-domain-topic\services\topicService\operations\previewTopicSet.spec.js.osa.topic.service.topicService" timestamp="2016-12-09T16:20:33" hostname="localhost" time="2.019" errors="0" tests="1" skipped="0" disabled="0" failures="0">
  <testcase classname="node_modules\wk-ots-domain-topic\services\topicService\operations\previewTopicSet.spec.js.osa.topic.service.topicService" name=".previewTopicSet()" time="2.019" />
 </testsuite>
 <testsuite name="node_modules\wk-ots-domain-topic\services\topicService\operations\regenerateEntity.spec.js" timestamp="2016-12-09T16:20:35" hostname="localhost" time="1.015" errors="0" tests="0" skipped="0" disabled="0" failures="0">
 </testsuite>
 <testsuite name="node_modules\wk-ots-domain-topic\services\topicService\operations\regenerateEntity.spec.js.osa.topic.service.topicService" timestamp="2016-12-09T16:20:35" hostname="localhost" time="1.015" errors="0" tests="1" skipped="0" disabled="0" failures="0">
  <testcase classname="node_modules\wk-ots-domain-topic\services\topicService\operations\regenerateEntity.spec.js.osa.topic.service.topicService" name=".regenerateEntity()" time="1.015" />
 </testsuite>
</testsuites>